17/10/2018 13:35:52 - ds_cv_run4 - INFO - X_train_ids.shape: (3503,)
17/10/2018 13:35:52 - ds_cv_run4 - INFO - X_val_ids.shape: (497,)
17/10/2018 13:35:52 - ds_cv_run4 - INFO - np.sum(X_train_ids): 7072853
17/10/2018 13:35:52 - ds_cv_run4 - INFO - np.sum(X_val_ids): 925147
17/10/2018 13:35:56 - ds_cv_run4 - INFO - ds_cv_run4, based on salt_model_v41_deep_supervision. 8 folds CV. CV 4. Lavosz loss set to 0.5
17/10/2018 13:36:11 - ds_cv_run4 - INFO - 
p = Pipeline_Salt()
p.flip_left_right(probability=0.5)
p.rotate90(0.25)
p.rotate270(0.25)
p.random_brightness(probability=0.5, min_factor=0.8, max_factor=1.2)
p.random_contrast(probability=0.5, min_factor=0.8, max_factor=1.2)
p.rotate_random_align(probability=0.5)
p.crop_random_align(probability=0.5, min_factor=0.6, max_factor=1.0, mask_diff_pct=0.2)

17/10/2018 13:36:11 - ds_cv_run4 - INFO - 
train_data_params = {'batch_size': 32,
                     #'sampler': weighted_sampler,
                     'shuffle': True,
                     'drop_last': False}

val_data_params = {'batch_size': 64,
                   'shuffle': True,
                   'drop_last': False}

train_dataLoader = (
    DataLoader(SaltDataset(X_train, y_train, depth_train,
                           np.zeros_like(X_train_mean_img), out_size=128,  out_ch=1,
                           transform=p.torch_transform()), **train_data_params)
)

val_dataLoader = (
    DataLoader(SaltDataset(X_val, y_val, depth_val, 
                           np.zeros_like(X_train_mean_img), out_size=128, out_ch=1), **val_data_params)
)

dataloaders = {'train': train_dataLoader, 'val':val_dataLoader}

17/10/2018 13:36:11 - ds_cv_run4 - INFO - 
saltnet = UResNet(pretrained=True)
loss_lovasz_hinge = TripleLovaszLoss()
loss_fn_bce = TripleBCELoss(1, 0.2, 0.5)

optimizer = optim.Adam(saltnet.parameters(), lr=2e-4, weight_decay=0.0001)

#scheduler = torch.optim.lr_scheduler.ReduceLROnPlateau(optimizer, mode='min', factor=0.5, patience=5, verbose=True, threshold=0.0001, min_lr=0.00001)
scheduler = PolyLR(optimizer, [2e-4], lr_decay_iter=1, max_iter=150, power=0.9)
model_save_name = model_file_suffix
log.info(model_save_name)

17/10/2018 13:36:11 - ds_cv_run4 - INFO - 
train_params = {
    'model_save_name': model_save_name,
    'save_model_every': 10,
    'save_log_every': 4,
    'num_epochs': 150,
    'log': log,
    'mask_cutoff': 0.,
    'model_save_iou_threshold': 0.82
    }

17/10/2018 13:36:11 - ds_cv_run4 - INFO - 
train_model_ds(saltnet, dataloaders, (loss_fn_bce, loss_lovasz_hinge), (1, 0.5), optimizer, scheduler, train_params, all_data)

17/10/2018 13:36:13 - ds_cv_run4 - INFO - ../salt_net/ds_cv_run4_2018_10_18_00_35_43.ckp
17/10/2018 13:36:13 - ds_cv_run4 - INFO - Start Training...
17/10/2018 13:36:13 - ds_cv_run4 - INFO - ({'train': <torch.utils.data.dataloader.DataLoader object at 0x7fc9907232b0>, 'val': <torch.utils.data.dataloader.DataLoader object at 0x7fc990723208>}, (TripleBCELoss(), TripleLovaszLoss()), (1, 0.5), Adam (
Parameter Group 0
    amsgrad: False
    betas: (0.9, 0.999)
    eps: 1e-08
    lr: 0.0002
    weight_decay: 0.0001
), <salt_func_lib.PolyLR object at 0x7fc9900bdb38>, {'model_save_name': '../salt_net/ds_cv_run4_2018_10_18_00_35_43.ckp', 'save_model_every': 10, 'save_log_every': 4, 'num_epochs': 150, 'log': <Logger ds_cv_run4 (DEBUG)>, 'mask_cutoff': 0.0, 'model_save_iou_threshold': 0.82})
17/10/2018 13:36:16 - ds_cv_run4 - INFO - Epoch 1/150
17/10/2018 13:36:16 - ds_cv_run4 - INFO - --------------------
17/10/2018 13:40:46 - ds_cv_run4 - INFO - Train IOU: 0.4859, Acc: 0.7820, Loss: [1.0552, 0.4491, 1.5043] at epoch 1
17/10/2018 13:40:58 - ds_cv_run4 - INFO - ['../salt_net/ds_cv_run4_2018_10_18_00_35_43.ckp-chunk-1-Of-10', '../salt_net/ds_cv_run4_2018_10_18_00_35_43.ckp-chunk-2-Of-10', '../salt_net/ds_cv_run4_2018_10_18_00_35_43.ckp-chunk-3-Of-10', '../salt_net/ds_cv_run4_2018_10_18_00_35_43.ckp-chunk-4-Of-10', '../salt_net/ds_cv_run4_2018_10_18_00_35_43.ckp-chunk-5-Of-10', '../salt_net/ds_cv_run4_2018_10_18_00_35_43.ckp-chunk-6-Of-10', '../salt_net/ds_cv_run4_2018_10_18_00_35_43.ckp-chunk-7-Of-10', '../salt_net/ds_cv_run4_2018_10_18_00_35_43.ckp-chunk-8-Of-10', '../salt_net/ds_cv_run4_2018_10_18_00_35_43.ckp-chunk-9-Of-10', '../salt_net/ds_cv_run4_2018_10_18_00_35_43.ckp-chunk-10-Of-10']
17/10/2018 13:40:58 - ds_cv_run4 - INFO - Best Val Mean IOU so far: 0.5633802816901409
17/10/2018 13:40:58 - ds_cv_run4 - INFO - Val   IOU: 0.5634, Acc: 0.8679, Best Val IOU: 0.5634 at epoch 1
17/10/2018 13:40:58 - ds_cv_run4 - INFO - LR: [0.0001988]
17/10/2018 13:40:58 - ds_cv_run4 - INFO - Epoch 2/150
17/10/2018 13:40:58 - ds_cv_run4 - INFO - --------------------
17/10/2018 13:45:30 - ds_cv_run4 - INFO - Train IOU: 0.5548, Acc: 0.8555, Loss: [0.9268, 0.4144, 1.3412] at epoch 2
17/10/2018 13:45:42 - ds_cv_run4 - INFO - ['../salt_net/ds_cv_run4_2018_10_18_00_35_43.ckp-chunk-1-Of-10', '../salt_net/ds_cv_run4_2018_10_18_00_35_43.ckp-chunk-2-Of-10', '../salt_net/ds_cv_run4_2018_10_18_00_35_43.ckp-chunk-3-Of-10', '../salt_net/ds_cv_run4_2018_10_18_00_35_43.ckp-chunk-4-Of-10', '../salt_net/ds_cv_run4_2018_10_18_00_35_43.ckp-chunk-5-Of-10', '../salt_net/ds_cv_run4_2018_10_18_00_35_43.ckp-chunk-6-Of-10', '../salt_net/ds_cv_run4_2018_10_18_00_35_43.ckp-chunk-7-Of-10', '../salt_net/ds_cv_run4_2018_10_18_00_35_43.ckp-chunk-8-Of-10', '../salt_net/ds_cv_run4_2018_10_18_00_35_43.ckp-chunk-9-Of-10', '../salt_net/ds_cv_run4_2018_10_18_00_35_43.ckp-chunk-10-Of-10']
17/10/2018 13:45:42 - ds_cv_run4 - INFO - Best Val Mean IOU so far: 0.6152917505030181
17/10/2018 13:45:42 - ds_cv_run4 - INFO - Val   IOU: 0.6153, Acc: 0.9014, Best Val IOU: 0.6153 at epoch 2
17/10/2018 13:45:42 - ds_cv_run4 - INFO - LR: [0.0001976]
17/10/2018 13:45:42 - ds_cv_run4 - INFO - Epoch 3/150
17/10/2018 13:45:42 - ds_cv_run4 - INFO - --------------------
17/10/2018 13:50:13 - ds_cv_run4 - INFO - Train IOU: 0.6023, Acc: 0.8679, Loss: [0.8706, 0.3778, 1.2484] at epoch 3
17/10/2018 13:50:25 - ds_cv_run4 - INFO - ['../salt_net/ds_cv_run4_2018_10_18_00_35_43.ckp-chunk-1-Of-10', '../salt_net/ds_cv_run4_2018_10_18_00_35_43.ckp-chunk-2-Of-10', '../salt_net/ds_cv_run4_2018_10_18_00_35_43.ckp-chunk-3-Of-10', '../salt_net/ds_cv_run4_2018_10_18_00_35_43.ckp-chunk-4-Of-10', '../salt_net/ds_cv_run4_2018_10_18_00_35_43.ckp-chunk-5-Of-10', '../salt_net/ds_cv_run4_2018_10_18_00_35_43.ckp-chunk-6-Of-10', '../salt_net/ds_cv_run4_2018_10_18_00_35_43.ckp-chunk-7-Of-10', '../salt_net/ds_cv_run4_2018_10_18_00_35_43.ckp-chunk-8-Of-10', '../salt_net/ds_cv_run4_2018_10_18_00_35_43.ckp-chunk-9-Of-10', '../salt_net/ds_cv_run4_2018_10_18_00_35_43.ckp-chunk-10-Of-10']
17/10/2018 13:50:25 - ds_cv_run4 - INFO - Best Val Mean IOU so far: 0.6794768611670021
17/10/2018 13:50:25 - ds_cv_run4 - INFO - Val   IOU: 0.6795, Acc: 0.9075, Best Val IOU: 0.6795 at epoch 3
17/10/2018 13:50:25 - ds_cv_run4 - INFO - LR: [0.0001964]
17/10/2018 13:50:25 - ds_cv_run4 - INFO - Epoch 4/150
17/10/2018 13:50:25 - ds_cv_run4 - INFO - --------------------
17/10/2018 13:50:25 - ds_cv_run4 - INFO - Pushing logs to git.
17/10/2018 13:55:18 - ds_cv_run4 - INFO - Train IOU: 0.6295, Acc: 0.8794, Loss: [0.8279, 0.3507, 1.1786] at epoch 4
17/10/2018 13:55:30 - ds_cv_run4 - INFO - ['../salt_net/ds_cv_run4_2018_10_18_00_35_43.ckp-chunk-1-Of-10', '../salt_net/ds_cv_run4_2018_10_18_00_35_43.ckp-chunk-2-Of-10', '../salt_net/ds_cv_run4_2018_10_18_00_35_43.ckp-chunk-3-Of-10', '../salt_net/ds_cv_run4_2018_10_18_00_35_43.ckp-chunk-4-Of-10', '../salt_net/ds_cv_run4_2018_10_18_00_35_43.ckp-chunk-5-Of-10', '../salt_net/ds_cv_run4_2018_10_18_00_35_43.ckp-chunk-6-Of-10', '../salt_net/ds_cv_run4_2018_10_18_00_35_43.ckp-chunk-7-Of-10', '../salt_net/ds_cv_run4_2018_10_18_00_35_43.ckp-chunk-8-Of-10', '../salt_net/ds_cv_run4_2018_10_18_00_35_43.ckp-chunk-9-Of-10', '../salt_net/ds_cv_run4_2018_10_18_00_35_43.ckp-chunk-10-Of-10']
17/10/2018 13:55:30 - ds_cv_run4 - INFO - Best Val Mean IOU so far: 0.7056338028169014
17/10/2018 13:55:30 - ds_cv_run4 - INFO - Val   IOU: 0.7056, Acc: 0.9276, Best Val IOU: 0.7056 at epoch 4
17/10/2018 13:55:30 - ds_cv_run4 - INFO - LR: [0.0001952]
17/10/2018 13:55:30 - ds_cv_run4 - INFO - Epoch 5/150
17/10/2018 13:55:30 - ds_cv_run4 - INFO - --------------------
17/10/2018 14:00:02 - ds_cv_run4 - INFO - Train IOU: 0.6452, Acc: 0.8809, Loss: [0.7963, 0.3392, 1.1354] at epoch 5
17/10/2018 14:00:11 - ds_cv_run4 - INFO - Val   IOU: 0.6386, Acc: 0.8970, Best Val IOU: 0.7056 at epoch 5
17/10/2018 14:00:11 - ds_cv_run4 - INFO - LR: [0.000194]
17/10/2018 14:00:11 - ds_cv_run4 - INFO - Epoch 6/150
17/10/2018 14:00:11 - ds_cv_run4 - INFO - --------------------
17/10/2018 14:04:42 - ds_cv_run4 - INFO - Train IOU: 0.6603, Acc: 0.8922, Loss: [0.7751, 0.3293, 1.1044] at epoch 6
17/10/2018 14:04:51 - ds_cv_run4 - INFO - Val   IOU: 0.7008, Acc: 0.9299, Best Val IOU: 0.7056 at epoch 6
17/10/2018 14:04:51 - ds_cv_run4 - INFO - LR: [0.0001928]
17/10/2018 14:04:51 - ds_cv_run4 - INFO - Epoch 7/150
17/10/2018 14:04:51 - ds_cv_run4 - INFO - --------------------
17/10/2018 14:09:22 - ds_cv_run4 - INFO - Train IOU: 0.6790, Acc: 0.9004, Loss: [0.7593, 0.3176, 1.0769] at epoch 7
17/10/2018 14:09:34 - ds_cv_run4 - INFO - ['../salt_net/ds_cv_run4_2018_10_18_00_35_43.ckp-chunk-1-Of-10', '../salt_net/ds_cv_run4_2018_10_18_00_35_43.ckp-chunk-2-Of-10', '../salt_net/ds_cv_run4_2018_10_18_00_35_43.ckp-chunk-3-Of-10', '../salt_net/ds_cv_run4_2018_10_18_00_35_43.ckp-chunk-4-Of-10', '../salt_net/ds_cv_run4_2018_10_18_00_35_43.ckp-chunk-5-Of-10', '../salt_net/ds_cv_run4_2018_10_18_00_35_43.ckp-chunk-6-Of-10', '../salt_net/ds_cv_run4_2018_10_18_00_35_43.ckp-chunk-7-Of-10', '../salt_net/ds_cv_run4_2018_10_18_00_35_43.ckp-chunk-8-Of-10', '../salt_net/ds_cv_run4_2018_10_18_00_35_43.ckp-chunk-9-Of-10', '../salt_net/ds_cv_run4_2018_10_18_00_35_43.ckp-chunk-10-Of-10']
17/10/2018 14:09:34 - ds_cv_run4 - INFO - Best Val Mean IOU so far: 0.741851106639839
17/10/2018 14:09:34 - ds_cv_run4 - INFO - Val   IOU: 0.7419, Acc: 0.9478, Best Val IOU: 0.7419 at epoch 7
17/10/2018 14:09:34 - ds_cv_run4 - INFO - LR: [0.0001916]
17/10/2018 14:09:34 - ds_cv_run4 - INFO - Epoch 8/150
17/10/2018 14:09:34 - ds_cv_run4 - INFO - --------------------
17/10/2018 14:09:34 - ds_cv_run4 - INFO - Pushing logs to git.
