17/10/2018 13:52:40 - ds_cv_run7 - INFO - X_train_ids.shape: (3504,)
17/10/2018 13:52:40 - ds_cv_run7 - INFO - X_val_ids.shape: (496,)
17/10/2018 13:52:40 - ds_cv_run7 - INFO - np.sum(X_train_ids): 7027265
17/10/2018 13:52:40 - ds_cv_run7 - INFO - np.sum(X_val_ids): 970735
17/10/2018 13:52:43 - ds_cv_run7 - INFO - ds_cv_run7, based on salt_model_v41_deep_supervision. 8 folds CV. CV 1. Image loss set to 0.2
17/10/2018 13:54:37 - ds_cv_run7 - INFO - ds_cv_run7, based on salt_model_v41_deep_supervision. 8 folds CV. CV 7. Image loss set to 0.3
17/10/2018 13:55:00 - ds_cv_run7 - INFO - 
p = Pipeline_Salt()
p.flip_left_right(probability=0.5)
p.rotate90(0.25)
p.rotate270(0.25)
p.random_brightness(probability=0.5, min_factor=0.8, max_factor=1.2)
p.random_contrast(probability=0.5, min_factor=0.8, max_factor=1.2)
p.rotate_random_align(probability=0.5)
p.crop_random_align(probability=0.5, min_factor=0.6, max_factor=1.0, mask_diff_pct=0.2)

17/10/2018 13:55:00 - ds_cv_run7 - INFO - 
train_data_params = {'batch_size': 32,
                     #'sampler': weighted_sampler,
                     'shuffle': True,
                     'drop_last': False}

val_data_params = {'batch_size': 64,
                   'shuffle': True,
                   'drop_last': False}

train_dataLoader = (
    DataLoader(SaltDataset(X_train, y_train, depth_train,
                           np.zeros_like(X_train_mean_img), out_size=128,  out_ch=1,
                           transform=p.torch_transform()), **train_data_params)
)

val_dataLoader = (
    DataLoader(SaltDataset(X_val, y_val, depth_val, 
                           np.zeros_like(X_train_mean_img), out_size=128, out_ch=1), **val_data_params)
)

dataloaders = {'train': train_dataLoader, 'val':val_dataLoader}

17/10/2018 13:55:00 - ds_cv_run7 - INFO - 
saltnet = UResNet(pretrained=True)
loss_lovasz_hinge = TripleLovaszLoss()
loss_fn_bce = TripleBCELoss(1, 0.3, 0.5)

optimizer = optim.Adam(saltnet.parameters(), lr=2e-4, weight_decay=0.0001)

#scheduler = torch.optim.lr_scheduler.ReduceLROnPlateau(optimizer, mode='min', factor=0.5, patience=5, verbose=True, threshold=0.0001, min_lr=0.00001)
scheduler = PolyLR(optimizer, [2e-4], lr_decay_iter=1, max_iter=150, power=0.9)
model_save_name = model_file_suffix
log.info(model_save_name)

17/10/2018 13:55:00 - ds_cv_run7 - INFO - 
train_params = {
    'model_save_name': model_save_name,
    'save_model_every': 10,
    'save_log_every': 4,
    'num_epochs': 150,
    'log': log,
    'mask_cutoff': 0.,
    'model_save_iou_threshold': 0.82
    }

17/10/2018 13:55:00 - ds_cv_run7 - INFO - 
train_model_ds(saltnet, dataloaders, (loss_fn_bce, loss_lovasz_hinge), (1, 0.3), optimizer, scheduler, train_params, all_data)

17/10/2018 13:55:03 - ds_cv_run7 - INFO - ../salt_net/ds_cv_run7_2018_10_18_00_52_29.ckp
17/10/2018 13:55:03 - ds_cv_run7 - INFO - Start Training...
17/10/2018 13:55:03 - ds_cv_run7 - INFO - ({'train': <torch.utils.data.dataloader.DataLoader object at 0x7f049a578b00>, 'val': <torch.utils.data.dataloader.DataLoader object at 0x7f049a578e48>}, (TripleBCELoss(), TripleLovaszLoss()), (1, 0.3), Adam (
Parameter Group 0
    amsgrad: False
    betas: (0.9, 0.999)
    eps: 1e-08
    lr: 0.0002
    weight_decay: 0.0001
), <salt_func_lib.PolyLR object at 0x7f04992ecc50>, {'model_save_name': '../salt_net/ds_cv_run7_2018_10_18_00_52_29.ckp', 'save_model_every': 10, 'save_log_every': 4, 'num_epochs': 150, 'log': <Logger ds_cv_run7 (DEBUG)>, 'mask_cutoff': 0.0, 'model_save_iou_threshold': 0.82})
17/10/2018 13:55:07 - ds_cv_run7 - INFO - Epoch 1/150
17/10/2018 13:55:07 - ds_cv_run7 - INFO - --------------------
17/10/2018 13:59:36 - ds_cv_run7 - INFO - Train IOU: 0.4871, Acc: 0.7905, Loss: [1.0928, 0.2802, 1.373] at epoch 1
17/10/2018 13:59:48 - ds_cv_run7 - INFO - ['../salt_net/ds_cv_run7_2018_10_18_00_52_29.ckp-chunk-1-Of-10', '../salt_net/ds_cv_run7_2018_10_18_00_52_29.ckp-chunk-2-Of-10', '../salt_net/ds_cv_run7_2018_10_18_00_52_29.ckp-chunk-3-Of-10', '../salt_net/ds_cv_run7_2018_10_18_00_52_29.ckp-chunk-4-Of-10', '../salt_net/ds_cv_run7_2018_10_18_00_52_29.ckp-chunk-5-Of-10', '../salt_net/ds_cv_run7_2018_10_18_00_52_29.ckp-chunk-6-Of-10', '../salt_net/ds_cv_run7_2018_10_18_00_52_29.ckp-chunk-7-Of-10', '../salt_net/ds_cv_run7_2018_10_18_00_52_29.ckp-chunk-8-Of-10', '../salt_net/ds_cv_run7_2018_10_18_00_52_29.ckp-chunk-9-Of-10', '../salt_net/ds_cv_run7_2018_10_18_00_52_29.ckp-chunk-10-Of-10']
17/10/2018 13:59:48 - ds_cv_run7 - INFO - Best Val Mean IOU so far: 0.5247983870967742
17/10/2018 13:59:48 - ds_cv_run7 - INFO - Val   IOU: 0.5248, Acc: 0.8492, Best Val IOU: 0.5248 at epoch 1
17/10/2018 13:59:48 - ds_cv_run7 - INFO - LR: [0.0001988]
17/10/2018 13:59:48 - ds_cv_run7 - INFO - Epoch 2/150
17/10/2018 13:59:48 - ds_cv_run7 - INFO - --------------------
17/10/2018 14:04:17 - ds_cv_run7 - INFO - Train IOU: 0.5584, Acc: 0.8497, Loss: [0.9625, 0.2592, 1.2217] at epoch 2
17/10/2018 14:04:29 - ds_cv_run7 - INFO - ['../salt_net/ds_cv_run7_2018_10_18_00_52_29.ckp-chunk-1-Of-10', '../salt_net/ds_cv_run7_2018_10_18_00_52_29.ckp-chunk-2-Of-10', '../salt_net/ds_cv_run7_2018_10_18_00_52_29.ckp-chunk-3-Of-10', '../salt_net/ds_cv_run7_2018_10_18_00_52_29.ckp-chunk-4-Of-10', '../salt_net/ds_cv_run7_2018_10_18_00_52_29.ckp-chunk-5-Of-10', '../salt_net/ds_cv_run7_2018_10_18_00_52_29.ckp-chunk-6-Of-10', '../salt_net/ds_cv_run7_2018_10_18_00_52_29.ckp-chunk-7-Of-10', '../salt_net/ds_cv_run7_2018_10_18_00_52_29.ckp-chunk-8-Of-10', '../salt_net/ds_cv_run7_2018_10_18_00_52_29.ckp-chunk-9-Of-10', '../salt_net/ds_cv_run7_2018_10_18_00_52_29.ckp-chunk-10-Of-10']
17/10/2018 14:04:29 - ds_cv_run7 - INFO - Best Val Mean IOU so far: 0.6314516129032258
17/10/2018 14:04:29 - ds_cv_run7 - INFO - Val   IOU: 0.6315, Acc: 0.9054, Best Val IOU: 0.6315 at epoch 2
17/10/2018 14:04:29 - ds_cv_run7 - INFO - LR: [0.0001976]
17/10/2018 14:04:29 - ds_cv_run7 - INFO - Epoch 3/150
17/10/2018 14:04:29 - ds_cv_run7 - INFO - --------------------
17/10/2018 14:08:59 - ds_cv_run7 - INFO - Train IOU: 0.6066, Acc: 0.8778, Loss: [0.882, 0.2391, 1.1211] at epoch 3
17/10/2018 14:09:08 - ds_cv_run7 - INFO - Val   IOU: 0.6294, Acc: 0.8972, Best Val IOU: 0.6315 at epoch 3
17/10/2018 14:09:08 - ds_cv_run7 - INFO - LR: [0.0001964]
17/10/2018 14:09:08 - ds_cv_run7 - INFO - Epoch 4/150
17/10/2018 14:09:08 - ds_cv_run7 - INFO - --------------------
17/10/2018 14:09:08 - ds_cv_run7 - INFO - Pushing logs to git.
