17/10/2018 12:15:15 - ds_cv_run0 - INFO - X_train_ids.shape: (3495,)
17/10/2018 12:15:15 - ds_cv_run0 - INFO - X_val_ids.shape: (505,)
17/10/2018 12:15:15 - ds_cv_run0 - INFO - np.sum(X_train_ids): 6985299
17/10/2018 12:15:15 - ds_cv_run0 - INFO - np.sum(X_val_ids): 1012701
17/10/2018 12:16:06 - ds_cv_run0 - INFO - ds_cv_run0, based on salt_model_v41_deep_supervision. 4 folds CV.
17/10/2018 12:16:15 - ds_cv_run0 - INFO - ds_cv_run0, based on salt_model_v41_deep_supervision. 8 folds CV.
17/10/2018 12:30:05 - ds_cv_run0 - INFO - X_train_ids.shape: (3495,)
17/10/2018 12:30:05 - ds_cv_run0 - INFO - X_val_ids.shape: (505,)
17/10/2018 12:30:05 - ds_cv_run0 - INFO - np.sum(X_train_ids): 6985299
17/10/2018 12:30:05 - ds_cv_run0 - INFO - np.sum(X_val_ids): 1012701
17/10/2018 12:30:10 - ds_cv_run0 - INFO - ds_cv_run0, based on salt_model_v41_deep_supervision. 8 folds CV.
17/10/2018 12:31:37 - ds_cv_run0 - INFO - 
p = Pipeline_Salt()
p.flip_left_right(probability=0.5)
p.rotate90(0.25)
p.rotate270(0.25)
p.random_brightness(probability=0.5, min_factor=0.8, max_factor=1.2)
p.random_contrast(probability=0.5, min_factor=0.8, max_factor=1.2)
p.rotate_random_align(probability=0.5)
p.crop_random_align(probability=0.5, min_factor=0.6, max_factor=1.0, mask_diff_pct=0.2)

17/10/2018 12:31:37 - ds_cv_run0 - INFO - 
train_data_params = {'batch_size': 32,
                     #'sampler': weighted_sampler,
                     'shuffle': True,
                     'drop_last': False}

val_data_params = {'batch_size': 64,
                   'shuffle': True,
                   'drop_last': False}

train_dataLoader = (
    DataLoader(SaltDataset(X_train, y_train, depth_train,
                           np.zeros_like(X_train_mean_img), out_size=128,  out_ch=1,
                           transform=p.torch_transform()), **train_data_params)
)

val_dataLoader = (
    DataLoader(SaltDataset(X_val, y_val, depth_val, 
                           np.zeros_like(X_train_mean_img), out_size=128, out_ch=1), **val_data_params)
)

dataloaders = {'train': train_dataLoader, 'val':val_dataLoader}

17/10/2018 12:31:37 - ds_cv_run0 - INFO - 
saltnet = UResNet(pretrained=True)
loss_lovasz_hinge = TripleLovaszLoss()
loss_fn_bce = TripleBCELoss(1, 0.05, 0.5)

optimizer = optim.Adam(saltnet.parameters(), lr=2e-4, weight_decay=0.0001)

#scheduler = torch.optim.lr_scheduler.ReduceLROnPlateau(optimizer, mode='min', factor=0.5, patience=5, verbose=True, threshold=0.0001, min_lr=0.00001)
scheduler = PolyLR(optimizer, [2e-4], lr_decay_iter=1, max_iter=150, power=0.9)
model_save_name = model_file_suffix
log.info(model_save_name)

17/10/2018 12:31:37 - ds_cv_run0 - INFO - 
train_params = {
    'model_save_name': model_save_name,
    'save_model_every': 10,
    'save_log_every': 4,
    'num_epochs': 150,
    'log': log,
    'mask_cutoff': 0.,
    'model_save_iou_threshold': 0.82
    }

17/10/2018 12:31:37 - ds_cv_run0 - INFO - 
train_model_ds(saltnet, dataloaders, (loss_fn_bce, loss_lovasz_hinge), (1, 0.3), optimizer, scheduler, train_params, all_data)

17/10/2018 12:31:39 - ds_cv_run0 - INFO - ../salt_net/ds_cv_run0_2018_10_17_23_29_35.ckp
17/10/2018 12:31:39 - ds_cv_run0 - INFO - Start Training...
17/10/2018 12:31:39 - ds_cv_run0 - INFO - ({'train': <torch.utils.data.dataloader.DataLoader object at 0x7fcf313a00f0>, 'val': <torch.utils.data.dataloader.DataLoader object at 0x7fcf313a0160>}, (TripleBCELoss(), TripleLovaszLoss()), (1, 0.3), Adam (
Parameter Group 0
    amsgrad: False
    betas: (0.9, 0.999)
    eps: 1e-08
    lr: 0.0002
    weight_decay: 0.0001
), <salt_func_lib.PolyLR object at 0x7fcf301317b8>, {'model_save_name': '../salt_net/ds_cv_run0_2018_10_17_23_29_35.ckp', 'save_model_every': 10, 'save_log_every': 4, 'num_epochs': 150, 'log': <Logger ds_cv_run0 (DEBUG)>, 'mask_cutoff': 0.0, 'model_save_iou_threshold': 0.82})
17/10/2018 12:31:42 - ds_cv_run0 - INFO - Epoch 1/150
17/10/2018 12:31:42 - ds_cv_run0 - INFO - --------------------
17/10/2018 12:36:15 - ds_cv_run0 - INFO - Train IOU: 0.4771, Acc: 0.7745, Loss: [0.9901, 0.2768, 1.2669] at epoch 1
17/10/2018 12:36:26 - ds_cv_run0 - INFO - ['../salt_net/ds_cv_run0_2018_10_17_23_29_35.ckp-chunk-1-Of-10', '../salt_net/ds_cv_run0_2018_10_17_23_29_35.ckp-chunk-2-Of-10', '../salt_net/ds_cv_run0_2018_10_17_23_29_35.ckp-chunk-3-Of-10', '../salt_net/ds_cv_run0_2018_10_17_23_29_35.ckp-chunk-4-Of-10', '../salt_net/ds_cv_run0_2018_10_17_23_29_35.ckp-chunk-5-Of-10', '../salt_net/ds_cv_run0_2018_10_17_23_29_35.ckp-chunk-6-Of-10', '../salt_net/ds_cv_run0_2018_10_17_23_29_35.ckp-chunk-7-Of-10', '../salt_net/ds_cv_run0_2018_10_17_23_29_35.ckp-chunk-8-Of-10', '../salt_net/ds_cv_run0_2018_10_17_23_29_35.ckp-chunk-9-Of-10', '../salt_net/ds_cv_run0_2018_10_17_23_29_35.ckp-chunk-10-Of-10']
17/10/2018 12:36:26 - ds_cv_run0 - INFO - Best Val Mean IOU so far: 0.54990099009901
17/10/2018 12:36:26 - ds_cv_run0 - INFO - Val   IOU: 0.5499, Acc: 0.8672, Best Val IOU: 0.5499 at epoch 1
17/10/2018 12:36:26 - ds_cv_run0 - INFO - LR: [0.0001988]
17/10/2018 12:36:26 - ds_cv_run0 - INFO - Epoch 2/150
17/10/2018 12:36:26 - ds_cv_run0 - INFO - --------------------
17/10/2018 12:40:58 - ds_cv_run0 - INFO - Train IOU: 0.5510, Acc: 0.8559, Loss: [0.8478, 0.2583, 1.106] at epoch 2
17/10/2018 12:41:11 - ds_cv_run0 - INFO - ['../salt_net/ds_cv_run0_2018_10_17_23_29_35.ckp-chunk-1-Of-10', '../salt_net/ds_cv_run0_2018_10_17_23_29_35.ckp-chunk-2-Of-10', '../salt_net/ds_cv_run0_2018_10_17_23_29_35.ckp-chunk-3-Of-10', '../salt_net/ds_cv_run0_2018_10_17_23_29_35.ckp-chunk-4-Of-10', '../salt_net/ds_cv_run0_2018_10_17_23_29_35.ckp-chunk-5-Of-10', '../salt_net/ds_cv_run0_2018_10_17_23_29_35.ckp-chunk-6-Of-10', '../salt_net/ds_cv_run0_2018_10_17_23_29_35.ckp-chunk-7-Of-10', '../salt_net/ds_cv_run0_2018_10_17_23_29_35.ckp-chunk-8-Of-10', '../salt_net/ds_cv_run0_2018_10_17_23_29_35.ckp-chunk-9-Of-10', '../salt_net/ds_cv_run0_2018_10_17_23_29_35.ckp-chunk-10-Of-10']
17/10/2018 12:41:11 - ds_cv_run0 - INFO - Best Val Mean IOU so far: 0.6596039603960396
17/10/2018 12:41:11 - ds_cv_run0 - INFO - Val   IOU: 0.6596, Acc: 0.9132, Best Val IOU: 0.6596 at epoch 2
17/10/2018 12:41:11 - ds_cv_run0 - INFO - LR: [0.0001976]
17/10/2018 12:41:11 - ds_cv_run0 - INFO - Epoch 3/150
17/10/2018 12:41:11 - ds_cv_run0 - INFO - --------------------
17/10/2018 12:45:43 - ds_cv_run0 - INFO - Train IOU: 0.5997, Acc: 0.8734, Loss: [0.7881, 0.2399, 1.0279] at epoch 3
17/10/2018 12:45:52 - ds_cv_run0 - INFO - Val   IOU: 0.6287, Acc: 0.9084, Best Val IOU: 0.6596 at epoch 3
17/10/2018 12:45:52 - ds_cv_run0 - INFO - LR: [0.0001964]
17/10/2018 12:45:52 - ds_cv_run0 - INFO - Epoch 4/150
17/10/2018 12:45:52 - ds_cv_run0 - INFO - --------------------
17/10/2018 12:45:52 - ds_cv_run0 - INFO - Pushing logs to git.
