17/10/2018 22:52:29 - ds_cv_run1 - INFO - X_train_ids.shape: (3495,)
17/10/2018 22:52:29 - ds_cv_run1 - INFO - X_val_ids.shape: (505,)
17/10/2018 22:52:29 - ds_cv_run1 - INFO - np.sum(X_train_ids): 6996480
17/10/2018 22:52:29 - ds_cv_run1 - INFO - np.sum(X_val_ids): 1001520
17/10/2018 22:52:33 - ds_cv_run1 - INFO - ds_cv_run1, based on salt_model_v41_deep_supervision. 8 folds CV. CV 1. Image loss set to 0.2
17/10/2018 22:53:01 - ds_cv_run1 - INFO - 
p = Pipeline_Salt()
p.flip_left_right(probability=0.5)
p.rotate90(0.25)
p.rotate270(0.25)
p.random_brightness(probability=0.5, min_factor=0.8, max_factor=1.2)
p.random_contrast(probability=0.5, min_factor=0.8, max_factor=1.2)
p.rotate_random_align(probability=0.5)
p.crop_random_align(probability=0.5, min_factor=0.6, max_factor=1.0, mask_diff_pct=0.2)

17/10/2018 22:53:01 - ds_cv_run1 - INFO - 
train_data_params = {'batch_size': 32,
                     #'sampler': weighted_sampler,
                     'shuffle': True,
                     'drop_last': False}

val_data_params = {'batch_size': 64,
                   'shuffle': True,
                   'drop_last': False}

train_dataLoader = (
    DataLoader(SaltDataset(X_train, y_train, depth_train,
                           np.zeros_like(X_train_mean_img), out_size=128,  out_ch=1,
                           transform=p.torch_transform()), **train_data_params)
)

val_dataLoader = (
    DataLoader(SaltDataset(X_val, y_val, depth_val, 
                           np.zeros_like(X_train_mean_img), out_size=128, out_ch=1), **val_data_params)
)

dataloaders = {'train': train_dataLoader, 'val':val_dataLoader}

17/10/2018 22:53:01 - ds_cv_run1 - INFO - 
saltnet = UResNet(pretrained=True)
loss_lovasz_hinge = TripleLovaszLoss()
loss_fn_bce = TripleBCELoss(1, 0.2, 0.5)

optimizer = optim.Adam(saltnet.parameters(), lr=2e-4, weight_decay=0.0001)

#scheduler = torch.optim.lr_scheduler.ReduceLROnPlateau(optimizer, mode='min', factor=0.5, patience=5, verbose=True, threshold=0.0001, min_lr=0.00001)
scheduler = PolyLR(optimizer, [2e-4], lr_decay_iter=1, max_iter=150, power=0.9)
model_save_name = model_file_suffix
log.info(model_save_name)

17/10/2018 22:53:01 - ds_cv_run1 - INFO - 
train_params = {
    'model_save_name': model_save_name,
    'save_model_every': 10,
    'save_log_every': 4,
    'num_epochs': 150,
    'log': log,
    'mask_cutoff': 0.,
    'model_save_iou_threshold': 0.82
    }

17/10/2018 22:53:01 - ds_cv_run1 - INFO - 
train_model_ds(saltnet, dataloaders, (loss_fn_bce, loss_lovasz_hinge), (1, 0.3), optimizer, scheduler, train_params, all_data)

17/10/2018 22:53:05 - ds_cv_run1 - INFO - ../salt_net/ds_cv_run1_2018_10_18_09_52_16.ckp
17/10/2018 22:53:05 - ds_cv_run1 - INFO - Start Training...
17/10/2018 22:53:05 - ds_cv_run1 - INFO - ({'train': <torch.utils.data.dataloader.DataLoader object at 0x7f926729a5f8>, 'val': <torch.utils.data.dataloader.DataLoader object at 0x7f926729aac8>}, (TripleBCELoss(), TripleLovaszLoss()), (1, 0.3), Adam (
Parameter Group 0
    amsgrad: False
    betas: (0.9, 0.999)
    eps: 1e-08
    lr: 0.0002
    weight_decay: 0.0001
), <salt_func_lib.PolyLR object at 0x7f9266013c88>, {'model_save_name': '../salt_net/ds_cv_run1_2018_10_18_09_52_16.ckp', 'save_model_every': 10, 'save_log_every': 4, 'num_epochs': 150, 'log': <Logger ds_cv_run1 (DEBUG)>, 'mask_cutoff': 0.0, 'model_save_iou_threshold': 0.82})
17/10/2018 22:53:08 - ds_cv_run1 - INFO - Epoch 1/150
17/10/2018 22:53:08 - ds_cv_run1 - INFO - --------------------
17/10/2018 22:57:37 - ds_cv_run1 - INFO - Train IOU: 0.4989, Acc: 0.7955, Loss: [1.0361, 0.2752, 1.3114] at epoch 1
17/10/2018 22:57:48 - ds_cv_run1 - INFO - ['../salt_net/ds_cv_run1_2018_10_18_09_52_16.ckp-chunk-1-Of-10', '../salt_net/ds_cv_run1_2018_10_18_09_52_16.ckp-chunk-2-Of-10', '../salt_net/ds_cv_run1_2018_10_18_09_52_16.ckp-chunk-3-Of-10', '../salt_net/ds_cv_run1_2018_10_18_09_52_16.ckp-chunk-4-Of-10', '../salt_net/ds_cv_run1_2018_10_18_09_52_16.ckp-chunk-5-Of-10', '../salt_net/ds_cv_run1_2018_10_18_09_52_16.ckp-chunk-6-Of-10', '../salt_net/ds_cv_run1_2018_10_18_09_52_16.ckp-chunk-7-Of-10', '../salt_net/ds_cv_run1_2018_10_18_09_52_16.ckp-chunk-8-Of-10', '../salt_net/ds_cv_run1_2018_10_18_09_52_16.ckp-chunk-9-Of-10', '../salt_net/ds_cv_run1_2018_10_18_09_52_16.ckp-chunk-10-Of-10']
17/10/2018 22:57:48 - ds_cv_run1 - INFO - Best Val Mean IOU so far: 0.571881188118812
17/10/2018 22:57:48 - ds_cv_run1 - INFO - Val   IOU: 0.5719, Acc: 0.8829, Best Val IOU: 0.5719 at epoch 1
17/10/2018 22:57:48 - ds_cv_run1 - INFO - LR: [0.0001988]
17/10/2018 22:57:48 - ds_cv_run1 - INFO - Epoch 2/150
17/10/2018 22:57:48 - ds_cv_run1 - INFO - --------------------
17/10/2018 23:02:17 - ds_cv_run1 - INFO - Train IOU: 0.5700, Acc: 0.8597, Loss: [0.8971, 0.2562, 1.1533] at epoch 2
17/10/2018 23:02:30 - ds_cv_run1 - INFO - ['../salt_net/ds_cv_run1_2018_10_18_09_52_16.ckp-chunk-1-Of-10', '../salt_net/ds_cv_run1_2018_10_18_09_52_16.ckp-chunk-2-Of-10', '../salt_net/ds_cv_run1_2018_10_18_09_52_16.ckp-chunk-3-Of-10', '../salt_net/ds_cv_run1_2018_10_18_09_52_16.ckp-chunk-4-Of-10', '../salt_net/ds_cv_run1_2018_10_18_09_52_16.ckp-chunk-5-Of-10', '../salt_net/ds_cv_run1_2018_10_18_09_52_16.ckp-chunk-6-Of-10', '../salt_net/ds_cv_run1_2018_10_18_09_52_16.ckp-chunk-7-Of-10', '../salt_net/ds_cv_run1_2018_10_18_09_52_16.ckp-chunk-8-Of-10', '../salt_net/ds_cv_run1_2018_10_18_09_52_16.ckp-chunk-9-Of-10', '../salt_net/ds_cv_run1_2018_10_18_09_52_16.ckp-chunk-10-Of-10']
17/10/2018 23:02:30 - ds_cv_run1 - INFO - Best Val Mean IOU so far: 0.6473267326732673
17/10/2018 23:02:30 - ds_cv_run1 - INFO - Val   IOU: 0.6473, Acc: 0.9062, Best Val IOU: 0.6473 at epoch 2
17/10/2018 23:02:30 - ds_cv_run1 - INFO - LR: [0.0001976]
17/10/2018 23:02:30 - ds_cv_run1 - INFO - Epoch 3/150
17/10/2018 23:02:30 - ds_cv_run1 - INFO - --------------------
17/10/2018 23:06:59 - ds_cv_run1 - INFO - Train IOU: 0.6126, Acc: 0.8780, Loss: [0.8321, 0.2383, 1.0704] at epoch 3
17/10/2018 23:07:11 - ds_cv_run1 - INFO - ['../salt_net/ds_cv_run1_2018_10_18_09_52_16.ckp-chunk-1-Of-10', '../salt_net/ds_cv_run1_2018_10_18_09_52_16.ckp-chunk-2-Of-10', '../salt_net/ds_cv_run1_2018_10_18_09_52_16.ckp-chunk-3-Of-10', '../salt_net/ds_cv_run1_2018_10_18_09_52_16.ckp-chunk-4-Of-10', '../salt_net/ds_cv_run1_2018_10_18_09_52_16.ckp-chunk-5-Of-10', '../salt_net/ds_cv_run1_2018_10_18_09_52_16.ckp-chunk-6-Of-10', '../salt_net/ds_cv_run1_2018_10_18_09_52_16.ckp-chunk-7-Of-10', '../salt_net/ds_cv_run1_2018_10_18_09_52_16.ckp-chunk-8-Of-10', '../salt_net/ds_cv_run1_2018_10_18_09_52_16.ckp-chunk-9-Of-10', '../salt_net/ds_cv_run1_2018_10_18_09_52_16.ckp-chunk-10-Of-10']
17/10/2018 23:07:11 - ds_cv_run1 - INFO - Best Val Mean IOU so far: 0.6847524752475248
17/10/2018 23:07:11 - ds_cv_run1 - INFO - Val   IOU: 0.6848, Acc: 0.9247, Best Val IOU: 0.6848 at epoch 3
17/10/2018 23:07:11 - ds_cv_run1 - INFO - LR: [0.0001964]
17/10/2018 23:07:11 - ds_cv_run1 - INFO - Epoch 4/150
17/10/2018 23:07:11 - ds_cv_run1 - INFO - --------------------
17/10/2018 23:07:11 - ds_cv_run1 - INFO - Pushing logs to git.
17/10/2018 23:12:47 - ds_cv_run1 - INFO - Train IOU: 0.6369, Acc: 0.8884, Loss: [0.7916, 0.2177, 1.0093] at epoch 4
17/10/2018 23:12:59 - ds_cv_run1 - INFO - ['../salt_net/ds_cv_run1_2018_10_18_09_52_16.ckp-chunk-1-Of-10', '../salt_net/ds_cv_run1_2018_10_18_09_52_16.ckp-chunk-2-Of-10', '../salt_net/ds_cv_run1_2018_10_18_09_52_16.ckp-chunk-3-Of-10', '../salt_net/ds_cv_run1_2018_10_18_09_52_16.ckp-chunk-4-Of-10', '../salt_net/ds_cv_run1_2018_10_18_09_52_16.ckp-chunk-5-Of-10', '../salt_net/ds_cv_run1_2018_10_18_09_52_16.ckp-chunk-6-Of-10', '../salt_net/ds_cv_run1_2018_10_18_09_52_16.ckp-chunk-7-Of-10', '../salt_net/ds_cv_run1_2018_10_18_09_52_16.ckp-chunk-8-Of-10', '../salt_net/ds_cv_run1_2018_10_18_09_52_16.ckp-chunk-9-Of-10', '../salt_net/ds_cv_run1_2018_10_18_09_52_16.ckp-chunk-10-Of-10']
17/10/2018 23:12:59 - ds_cv_run1 - INFO - Best Val Mean IOU so far: 0.6938613861386138
17/10/2018 23:12:59 - ds_cv_run1 - INFO - Val   IOU: 0.6939, Acc: 0.9183, Best Val IOU: 0.6939 at epoch 4
17/10/2018 23:12:59 - ds_cv_run1 - INFO - LR: [0.0001952]
17/10/2018 23:12:59 - ds_cv_run1 - INFO - Epoch 5/150
17/10/2018 23:12:59 - ds_cv_run1 - INFO - --------------------
17/10/2018 23:17:28 - ds_cv_run1 - INFO - Train IOU: 0.6535, Acc: 0.8954, Loss: [0.7708, 0.2092, 0.9801] at epoch 5
17/10/2018 23:17:40 - ds_cv_run1 - INFO - ['../salt_net/ds_cv_run1_2018_10_18_09_52_16.ckp-chunk-1-Of-10', '../salt_net/ds_cv_run1_2018_10_18_09_52_16.ckp-chunk-2-Of-10', '../salt_net/ds_cv_run1_2018_10_18_09_52_16.ckp-chunk-3-Of-10', '../salt_net/ds_cv_run1_2018_10_18_09_52_16.ckp-chunk-4-Of-10', '../salt_net/ds_cv_run1_2018_10_18_09_52_16.ckp-chunk-5-Of-10', '../salt_net/ds_cv_run1_2018_10_18_09_52_16.ckp-chunk-6-Of-10', '../salt_net/ds_cv_run1_2018_10_18_09_52_16.ckp-chunk-7-Of-10', '../salt_net/ds_cv_run1_2018_10_18_09_52_16.ckp-chunk-8-Of-10', '../salt_net/ds_cv_run1_2018_10_18_09_52_16.ckp-chunk-9-Of-10', '../salt_net/ds_cv_run1_2018_10_18_09_52_16.ckp-chunk-10-Of-10']
17/10/2018 23:17:40 - ds_cv_run1 - INFO - Best Val Mean IOU so far: 0.7162376237623763
17/10/2018 23:17:40 - ds_cv_run1 - INFO - Val   IOU: 0.7162, Acc: 0.9322, Best Val IOU: 0.7162 at epoch 5
17/10/2018 23:17:40 - ds_cv_run1 - INFO - LR: [0.000194]
17/10/2018 23:17:40 - ds_cv_run1 - INFO - Epoch 6/150
17/10/2018 23:17:40 - ds_cv_run1 - INFO - --------------------
17/10/2018 23:22:09 - ds_cv_run1 - INFO - Train IOU: 0.6650, Acc: 0.8988, Loss: [0.7491, 0.2045, 0.9536] at epoch 6
17/10/2018 23:22:18 - ds_cv_run1 - INFO - Val   IOU: 0.7111, Acc: 0.9229, Best Val IOU: 0.7162 at epoch 6
17/10/2018 23:22:18 - ds_cv_run1 - INFO - LR: [0.0001928]
17/10/2018 23:22:18 - ds_cv_run1 - INFO - Epoch 7/150
17/10/2018 23:22:18 - ds_cv_run1 - INFO - --------------------
17/10/2018 23:26:48 - ds_cv_run1 - INFO - Train IOU: 0.6828, Acc: 0.9026, Loss: [0.7335, 0.1947, 0.9281] at epoch 7
17/10/2018 23:26:57 - ds_cv_run1 - INFO - Val   IOU: 0.7006, Acc: 0.9098, Best Val IOU: 0.7162 at epoch 7
17/10/2018 23:26:57 - ds_cv_run1 - INFO - LR: [0.0001916]
17/10/2018 23:26:57 - ds_cv_run1 - INFO - Epoch 8/150
17/10/2018 23:26:57 - ds_cv_run1 - INFO - --------------------
17/10/2018 23:26:57 - ds_cv_run1 - INFO - Pushing logs to git.
17/10/2018 23:32:34 - ds_cv_run1 - INFO - Train IOU: 0.6883, Acc: 0.9070, Loss: [0.7259, 0.1915, 0.9174] at epoch 8
17/10/2018 23:32:46 - ds_cv_run1 - INFO - ['../salt_net/ds_cv_run1_2018_10_18_09_52_16.ckp-chunk-1-Of-10', '../salt_net/ds_cv_run1_2018_10_18_09_52_16.ckp-chunk-2-Of-10', '../salt_net/ds_cv_run1_2018_10_18_09_52_16.ckp-chunk-3-Of-10', '../salt_net/ds_cv_run1_2018_10_18_09_52_16.ckp-chunk-4-Of-10', '../salt_net/ds_cv_run1_2018_10_18_09_52_16.ckp-chunk-5-Of-10', '../salt_net/ds_cv_run1_2018_10_18_09_52_16.ckp-chunk-6-Of-10', '../salt_net/ds_cv_run1_2018_10_18_09_52_16.ckp-chunk-7-Of-10', '../salt_net/ds_cv_run1_2018_10_18_09_52_16.ckp-chunk-8-Of-10', '../salt_net/ds_cv_run1_2018_10_18_09_52_16.ckp-chunk-9-Of-10', '../salt_net/ds_cv_run1_2018_10_18_09_52_16.ckp-chunk-10-Of-10']
17/10/2018 23:32:46 - ds_cv_run1 - INFO - Best Val Mean IOU so far: 0.746930693069307
17/10/2018 23:32:46 - ds_cv_run1 - INFO - Val   IOU: 0.7469, Acc: 0.9393, Best Val IOU: 0.7469 at epoch 8
17/10/2018 23:32:46 - ds_cv_run1 - INFO - LR: [0.0001904]
17/10/2018 23:32:46 - ds_cv_run1 - INFO - Epoch 9/150
17/10/2018 23:32:46 - ds_cv_run1 - INFO - --------------------
17/10/2018 23:37:17 - ds_cv_run1 - INFO - Train IOU: 0.6885, Acc: 0.9065, Loss: [0.7146, 0.1926, 0.9072] at epoch 9
17/10/2018 23:37:29 - ds_cv_run1 - INFO - ['../salt_net/ds_cv_run1_2018_10_18_09_52_16.ckp-chunk-1-Of-10', '../salt_net/ds_cv_run1_2018_10_18_09_52_16.ckp-chunk-2-Of-10', '../salt_net/ds_cv_run1_2018_10_18_09_52_16.ckp-chunk-3-Of-10', '../salt_net/ds_cv_run1_2018_10_18_09_52_16.ckp-chunk-4-Of-10', '../salt_net/ds_cv_run1_2018_10_18_09_52_16.ckp-chunk-5-Of-10', '../salt_net/ds_cv_run1_2018_10_18_09_52_16.ckp-chunk-6-Of-10', '../salt_net/ds_cv_run1_2018_10_18_09_52_16.ckp-chunk-7-Of-10', '../salt_net/ds_cv_run1_2018_10_18_09_52_16.ckp-chunk-8-Of-10', '../salt_net/ds_cv_run1_2018_10_18_09_52_16.ckp-chunk-9-Of-10', '../salt_net/ds_cv_run1_2018_10_18_09_52_16.ckp-chunk-10-Of-10']
17/10/2018 23:37:29 - ds_cv_run1 - INFO - Best Val Mean IOU so far: 0.7536633663366336
17/10/2018 23:37:29 - ds_cv_run1 - INFO - Val   IOU: 0.7537, Acc: 0.9437, Best Val IOU: 0.7537 at epoch 9
17/10/2018 23:37:29 - ds_cv_run1 - INFO - LR: [0.0001892]
17/10/2018 23:37:29 - ds_cv_run1 - INFO - Epoch 10/150
17/10/2018 23:37:29 - ds_cv_run1 - INFO - --------------------
17/10/2018 23:41:59 - ds_cv_run1 - INFO - Train IOU: 0.6995, Acc: 0.9081, Loss: [0.7106, 0.1841, 0.8947] at epoch 10
17/10/2018 23:42:08 - ds_cv_run1 - INFO - Val   IOU: 0.7202, Acc: 0.9244, Best Val IOU: 0.7537 at epoch 10
17/10/2018 23:42:08 - ds_cv_run1 - INFO - Skip pushing model to git as there's no improvement
17/10/2018 23:42:08 - ds_cv_run1 - INFO - LR: [0.000188]
17/10/2018 23:42:08 - ds_cv_run1 - INFO - Epoch 11/150
17/10/2018 23:42:08 - ds_cv_run1 - INFO - --------------------
17/10/2018 23:46:39 - ds_cv_run1 - INFO - Train IOU: 0.6740, Acc: 0.8922, Loss: [0.7504, 0.2016, 0.952] at epoch 11
17/10/2018 23:46:48 - ds_cv_run1 - INFO - Val   IOU: 0.7317, Acc: 0.9349, Best Val IOU: 0.7537 at epoch 11
17/10/2018 23:46:48 - ds_cv_run1 - INFO - LR: [0.0001868]
17/10/2018 23:46:48 - ds_cv_run1 - INFO - Epoch 12/150
17/10/2018 23:46:48 - ds_cv_run1 - INFO - --------------------
17/10/2018 23:46:48 - ds_cv_run1 - INFO - Pushing logs to git.
