17/10/2018 13:42:17 - ds_cv_run5 - INFO - X_train_ids.shape: (3503,)
17/10/2018 13:42:17 - ds_cv_run5 - INFO - X_val_ids.shape: (497,)
17/10/2018 13:42:17 - ds_cv_run5 - INFO - np.sum(X_train_ids): 6975175
17/10/2018 13:42:17 - ds_cv_run5 - INFO - np.sum(X_val_ids): 1022825
17/10/2018 13:42:48 - ds_cv_run5 - INFO - ds_cv_run5, based on salt_model_v41_deep_supervision. 8 folds CV. CV 5. Image loss set to 0.3
17/10/2018 13:43:11 - ds_cv_run5 - INFO - 
p = Pipeline_Salt()
p.flip_left_right(probability=0.5)
p.rotate90(0.25)
p.rotate270(0.25)
p.random_brightness(probability=0.5, min_factor=0.8, max_factor=1.2)
p.random_contrast(probability=0.5, min_factor=0.8, max_factor=1.2)
p.rotate_random_align(probability=0.5)
p.crop_random_align(probability=0.5, min_factor=0.6, max_factor=1.0, mask_diff_pct=0.2)

17/10/2018 13:43:11 - ds_cv_run5 - INFO - 
train_data_params = {'batch_size': 32,
                     #'sampler': weighted_sampler,
                     'shuffle': True,
                     'drop_last': False}

val_data_params = {'batch_size': 64,
                   'shuffle': True,
                   'drop_last': False}

train_dataLoader = (
    DataLoader(SaltDataset(X_train, y_train, depth_train,
                           np.zeros_like(X_train_mean_img), out_size=128,  out_ch=1,
                           transform=p.torch_transform()), **train_data_params)
)

val_dataLoader = (
    DataLoader(SaltDataset(X_val, y_val, depth_val, 
                           np.zeros_like(X_train_mean_img), out_size=128, out_ch=1), **val_data_params)
)

dataloaders = {'train': train_dataLoader, 'val':val_dataLoader}

17/10/2018 13:43:11 - ds_cv_run5 - INFO - 
saltnet = UResNet(pretrained=True)
loss_lovasz_hinge = TripleLovaszLoss()
loss_fn_bce = TripleBCELoss(1, 0.3, 0.5)

optimizer = optim.Adam(saltnet.parameters(), lr=2e-4, weight_decay=0.0001)

#scheduler = torch.optim.lr_scheduler.ReduceLROnPlateau(optimizer, mode='min', factor=0.5, patience=5, verbose=True, threshold=0.0001, min_lr=0.00001)
scheduler = PolyLR(optimizer, [2e-4], lr_decay_iter=1, max_iter=150, power=0.9)
model_save_name = model_file_suffix
log.info(model_save_name)

17/10/2018 13:43:11 - ds_cv_run5 - INFO - 
train_params = {
    'model_save_name': model_save_name,
    'save_model_every': 10,
    'save_log_every': 4,
    'num_epochs': 150,
    'log': log,
    'mask_cutoff': 0.,
    'model_save_iou_threshold': 0.82
    }

17/10/2018 13:43:11 - ds_cv_run5 - INFO - 
train_model_ds(saltnet, dataloaders, (loss_fn_bce, loss_lovasz_hinge), (1, 0.3), optimizer, scheduler, train_params, all_data)

17/10/2018 13:43:14 - ds_cv_run5 - INFO - ../salt_net/ds_cv_run5_2018_10_18_00_42_04.ckp
17/10/2018 13:43:14 - ds_cv_run5 - INFO - Start Training...
17/10/2018 13:43:14 - ds_cv_run5 - INFO - ({'train': <torch.utils.data.dataloader.DataLoader object at 0x7f09447734a8>, 'val': <torch.utils.data.dataloader.DataLoader object at 0x7f0944773d68>}, (TripleBCELoss(), TripleLovaszLoss()), (1, 0.3), Adam (
Parameter Group 0
    amsgrad: False
    betas: (0.9, 0.999)
    eps: 1e-08
    lr: 0.0002
    weight_decay: 0.0001
), <salt_func_lib.PolyLR object at 0x7f09434e7be0>, {'model_save_name': '../salt_net/ds_cv_run5_2018_10_18_00_42_04.ckp', 'save_model_every': 10, 'save_log_every': 4, 'num_epochs': 150, 'log': <Logger ds_cv_run5 (DEBUG)>, 'mask_cutoff': 0.0, 'model_save_iou_threshold': 0.82})
17/10/2018 13:43:17 - ds_cv_run5 - INFO - Epoch 1/150
17/10/2018 13:43:17 - ds_cv_run5 - INFO - --------------------
17/10/2018 13:47:44 - ds_cv_run5 - INFO - Train IOU: 0.4938, Acc: 0.8025, Loss: [1.0684, 0.2816, 1.35] at epoch 1
17/10/2018 13:47:56 - ds_cv_run5 - INFO - ['../salt_net/ds_cv_run5_2018_10_18_00_42_04.ckp-chunk-1-Of-10', '../salt_net/ds_cv_run5_2018_10_18_00_42_04.ckp-chunk-2-Of-10', '../salt_net/ds_cv_run5_2018_10_18_00_42_04.ckp-chunk-3-Of-10', '../salt_net/ds_cv_run5_2018_10_18_00_42_04.ckp-chunk-4-Of-10', '../salt_net/ds_cv_run5_2018_10_18_00_42_04.ckp-chunk-5-Of-10', '../salt_net/ds_cv_run5_2018_10_18_00_42_04.ckp-chunk-6-Of-10', '../salt_net/ds_cv_run5_2018_10_18_00_42_04.ckp-chunk-7-Of-10', '../salt_net/ds_cv_run5_2018_10_18_00_42_04.ckp-chunk-8-Of-10', '../salt_net/ds_cv_run5_2018_10_18_00_42_04.ckp-chunk-9-Of-10', '../salt_net/ds_cv_run5_2018_10_18_00_42_04.ckp-chunk-10-Of-10']
17/10/2018 13:47:56 - ds_cv_run5 - INFO - Best Val Mean IOU so far: 0.6048289738430584
17/10/2018 13:47:56 - ds_cv_run5 - INFO - Val   IOU: 0.6048, Acc: 0.8890, Best Val IOU: 0.6048 at epoch 1
17/10/2018 13:47:56 - ds_cv_run5 - INFO - LR: [0.0001988]
17/10/2018 13:47:56 - ds_cv_run5 - INFO - Epoch 2/150
17/10/2018 13:47:56 - ds_cv_run5 - INFO - --------------------
17/10/2018 13:52:22 - ds_cv_run5 - INFO - Train IOU: 0.5665, Acc: 0.8567, Loss: [0.946, 0.2607, 1.2066] at epoch 2
17/10/2018 13:52:34 - ds_cv_run5 - INFO - ['../salt_net/ds_cv_run5_2018_10_18_00_42_04.ckp-chunk-1-Of-10', '../salt_net/ds_cv_run5_2018_10_18_00_42_04.ckp-chunk-2-Of-10', '../salt_net/ds_cv_run5_2018_10_18_00_42_04.ckp-chunk-3-Of-10', '../salt_net/ds_cv_run5_2018_10_18_00_42_04.ckp-chunk-4-Of-10', '../salt_net/ds_cv_run5_2018_10_18_00_42_04.ckp-chunk-5-Of-10', '../salt_net/ds_cv_run5_2018_10_18_00_42_04.ckp-chunk-6-Of-10', '../salt_net/ds_cv_run5_2018_10_18_00_42_04.ckp-chunk-7-Of-10', '../salt_net/ds_cv_run5_2018_10_18_00_42_04.ckp-chunk-8-Of-10', '../salt_net/ds_cv_run5_2018_10_18_00_42_04.ckp-chunk-9-Of-10', '../salt_net/ds_cv_run5_2018_10_18_00_42_04.ckp-chunk-10-Of-10']
17/10/2018 13:52:34 - ds_cv_run5 - INFO - Best Val Mean IOU so far: 0.6297786720321932
17/10/2018 13:52:34 - ds_cv_run5 - INFO - Val   IOU: 0.6298, Acc: 0.9021, Best Val IOU: 0.6298 at epoch 2
17/10/2018 13:52:34 - ds_cv_run5 - INFO - LR: [0.0001976]
17/10/2018 13:52:34 - ds_cv_run5 - INFO - Epoch 3/150
17/10/2018 13:52:34 - ds_cv_run5 - INFO - --------------------
17/10/2018 13:57:00 - ds_cv_run5 - INFO - Train IOU: 0.6130, Acc: 0.8813, Loss: [0.8663, 0.2332, 1.0995] at epoch 3
17/10/2018 13:57:12 - ds_cv_run5 - INFO - ['../salt_net/ds_cv_run5_2018_10_18_00_42_04.ckp-chunk-1-Of-10', '../salt_net/ds_cv_run5_2018_10_18_00_42_04.ckp-chunk-2-Of-10', '../salt_net/ds_cv_run5_2018_10_18_00_42_04.ckp-chunk-3-Of-10', '../salt_net/ds_cv_run5_2018_10_18_00_42_04.ckp-chunk-4-Of-10', '../salt_net/ds_cv_run5_2018_10_18_00_42_04.ckp-chunk-5-Of-10', '../salt_net/ds_cv_run5_2018_10_18_00_42_04.ckp-chunk-6-Of-10', '../salt_net/ds_cv_run5_2018_10_18_00_42_04.ckp-chunk-7-Of-10', '../salt_net/ds_cv_run5_2018_10_18_00_42_04.ckp-chunk-8-Of-10', '../salt_net/ds_cv_run5_2018_10_18_00_42_04.ckp-chunk-9-Of-10', '../salt_net/ds_cv_run5_2018_10_18_00_42_04.ckp-chunk-10-Of-10']
17/10/2018 13:57:12 - ds_cv_run5 - INFO - Best Val Mean IOU so far: 0.6476861167002013
17/10/2018 13:57:12 - ds_cv_run5 - INFO - Val   IOU: 0.6477, Acc: 0.9007, Best Val IOU: 0.6477 at epoch 3
17/10/2018 13:57:12 - ds_cv_run5 - INFO - LR: [0.0001964]
17/10/2018 13:57:12 - ds_cv_run5 - INFO - Epoch 4/150
17/10/2018 13:57:12 - ds_cv_run5 - INFO - --------------------
17/10/2018 13:57:12 - ds_cv_run5 - INFO - Pushing logs to git.
17/10/2018 14:02:22 - ds_cv_run5 - INFO - Train IOU: 0.6404, Acc: 0.8861, Loss: [0.8249, 0.2232, 1.0481] at epoch 4
17/10/2018 14:02:31 - ds_cv_run5 - INFO - Val   IOU: 0.6044, Acc: 0.8760, Best Val IOU: 0.6477 at epoch 4
17/10/2018 14:02:31 - ds_cv_run5 - INFO - LR: [0.0001952]
17/10/2018 14:02:31 - ds_cv_run5 - INFO - Epoch 5/150
17/10/2018 14:02:31 - ds_cv_run5 - INFO - --------------------
17/10/2018 14:06:57 - ds_cv_run5 - INFO - Train IOU: 0.6412, Acc: 0.8862, Loss: [0.8113, 0.2141, 1.0254] at epoch 5
17/10/2018 14:07:08 - ds_cv_run5 - INFO - ['../salt_net/ds_cv_run5_2018_10_18_00_42_04.ckp-chunk-1-Of-10', '../salt_net/ds_cv_run5_2018_10_18_00_42_04.ckp-chunk-2-Of-10', '../salt_net/ds_cv_run5_2018_10_18_00_42_04.ckp-chunk-3-Of-10', '../salt_net/ds_cv_run5_2018_10_18_00_42_04.ckp-chunk-4-Of-10', '../salt_net/ds_cv_run5_2018_10_18_00_42_04.ckp-chunk-5-Of-10', '../salt_net/ds_cv_run5_2018_10_18_00_42_04.ckp-chunk-6-Of-10', '../salt_net/ds_cv_run5_2018_10_18_00_42_04.ckp-chunk-7-Of-10', '../salt_net/ds_cv_run5_2018_10_18_00_42_04.ckp-chunk-8-Of-10', '../salt_net/ds_cv_run5_2018_10_18_00_42_04.ckp-chunk-9-Of-10', '../salt_net/ds_cv_run5_2018_10_18_00_42_04.ckp-chunk-10-Of-10']
17/10/2018 14:07:08 - ds_cv_run5 - INFO - Best Val Mean IOU so far: 0.6837022132796781
17/10/2018 14:07:08 - ds_cv_run5 - INFO - Val   IOU: 0.6837, Acc: 0.9176, Best Val IOU: 0.6837 at epoch 5
17/10/2018 14:07:08 - ds_cv_run5 - INFO - LR: [0.000194]
17/10/2018 14:07:08 - ds_cv_run5 - INFO - Epoch 6/150
17/10/2018 14:07:08 - ds_cv_run5 - INFO - --------------------
17/10/2018 14:11:35 - ds_cv_run5 - INFO - Train IOU: 0.6692, Acc: 0.9002, Loss: [0.7837, 0.2043, 0.988] at epoch 6
17/10/2018 14:11:47 - ds_cv_run5 - INFO - ['../salt_net/ds_cv_run5_2018_10_18_00_42_04.ckp-chunk-1-Of-10', '../salt_net/ds_cv_run5_2018_10_18_00_42_04.ckp-chunk-2-Of-10', '../salt_net/ds_cv_run5_2018_10_18_00_42_04.ckp-chunk-3-Of-10', '../salt_net/ds_cv_run5_2018_10_18_00_42_04.ckp-chunk-4-Of-10', '../salt_net/ds_cv_run5_2018_10_18_00_42_04.ckp-chunk-5-Of-10', '../salt_net/ds_cv_run5_2018_10_18_00_42_04.ckp-chunk-6-Of-10', '../salt_net/ds_cv_run5_2018_10_18_00_42_04.ckp-chunk-7-Of-10', '../salt_net/ds_cv_run5_2018_10_18_00_42_04.ckp-chunk-8-Of-10', '../salt_net/ds_cv_run5_2018_10_18_00_42_04.ckp-chunk-9-Of-10', '../salt_net/ds_cv_run5_2018_10_18_00_42_04.ckp-chunk-10-Of-10']
17/10/2018 14:11:47 - ds_cv_run5 - INFO - Best Val Mean IOU so far: 0.7010060362173038
17/10/2018 14:11:47 - ds_cv_run5 - INFO - Val   IOU: 0.7010, Acc: 0.9177, Best Val IOU: 0.7010 at epoch 6
17/10/2018 14:11:47 - ds_cv_run5 - INFO - LR: [0.0001928]
17/10/2018 14:11:47 - ds_cv_run5 - INFO - Epoch 7/150
17/10/2018 14:11:47 - ds_cv_run5 - INFO - --------------------
17/10/2018 14:16:13 - ds_cv_run5 - INFO - Train IOU: 0.6919, Acc: 0.9066, Loss: [0.7591, 0.1899, 0.9491] at epoch 7
17/10/2018 14:16:22 - ds_cv_run5 - INFO - Val   IOU: 0.6875, Acc: 0.9043, Best Val IOU: 0.7010 at epoch 7
17/10/2018 14:16:22 - ds_cv_run5 - INFO - LR: [0.0001916]
17/10/2018 14:16:22 - ds_cv_run5 - INFO - Epoch 8/150
17/10/2018 14:16:22 - ds_cv_run5 - INFO - --------------------
17/10/2018 14:16:22 - ds_cv_run5 - INFO - Pushing logs to git.
