17/10/2018 04:17:47 - salt_model_v42_deep_supervision_cv_run1 - INFO - np.sum(X_train_ids): 5859769
17/10/2018 04:17:47 - salt_model_v42_deep_supervision_cv_run1 - INFO - np.sum(X_val_ids): 2138231
17/10/2018 04:17:56 - salt_model_v42_deep_supervision_cv_run1 - INFO - salt_model_v42_deep_supervision_cv_run1, based on salt_model_v41_deep_supervision. 4 folds CV. Increase image loss
17/10/2018 04:20:13 - salt_model_v42_deep_supervision_cv_run1 - INFO - 
p = Pipeline_Salt()
p.flip_left_right(probability=0.5)
p.rotate90(0.25)
p.rotate270(0.25)
p.random_brightness(probability=0.5, min_factor=0.8, max_factor=1.2)
p.random_contrast(probability=0.5, min_factor=0.8, max_factor=1.2)
p.rotate_random_align(probability=0.5)
p.crop_random_align(probability=0.5, min_factor=0.6, max_factor=1.0, mask_diff_pct=0.2)

17/10/2018 04:20:13 - salt_model_v42_deep_supervision_cv_run1 - INFO - 
train_data_params = {'batch_size': 32,
                     #'sampler': weighted_sampler,
                     'shuffle': True,
                     'drop_last': True}

val_data_params = {'batch_size': 25,
                   'shuffle': True,
                   'drop_last': False}

train_dataLoader = (
    DataLoader(SaltDataset(X_train, y_train, depth_train,
                           np.zeros_like(X_train_mean_img), out_size=128,  out_ch=1,
                           transform=p.torch_transform()), **train_data_params)
)

val_dataLoader = (
    DataLoader(SaltDataset(X_val, y_val, depth_val, 
                           np.zeros_like(X_train_mean_img), out_size=128, out_ch=1), **val_data_params)
)

dataloaders = {'train': train_dataLoader, 'val':val_dataLoader}

17/10/2018 04:20:13 - salt_model_v42_deep_supervision_cv_run1 - INFO - 
saltnet = UResNet(pretrained=True)
loss_lovasz_hinge = TripleLovaszLoss()
loss_fn_bce = TripleBCELoss(1, 0.1, 0.1)

optimizer = optim.Adam(saltnet.parameters(), lr=1e-4, weight_decay=0.0001)

#scheduler = torch.optim.lr_scheduler.ReduceLROnPlateau(optimizer, mode='min', factor=0.5, patience=5, verbose=True, threshold=0.0001, min_lr=0.00001)
scheduler = PolyLR(optimizer, [1e-4], lr_decay_iter=1, max_iter=150, power=0.9)
model_save_name = model_file_suffix
log.info(model_save_name)

17/10/2018 04:20:13 - salt_model_v42_deep_supervision_cv_run1 - INFO - 
train_params = {
    'model_save_name': model_save_name,
    'save_model_every': 20,
    'save_log_every': 2,
    'num_epochs': 150,
    'log': log,
    'mask_cutoff': 0.,
    'model_save_iou_threshold': 0.82
    }

17/10/2018 04:20:13 - salt_model_v42_deep_supervision_cv_run1 - INFO - 
train_model_ds(saltnet, dataloaders, (loss_fn_bce, loss_lovasz_hinge), (1, 0.3), optimizer, scheduler, train_params, all_data)

17/10/2018 04:20:16 - salt_model_v42_deep_supervision_cv_run1 - INFO - ../salt_net/salt_model_v42_deep_supervision_cv_run1_2018_10_17_15_17_30.ckp
17/10/2018 04:20:16 - salt_model_v42_deep_supervision_cv_run1 - INFO - Start Training...
17/10/2018 04:20:16 - salt_model_v42_deep_supervision_cv_run1 - INFO - ({'train': <torch.utils.data.dataloader.DataLoader object at 0x7f0e09ced4e0>, 'val': <torch.utils.data.dataloader.DataLoader object at 0x7f0e09ceda20>}, (TripleBCELoss(), TripleLovaszLoss()), (1, 0.3), Adam (
Parameter Group 0
    amsgrad: False
    betas: (0.9, 0.999)
    eps: 1e-08
    lr: 0.0001
    weight_decay: 0.0001
), <salt_func_lib.PolyLR object at 0x7f0e09a12208>, {'model_save_name': '../salt_net/salt_model_v42_deep_supervision_cv_run1_2018_10_17_15_17_30.ckp', 'save_model_every': 20, 'save_log_every': 2, 'num_epochs': 150, 'log': <Logger salt_model_v42_deep_supervision_cv_run1 (DEBUG)>, 'mask_cutoff': 0.0, 'model_save_iou_threshold': 0.82})
17/10/2018 04:20:19 - salt_model_v42_deep_supervision_cv_run1 - INFO - Epoch 1/150
17/10/2018 04:20:19 - salt_model_v42_deep_supervision_cv_run1 - INFO - --------------------
17/10/2018 04:24:25 - salt_model_v42_deep_supervision_cv_run1 - INFO - Train IOU: 0.4993, Acc: 0.8090, Loss: [0.5624, 0.287, 0.8494] at epoch 1
17/10/2018 04:24:54 - salt_model_v42_deep_supervision_cv_run1 - INFO - ['../salt_net/salt_model_v42_deep_supervision_cv_run1_2018_10_17_15_17_30.ckp-chunk-1-Of-10', '../salt_net/salt_model_v42_deep_supervision_cv_run1_2018_10_17_15_17_30.ckp-chunk-2-Of-10', '../salt_net/salt_model_v42_deep_supervision_cv_run1_2018_10_17_15_17_30.ckp-chunk-3-Of-10', '../salt_net/salt_model_v42_deep_supervision_cv_run1_2018_10_17_15_17_30.ckp-chunk-4-Of-10', '../salt_net/salt_model_v42_deep_supervision_cv_run1_2018_10_17_15_17_30.ckp-chunk-5-Of-10', '../salt_net/salt_model_v42_deep_supervision_cv_run1_2018_10_17_15_17_30.ckp-chunk-6-Of-10', '../salt_net/salt_model_v42_deep_supervision_cv_run1_2018_10_17_15_17_30.ckp-chunk-7-Of-10', '../salt_net/salt_model_v42_deep_supervision_cv_run1_2018_10_17_15_17_30.ckp-chunk-8-Of-10', '../salt_net/salt_model_v42_deep_supervision_cv_run1_2018_10_17_15_17_30.ckp-chunk-9-Of-10', '../salt_net/salt_model_v42_deep_supervision_cv_run1_2018_10_17_15_17_30.ckp-chunk-10-Of-10']
17/10/2018 04:24:54 - salt_model_v42_deep_supervision_cv_run1 - INFO - Best Val Mean IOU so far: 0.5433
17/10/2018 04:24:54 - salt_model_v42_deep_supervision_cv_run1 - INFO - Val   IOU: 0.5433, Acc: 0.8732, Best Val IOU: 0.5433 at epoch 1
17/10/2018 04:24:54 - salt_model_v42_deep_supervision_cv_run1 - INFO - LR: [9.94e-05]
17/10/2018 04:24:54 - salt_model_v42_deep_supervision_cv_run1 - INFO - Epoch 2/150
17/10/2018 04:24:54 - salt_model_v42_deep_supervision_cv_run1 - INFO - --------------------
17/10/2018 04:24:54 - salt_model_v42_deep_supervision_cv_run1 - INFO - Pushing logs to git.
17/10/2018 04:29:26 - salt_model_v42_deep_supervision_cv_run1 - INFO - Train IOU: 0.5846, Acc: 0.8716, Loss: [0.4371, 0.2536, 0.6907] at epoch 2
17/10/2018 04:29:55 - salt_model_v42_deep_supervision_cv_run1 - INFO - ['../salt_net/salt_model_v42_deep_supervision_cv_run1_2018_10_17_15_17_30.ckp-chunk-1-Of-10', '../salt_net/salt_model_v42_deep_supervision_cv_run1_2018_10_17_15_17_30.ckp-chunk-2-Of-10', '../salt_net/salt_model_v42_deep_supervision_cv_run1_2018_10_17_15_17_30.ckp-chunk-3-Of-10', '../salt_net/salt_model_v42_deep_supervision_cv_run1_2018_10_17_15_17_30.ckp-chunk-4-Of-10', '../salt_net/salt_model_v42_deep_supervision_cv_run1_2018_10_17_15_17_30.ckp-chunk-5-Of-10', '../salt_net/salt_model_v42_deep_supervision_cv_run1_2018_10_17_15_17_30.ckp-chunk-6-Of-10', '../salt_net/salt_model_v42_deep_supervision_cv_run1_2018_10_17_15_17_30.ckp-chunk-7-Of-10', '../salt_net/salt_model_v42_deep_supervision_cv_run1_2018_10_17_15_17_30.ckp-chunk-8-Of-10', '../salt_net/salt_model_v42_deep_supervision_cv_run1_2018_10_17_15_17_30.ckp-chunk-9-Of-10', '../salt_net/salt_model_v42_deep_supervision_cv_run1_2018_10_17_15_17_30.ckp-chunk-10-Of-10']
17/10/2018 04:29:55 - salt_model_v42_deep_supervision_cv_run1 - INFO - Best Val Mean IOU so far: 0.6252000000000001
17/10/2018 04:29:55 - salt_model_v42_deep_supervision_cv_run1 - INFO - Val   IOU: 0.6252, Acc: 0.9067, Best Val IOU: 0.6252 at epoch 2
17/10/2018 04:29:55 - salt_model_v42_deep_supervision_cv_run1 - INFO - LR: [9.88e-05]
17/10/2018 04:29:55 - salt_model_v42_deep_supervision_cv_run1 - INFO - Epoch 3/150
17/10/2018 04:29:55 - salt_model_v42_deep_supervision_cv_run1 - INFO - --------------------
17/10/2018 04:34:01 - salt_model_v42_deep_supervision_cv_run1 - INFO - Train IOU: 0.6321, Acc: 0.8939, Loss: [0.3947, 0.2273, 0.622] at epoch 3
17/10/2018 04:34:29 - salt_model_v42_deep_supervision_cv_run1 - INFO - ['../salt_net/salt_model_v42_deep_supervision_cv_run1_2018_10_17_15_17_30.ckp-chunk-1-Of-10', '../salt_net/salt_model_v42_deep_supervision_cv_run1_2018_10_17_15_17_30.ckp-chunk-2-Of-10', '../salt_net/salt_model_v42_deep_supervision_cv_run1_2018_10_17_15_17_30.ckp-chunk-3-Of-10', '../salt_net/salt_model_v42_deep_supervision_cv_run1_2018_10_17_15_17_30.ckp-chunk-4-Of-10', '../salt_net/salt_model_v42_deep_supervision_cv_run1_2018_10_17_15_17_30.ckp-chunk-5-Of-10', '../salt_net/salt_model_v42_deep_supervision_cv_run1_2018_10_17_15_17_30.ckp-chunk-6-Of-10', '../salt_net/salt_model_v42_deep_supervision_cv_run1_2018_10_17_15_17_30.ckp-chunk-7-Of-10', '../salt_net/salt_model_v42_deep_supervision_cv_run1_2018_10_17_15_17_30.ckp-chunk-8-Of-10', '../salt_net/salt_model_v42_deep_supervision_cv_run1_2018_10_17_15_17_30.ckp-chunk-9-Of-10', '../salt_net/salt_model_v42_deep_supervision_cv_run1_2018_10_17_15_17_30.ckp-chunk-10-Of-10']
17/10/2018 04:34:29 - salt_model_v42_deep_supervision_cv_run1 - INFO - Best Val Mean IOU so far: 0.6547999999999999
17/10/2018 04:34:29 - salt_model_v42_deep_supervision_cv_run1 - INFO - Val   IOU: 0.6548, Acc: 0.9171, Best Val IOU: 0.6548 at epoch 3
17/10/2018 04:34:29 - salt_model_v42_deep_supervision_cv_run1 - INFO - LR: [9.82e-05]
17/10/2018 04:34:29 - salt_model_v42_deep_supervision_cv_run1 - INFO - Epoch 4/150
17/10/2018 04:34:29 - salt_model_v42_deep_supervision_cv_run1 - INFO - --------------------
17/10/2018 04:34:29 - salt_model_v42_deep_supervision_cv_run1 - INFO - Pushing logs to git.
17/10/2018 04:39:02 - salt_model_v42_deep_supervision_cv_run1 - INFO - Train IOU: 0.6357, Acc: 0.8912, Loss: [0.3809, 0.219, 0.6] at epoch 4
17/10/2018 04:39:30 - salt_model_v42_deep_supervision_cv_run1 - INFO - ['../salt_net/salt_model_v42_deep_supervision_cv_run1_2018_10_17_15_17_30.ckp-chunk-1-Of-10', '../salt_net/salt_model_v42_deep_supervision_cv_run1_2018_10_17_15_17_30.ckp-chunk-2-Of-10', '../salt_net/salt_model_v42_deep_supervision_cv_run1_2018_10_17_15_17_30.ckp-chunk-3-Of-10', '../salt_net/salt_model_v42_deep_supervision_cv_run1_2018_10_17_15_17_30.ckp-chunk-4-Of-10', '../salt_net/salt_model_v42_deep_supervision_cv_run1_2018_10_17_15_17_30.ckp-chunk-5-Of-10', '../salt_net/salt_model_v42_deep_supervision_cv_run1_2018_10_17_15_17_30.ckp-chunk-6-Of-10', '../salt_net/salt_model_v42_deep_supervision_cv_run1_2018_10_17_15_17_30.ckp-chunk-7-Of-10', '../salt_net/salt_model_v42_deep_supervision_cv_run1_2018_10_17_15_17_30.ckp-chunk-8-Of-10', '../salt_net/salt_model_v42_deep_supervision_cv_run1_2018_10_17_15_17_30.ckp-chunk-9-Of-10', '../salt_net/salt_model_v42_deep_supervision_cv_run1_2018_10_17_15_17_30.ckp-chunk-10-Of-10']
17/10/2018 04:39:30 - salt_model_v42_deep_supervision_cv_run1 - INFO - Best Val Mean IOU so far: 0.6881
17/10/2018 04:39:30 - salt_model_v42_deep_supervision_cv_run1 - INFO - Val   IOU: 0.6881, Acc: 0.9304, Best Val IOU: 0.6881 at epoch 4
17/10/2018 04:39:30 - salt_model_v42_deep_supervision_cv_run1 - INFO - LR: [9.76e-05]
17/10/2018 04:39:30 - salt_model_v42_deep_supervision_cv_run1 - INFO - Epoch 5/150
17/10/2018 04:39:30 - salt_model_v42_deep_supervision_cv_run1 - INFO - --------------------
17/10/2018 04:43:36 - salt_model_v42_deep_supervision_cv_run1 - INFO - Train IOU: 0.6703, Acc: 0.9093, Loss: [0.352, 0.2028, 0.5548] at epoch 5
17/10/2018 04:44:02 - salt_model_v42_deep_supervision_cv_run1 - INFO - Val   IOU: 0.6858, Acc: 0.9260, Best Val IOU: 0.6881 at epoch 5
17/10/2018 04:44:02 - salt_model_v42_deep_supervision_cv_run1 - INFO - LR: [9.7e-05]
17/10/2018 04:44:02 - salt_model_v42_deep_supervision_cv_run1 - INFO - Epoch 6/150
17/10/2018 04:44:02 - salt_model_v42_deep_supervision_cv_run1 - INFO - --------------------
17/10/2018 04:44:02 - salt_model_v42_deep_supervision_cv_run1 - INFO - Pushing logs to git.
17/10/2018 04:48:31 - salt_model_v42_deep_supervision_cv_run1 - INFO - Train IOU: 0.6894, Acc: 0.9139, Loss: [0.3292, 0.1903, 0.5196] at epoch 6
17/10/2018 04:49:00 - salt_model_v42_deep_supervision_cv_run1 - INFO - ['../salt_net/salt_model_v42_deep_supervision_cv_run1_2018_10_17_15_17_30.ckp-chunk-1-Of-10', '../salt_net/salt_model_v42_deep_supervision_cv_run1_2018_10_17_15_17_30.ckp-chunk-2-Of-10', '../salt_net/salt_model_v42_deep_supervision_cv_run1_2018_10_17_15_17_30.ckp-chunk-3-Of-10', '../salt_net/salt_model_v42_deep_supervision_cv_run1_2018_10_17_15_17_30.ckp-chunk-4-Of-10', '../salt_net/salt_model_v42_deep_supervision_cv_run1_2018_10_17_15_17_30.ckp-chunk-5-Of-10', '../salt_net/salt_model_v42_deep_supervision_cv_run1_2018_10_17_15_17_30.ckp-chunk-6-Of-10', '../salt_net/salt_model_v42_deep_supervision_cv_run1_2018_10_17_15_17_30.ckp-chunk-7-Of-10', '../salt_net/salt_model_v42_deep_supervision_cv_run1_2018_10_17_15_17_30.ckp-chunk-8-Of-10', '../salt_net/salt_model_v42_deep_supervision_cv_run1_2018_10_17_15_17_30.ckp-chunk-9-Of-10', '../salt_net/salt_model_v42_deep_supervision_cv_run1_2018_10_17_15_17_30.ckp-chunk-10-Of-10']
17/10/2018 04:49:00 - salt_model_v42_deep_supervision_cv_run1 - INFO - Best Val Mean IOU so far: 0.7111999999999999
17/10/2018 04:49:00 - salt_model_v42_deep_supervision_cv_run1 - INFO - Val   IOU: 0.7112, Acc: 0.9275, Best Val IOU: 0.7112 at epoch 6
17/10/2018 04:49:00 - salt_model_v42_deep_supervision_cv_run1 - INFO - LR: [9.64e-05]
17/10/2018 04:49:00 - salt_model_v42_deep_supervision_cv_run1 - INFO - Epoch 7/150
17/10/2018 04:49:00 - salt_model_v42_deep_supervision_cv_run1 - INFO - --------------------
17/10/2018 04:53:06 - salt_model_v42_deep_supervision_cv_run1 - INFO - Train IOU: 0.6818, Acc: 0.9097, Loss: [0.3394, 0.1928, 0.5321] at epoch 7
17/10/2018 04:53:32 - salt_model_v42_deep_supervision_cv_run1 - INFO - Val   IOU: 0.7054, Acc: 0.9314, Best Val IOU: 0.7112 at epoch 7
17/10/2018 04:53:32 - salt_model_v42_deep_supervision_cv_run1 - INFO - LR: [9.58e-05]
17/10/2018 04:53:32 - salt_model_v42_deep_supervision_cv_run1 - INFO - Epoch 8/150
17/10/2018 04:53:32 - salt_model_v42_deep_supervision_cv_run1 - INFO - --------------------
17/10/2018 04:53:32 - salt_model_v42_deep_supervision_cv_run1 - INFO - Pushing logs to git.
17/10/2018 04:58:06 - salt_model_v42_deep_supervision_cv_run1 - INFO - Train IOU: 0.7084, Acc: 0.9224, Loss: [0.3089, 0.178, 0.4869] at epoch 8
17/10/2018 04:58:35 - salt_model_v42_deep_supervision_cv_run1 - INFO - ['../salt_net/salt_model_v42_deep_supervision_cv_run1_2018_10_17_15_17_30.ckp-chunk-1-Of-10', '../salt_net/salt_model_v42_deep_supervision_cv_run1_2018_10_17_15_17_30.ckp-chunk-2-Of-10', '../salt_net/salt_model_v42_deep_supervision_cv_run1_2018_10_17_15_17_30.ckp-chunk-3-Of-10', '../salt_net/salt_model_v42_deep_supervision_cv_run1_2018_10_17_15_17_30.ckp-chunk-4-Of-10', '../salt_net/salt_model_v42_deep_supervision_cv_run1_2018_10_17_15_17_30.ckp-chunk-5-Of-10', '../salt_net/salt_model_v42_deep_supervision_cv_run1_2018_10_17_15_17_30.ckp-chunk-6-Of-10', '../salt_net/salt_model_v42_deep_supervision_cv_run1_2018_10_17_15_17_30.ckp-chunk-7-Of-10', '../salt_net/salt_model_v42_deep_supervision_cv_run1_2018_10_17_15_17_30.ckp-chunk-8-Of-10', '../salt_net/salt_model_v42_deep_supervision_cv_run1_2018_10_17_15_17_30.ckp-chunk-9-Of-10', '../salt_net/salt_model_v42_deep_supervision_cv_run1_2018_10_17_15_17_30.ckp-chunk-10-Of-10']
17/10/2018 04:58:35 - salt_model_v42_deep_supervision_cv_run1 - INFO - Best Val Mean IOU so far: 0.7291
17/10/2018 04:58:35 - salt_model_v42_deep_supervision_cv_run1 - INFO - Val   IOU: 0.7291, Acc: 0.9356, Best Val IOU: 0.7291 at epoch 8
17/10/2018 04:58:35 - salt_model_v42_deep_supervision_cv_run1 - INFO - LR: [9.52e-05]
17/10/2018 04:58:35 - salt_model_v42_deep_supervision_cv_run1 - INFO - Epoch 9/150
17/10/2018 04:58:36 - salt_model_v42_deep_supervision_cv_run1 - INFO - --------------------
17/10/2018 05:02:41 - salt_model_v42_deep_supervision_cv_run1 - INFO - Train IOU: 0.7085, Acc: 0.9194, Loss: [0.3161, 0.1785, 0.4945] at epoch 9
17/10/2018 05:03:10 - salt_model_v42_deep_supervision_cv_run1 - INFO - ['../salt_net/salt_model_v42_deep_supervision_cv_run1_2018_10_17_15_17_30.ckp-chunk-1-Of-10', '../salt_net/salt_model_v42_deep_supervision_cv_run1_2018_10_17_15_17_30.ckp-chunk-2-Of-10', '../salt_net/salt_model_v42_deep_supervision_cv_run1_2018_10_17_15_17_30.ckp-chunk-3-Of-10', '../salt_net/salt_model_v42_deep_supervision_cv_run1_2018_10_17_15_17_30.ckp-chunk-4-Of-10', '../salt_net/salt_model_v42_deep_supervision_cv_run1_2018_10_17_15_17_30.ckp-chunk-5-Of-10', '../salt_net/salt_model_v42_deep_supervision_cv_run1_2018_10_17_15_17_30.ckp-chunk-6-Of-10', '../salt_net/salt_model_v42_deep_supervision_cv_run1_2018_10_17_15_17_30.ckp-chunk-7-Of-10', '../salt_net/salt_model_v42_deep_supervision_cv_run1_2018_10_17_15_17_30.ckp-chunk-8-Of-10', '../salt_net/salt_model_v42_deep_supervision_cv_run1_2018_10_17_15_17_30.ckp-chunk-9-Of-10', '../salt_net/salt_model_v42_deep_supervision_cv_run1_2018_10_17_15_17_30.ckp-chunk-10-Of-10']
17/10/2018 05:03:10 - salt_model_v42_deep_supervision_cv_run1 - INFO - Best Val Mean IOU so far: 0.7365
17/10/2018 05:03:10 - salt_model_v42_deep_supervision_cv_run1 - INFO - Val   IOU: 0.7365, Acc: 0.9375, Best Val IOU: 0.7365 at epoch 9
17/10/2018 05:03:10 - salt_model_v42_deep_supervision_cv_run1 - INFO - LR: [9.46e-05]
17/10/2018 05:03:10 - salt_model_v42_deep_supervision_cv_run1 - INFO - Epoch 10/150
17/10/2018 05:03:10 - salt_model_v42_deep_supervision_cv_run1 - INFO - --------------------
17/10/2018 05:03:10 - salt_model_v42_deep_supervision_cv_run1 - INFO - Pushing logs to git.
17/10/2018 05:07:42 - salt_model_v42_deep_supervision_cv_run1 - INFO - Train IOU: 0.7206, Acc: 0.9190, Loss: [0.3026, 0.1703, 0.4729] at epoch 10
17/10/2018 05:08:11 - salt_model_v42_deep_supervision_cv_run1 - INFO - ['../salt_net/salt_model_v42_deep_supervision_cv_run1_2018_10_17_15_17_30.ckp-chunk-1-Of-10', '../salt_net/salt_model_v42_deep_supervision_cv_run1_2018_10_17_15_17_30.ckp-chunk-2-Of-10', '../salt_net/salt_model_v42_deep_supervision_cv_run1_2018_10_17_15_17_30.ckp-chunk-3-Of-10', '../salt_net/salt_model_v42_deep_supervision_cv_run1_2018_10_17_15_17_30.ckp-chunk-4-Of-10', '../salt_net/salt_model_v42_deep_supervision_cv_run1_2018_10_17_15_17_30.ckp-chunk-5-Of-10', '../salt_net/salt_model_v42_deep_supervision_cv_run1_2018_10_17_15_17_30.ckp-chunk-6-Of-10', '../salt_net/salt_model_v42_deep_supervision_cv_run1_2018_10_17_15_17_30.ckp-chunk-7-Of-10', '../salt_net/salt_model_v42_deep_supervision_cv_run1_2018_10_17_15_17_30.ckp-chunk-8-Of-10', '../salt_net/salt_model_v42_deep_supervision_cv_run1_2018_10_17_15_17_30.ckp-chunk-9-Of-10', '../salt_net/salt_model_v42_deep_supervision_cv_run1_2018_10_17_15_17_30.ckp-chunk-10-Of-10']
17/10/2018 05:08:11 - salt_model_v42_deep_supervision_cv_run1 - INFO - Best Val Mean IOU so far: 0.7373999999999999
17/10/2018 05:08:11 - salt_model_v42_deep_supervision_cv_run1 - INFO - Val   IOU: 0.7374, Acc: 0.9407, Best Val IOU: 0.7374 at epoch 10
17/10/2018 05:08:11 - salt_model_v42_deep_supervision_cv_run1 - INFO - LR: [9.4e-05]
17/10/2018 05:08:11 - salt_model_v42_deep_supervision_cv_run1 - INFO - Epoch 11/150
17/10/2018 05:08:11 - salt_model_v42_deep_supervision_cv_run1 - INFO - --------------------
17/10/2018 05:12:17 - salt_model_v42_deep_supervision_cv_run1 - INFO - Train IOU: 0.7172, Acc: 0.9229, Loss: [0.2962, 0.1684, 0.4647] at epoch 11
17/10/2018 05:12:46 - salt_model_v42_deep_supervision_cv_run1 - INFO - ['../salt_net/salt_model_v42_deep_supervision_cv_run1_2018_10_17_15_17_30.ckp-chunk-1-Of-10', '../salt_net/salt_model_v42_deep_supervision_cv_run1_2018_10_17_15_17_30.ckp-chunk-2-Of-10', '../salt_net/salt_model_v42_deep_supervision_cv_run1_2018_10_17_15_17_30.ckp-chunk-3-Of-10', '../salt_net/salt_model_v42_deep_supervision_cv_run1_2018_10_17_15_17_30.ckp-chunk-4-Of-10', '../salt_net/salt_model_v42_deep_supervision_cv_run1_2018_10_17_15_17_30.ckp-chunk-5-Of-10', '../salt_net/salt_model_v42_deep_supervision_cv_run1_2018_10_17_15_17_30.ckp-chunk-6-Of-10', '../salt_net/salt_model_v42_deep_supervision_cv_run1_2018_10_17_15_17_30.ckp-chunk-7-Of-10', '../salt_net/salt_model_v42_deep_supervision_cv_run1_2018_10_17_15_17_30.ckp-chunk-8-Of-10', '../salt_net/salt_model_v42_deep_supervision_cv_run1_2018_10_17_15_17_30.ckp-chunk-9-Of-10', '../salt_net/salt_model_v42_deep_supervision_cv_run1_2018_10_17_15_17_30.ckp-chunk-10-Of-10']
17/10/2018 05:12:46 - salt_model_v42_deep_supervision_cv_run1 - INFO - Best Val Mean IOU so far: 0.7476
17/10/2018 05:12:46 - salt_model_v42_deep_supervision_cv_run1 - INFO - Val   IOU: 0.7476, Acc: 0.9425, Best Val IOU: 0.7476 at epoch 11
17/10/2018 05:12:46 - salt_model_v42_deep_supervision_cv_run1 - INFO - LR: [9.34e-05]
17/10/2018 05:12:46 - salt_model_v42_deep_supervision_cv_run1 - INFO - Epoch 12/150
17/10/2018 05:12:46 - salt_model_v42_deep_supervision_cv_run1 - INFO - --------------------
17/10/2018 05:12:46 - salt_model_v42_deep_supervision_cv_run1 - INFO - Pushing logs to git.
17/10/2018 05:17:20 - salt_model_v42_deep_supervision_cv_run1 - INFO - Train IOU: 0.7322, Acc: 0.9282, Loss: [0.2882, 0.167, 0.4551] at epoch 12
17/10/2018 05:17:46 - salt_model_v42_deep_supervision_cv_run1 - INFO - Val   IOU: 0.7423, Acc: 0.9422, Best Val IOU: 0.7476 at epoch 12
17/10/2018 05:17:46 - salt_model_v42_deep_supervision_cv_run1 - INFO - LR: [9.28e-05]
17/10/2018 05:17:46 - salt_model_v42_deep_supervision_cv_run1 - INFO - Epoch 13/150
17/10/2018 05:17:46 - salt_model_v42_deep_supervision_cv_run1 - INFO - --------------------
17/10/2018 05:21:52 - salt_model_v42_deep_supervision_cv_run1 - INFO - Train IOU: 0.7222, Acc: 0.9234, Loss: [0.3015, 0.1684, 0.47] at epoch 13
17/10/2018 05:22:21 - salt_model_v42_deep_supervision_cv_run1 - INFO - ['../salt_net/salt_model_v42_deep_supervision_cv_run1_2018_10_17_15_17_30.ckp-chunk-1-Of-10', '../salt_net/salt_model_v42_deep_supervision_cv_run1_2018_10_17_15_17_30.ckp-chunk-2-Of-10', '../salt_net/salt_model_v42_deep_supervision_cv_run1_2018_10_17_15_17_30.ckp-chunk-3-Of-10', '../salt_net/salt_model_v42_deep_supervision_cv_run1_2018_10_17_15_17_30.ckp-chunk-4-Of-10', '../salt_net/salt_model_v42_deep_supervision_cv_run1_2018_10_17_15_17_30.ckp-chunk-5-Of-10', '../salt_net/salt_model_v42_deep_supervision_cv_run1_2018_10_17_15_17_30.ckp-chunk-6-Of-10', '../salt_net/salt_model_v42_deep_supervision_cv_run1_2018_10_17_15_17_30.ckp-chunk-7-Of-10', '../salt_net/salt_model_v42_deep_supervision_cv_run1_2018_10_17_15_17_30.ckp-chunk-8-Of-10', '../salt_net/salt_model_v42_deep_supervision_cv_run1_2018_10_17_15_17_30.ckp-chunk-9-Of-10', '../salt_net/salt_model_v42_deep_supervision_cv_run1_2018_10_17_15_17_30.ckp-chunk-10-Of-10']
17/10/2018 05:22:21 - salt_model_v42_deep_supervision_cv_run1 - INFO - Best Val Mean IOU so far: 0.756
17/10/2018 05:22:21 - salt_model_v42_deep_supervision_cv_run1 - INFO - Val   IOU: 0.7560, Acc: 0.9474, Best Val IOU: 0.7560 at epoch 13
17/10/2018 05:22:21 - salt_model_v42_deep_supervision_cv_run1 - INFO - LR: [9.22e-05]
17/10/2018 05:22:21 - salt_model_v42_deep_supervision_cv_run1 - INFO - Epoch 14/150
17/10/2018 05:22:21 - salt_model_v42_deep_supervision_cv_run1 - INFO - --------------------
17/10/2018 05:22:21 - salt_model_v42_deep_supervision_cv_run1 - INFO - Pushing logs to git.
17/10/2018 05:27:58 - salt_model_v42_deep_supervision_cv_run1 - INFO - Train IOU: 0.7396, Acc: 0.9313, Loss: [0.2873, 0.1596, 0.4469] at epoch 14
17/10/2018 05:28:24 - salt_model_v42_deep_supervision_cv_run1 - INFO - Val   IOU: 0.7335, Acc: 0.9382, Best Val IOU: 0.7560 at epoch 14
17/10/2018 05:28:24 - salt_model_v42_deep_supervision_cv_run1 - INFO - LR: [9.16e-05]
17/10/2018 05:28:24 - salt_model_v42_deep_supervision_cv_run1 - INFO - Epoch 15/150
17/10/2018 05:28:24 - salt_model_v42_deep_supervision_cv_run1 - INFO - --------------------
17/10/2018 05:32:30 - salt_model_v42_deep_supervision_cv_run1 - INFO - Train IOU: 0.7387, Acc: 0.9323, Loss: [0.2803, 0.1574, 0.4377] at epoch 15
17/10/2018 05:32:56 - salt_model_v42_deep_supervision_cv_run1 - INFO - Val   IOU: 0.7553, Acc: 0.9465, Best Val IOU: 0.7560 at epoch 15
17/10/2018 05:32:56 - salt_model_v42_deep_supervision_cv_run1 - INFO - LR: [9.1e-05]
17/10/2018 05:32:56 - salt_model_v42_deep_supervision_cv_run1 - INFO - Epoch 16/150
17/10/2018 05:32:56 - salt_model_v42_deep_supervision_cv_run1 - INFO - --------------------
17/10/2018 05:32:56 - salt_model_v42_deep_supervision_cv_run1 - INFO - Pushing logs to git.
17/10/2018 05:38:33 - salt_model_v42_deep_supervision_cv_run1 - INFO - Train IOU: 0.7391, Acc: 0.9329, Loss: [0.2756, 0.1575, 0.4331] at epoch 16
17/10/2018 05:39:02 - salt_model_v42_deep_supervision_cv_run1 - INFO - ['../salt_net/salt_model_v42_deep_supervision_cv_run1_2018_10_17_15_17_30.ckp-chunk-1-Of-10', '../salt_net/salt_model_v42_deep_supervision_cv_run1_2018_10_17_15_17_30.ckp-chunk-2-Of-10', '../salt_net/salt_model_v42_deep_supervision_cv_run1_2018_10_17_15_17_30.ckp-chunk-3-Of-10', '../salt_net/salt_model_v42_deep_supervision_cv_run1_2018_10_17_15_17_30.ckp-chunk-4-Of-10', '../salt_net/salt_model_v42_deep_supervision_cv_run1_2018_10_17_15_17_30.ckp-chunk-5-Of-10', '../salt_net/salt_model_v42_deep_supervision_cv_run1_2018_10_17_15_17_30.ckp-chunk-6-Of-10', '../salt_net/salt_model_v42_deep_supervision_cv_run1_2018_10_17_15_17_30.ckp-chunk-7-Of-10', '../salt_net/salt_model_v42_deep_supervision_cv_run1_2018_10_17_15_17_30.ckp-chunk-8-Of-10', '../salt_net/salt_model_v42_deep_supervision_cv_run1_2018_10_17_15_17_30.ckp-chunk-9-Of-10', '../salt_net/salt_model_v42_deep_supervision_cv_run1_2018_10_17_15_17_30.ckp-chunk-10-Of-10']
17/10/2018 05:39:02 - salt_model_v42_deep_supervision_cv_run1 - INFO - Best Val Mean IOU so far: 0.7685
17/10/2018 05:39:02 - salt_model_v42_deep_supervision_cv_run1 - INFO - Val   IOU: 0.7685, Acc: 0.9508, Best Val IOU: 0.7685 at epoch 16
17/10/2018 05:39:02 - salt_model_v42_deep_supervision_cv_run1 - INFO - LR: [9.03e-05]
17/10/2018 05:39:02 - salt_model_v42_deep_supervision_cv_run1 - INFO - Epoch 17/150
17/10/2018 05:39:02 - salt_model_v42_deep_supervision_cv_run1 - INFO - --------------------
17/10/2018 05:43:08 - salt_model_v42_deep_supervision_cv_run1 - INFO - Train IOU: 0.7458, Acc: 0.9350, Loss: [0.2721, 0.155, 0.4271] at epoch 17
17/10/2018 05:43:34 - salt_model_v42_deep_supervision_cv_run1 - INFO - Val   IOU: 0.7651, Acc: 0.9493, Best Val IOU: 0.7685 at epoch 17
17/10/2018 05:43:34 - salt_model_v42_deep_supervision_cv_run1 - INFO - LR: [8.97e-05]
17/10/2018 05:43:34 - salt_model_v42_deep_supervision_cv_run1 - INFO - Epoch 18/150
17/10/2018 05:43:34 - salt_model_v42_deep_supervision_cv_run1 - INFO - --------------------
17/10/2018 05:43:34 - salt_model_v42_deep_supervision_cv_run1 - INFO - Pushing logs to git.
17/10/2018 05:49:11 - salt_model_v42_deep_supervision_cv_run1 - INFO - Train IOU: 0.7469, Acc: 0.9351, Loss: [0.2742, 0.154, 0.4282] at epoch 18
17/10/2018 05:49:37 - salt_model_v42_deep_supervision_cv_run1 - INFO - Val   IOU: 0.7336, Acc: 0.9375, Best Val IOU: 0.7685 at epoch 18
17/10/2018 05:49:37 - salt_model_v42_deep_supervision_cv_run1 - INFO - LR: [8.91e-05]
17/10/2018 05:49:37 - salt_model_v42_deep_supervision_cv_run1 - INFO - Epoch 19/150
17/10/2018 05:49:37 - salt_model_v42_deep_supervision_cv_run1 - INFO - --------------------
17/10/2018 05:53:43 - salt_model_v42_deep_supervision_cv_run1 - INFO - Train IOU: 0.7513, Acc: 0.9367, Loss: [0.2643, 0.1517, 0.416] at epoch 19
17/10/2018 05:54:12 - salt_model_v42_deep_supervision_cv_run1 - INFO - ['../salt_net/salt_model_v42_deep_supervision_cv_run1_2018_10_17_15_17_30.ckp-chunk-1-Of-10', '../salt_net/salt_model_v42_deep_supervision_cv_run1_2018_10_17_15_17_30.ckp-chunk-2-Of-10', '../salt_net/salt_model_v42_deep_supervision_cv_run1_2018_10_17_15_17_30.ckp-chunk-3-Of-10', '../salt_net/salt_model_v42_deep_supervision_cv_run1_2018_10_17_15_17_30.ckp-chunk-4-Of-10', '../salt_net/salt_model_v42_deep_supervision_cv_run1_2018_10_17_15_17_30.ckp-chunk-5-Of-10', '../salt_net/salt_model_v42_deep_supervision_cv_run1_2018_10_17_15_17_30.ckp-chunk-6-Of-10', '../salt_net/salt_model_v42_deep_supervision_cv_run1_2018_10_17_15_17_30.ckp-chunk-7-Of-10', '../salt_net/salt_model_v42_deep_supervision_cv_run1_2018_10_17_15_17_30.ckp-chunk-8-Of-10', '../salt_net/salt_model_v42_deep_supervision_cv_run1_2018_10_17_15_17_30.ckp-chunk-9-Of-10', '../salt_net/salt_model_v42_deep_supervision_cv_run1_2018_10_17_15_17_30.ckp-chunk-10-Of-10']
17/10/2018 05:54:12 - salt_model_v42_deep_supervision_cv_run1 - INFO - Best Val Mean IOU so far: 0.777
17/10/2018 05:54:12 - salt_model_v42_deep_supervision_cv_run1 - INFO - Val   IOU: 0.7770, Acc: 0.9488, Best Val IOU: 0.7770 at epoch 19
17/10/2018 05:54:12 - salt_model_v42_deep_supervision_cv_run1 - INFO - LR: [8.85e-05]
17/10/2018 05:54:12 - salt_model_v42_deep_supervision_cv_run1 - INFO - Epoch 20/150
17/10/2018 05:54:12 - salt_model_v42_deep_supervision_cv_run1 - INFO - --------------------
17/10/2018 05:54:12 - salt_model_v42_deep_supervision_cv_run1 - INFO - Pushing logs to git.
17/10/2018 05:59:50 - salt_model_v42_deep_supervision_cv_run1 - INFO - Train IOU: 0.7499, Acc: 0.9319, Loss: [0.2723, 0.15, 0.4223] at epoch 20
17/10/2018 06:00:16 - salt_model_v42_deep_supervision_cv_run1 - INFO - Val   IOU: 0.7605, Acc: 0.9445, Best Val IOU: 0.7770 at epoch 20
17/10/2018 06:00:16 - salt_model_v42_deep_supervision_cv_run1 - INFO - Skip pushing model to git as there's no improvement
17/10/2018 06:00:16 - salt_model_v42_deep_supervision_cv_run1 - INFO - LR: [8.79e-05]
17/10/2018 06:00:16 - salt_model_v42_deep_supervision_cv_run1 - INFO - Epoch 21/150
17/10/2018 06:00:16 - salt_model_v42_deep_supervision_cv_run1 - INFO - --------------------
17/10/2018 06:04:22 - salt_model_v42_deep_supervision_cv_run1 - INFO - Train IOU: 0.7601, Acc: 0.9385, Loss: [0.2622, 0.1437, 0.4059] at epoch 21
17/10/2018 06:04:48 - salt_model_v42_deep_supervision_cv_run1 - INFO - Val   IOU: 0.7673, Acc: 0.9465, Best Val IOU: 0.7770 at epoch 21
17/10/2018 06:04:48 - salt_model_v42_deep_supervision_cv_run1 - INFO - LR: [8.73e-05]
17/10/2018 06:04:48 - salt_model_v42_deep_supervision_cv_run1 - INFO - Epoch 22/150
17/10/2018 06:04:48 - salt_model_v42_deep_supervision_cv_run1 - INFO - --------------------
17/10/2018 06:04:48 - salt_model_v42_deep_supervision_cv_run1 - INFO - Pushing logs to git.
17/10/2018 06:10:26 - salt_model_v42_deep_supervision_cv_run1 - INFO - Train IOU: 0.7568, Acc: 0.9344, Loss: [0.2634, 0.1456, 0.409] at epoch 22
17/10/2018 06:10:52 - salt_model_v42_deep_supervision_cv_run1 - INFO - Val   IOU: 0.7670, Acc: 0.9496, Best Val IOU: 0.7770 at epoch 22
17/10/2018 06:10:52 - salt_model_v42_deep_supervision_cv_run1 - INFO - LR: [8.67e-05]
17/10/2018 06:10:52 - salt_model_v42_deep_supervision_cv_run1 - INFO - Epoch 23/150
17/10/2018 06:10:52 - salt_model_v42_deep_supervision_cv_run1 - INFO - --------------------
17/10/2018 06:14:58 - salt_model_v42_deep_supervision_cv_run1 - INFO - Train IOU: 0.7595, Acc: 0.9386, Loss: [0.262, 0.1483, 0.4103] at epoch 23
17/10/2018 06:15:24 - salt_model_v42_deep_supervision_cv_run1 - INFO - Val   IOU: 0.7701, Acc: 0.9500, Best Val IOU: 0.7770 at epoch 23
17/10/2018 06:15:24 - salt_model_v42_deep_supervision_cv_run1 - INFO - LR: [8.61e-05]
17/10/2018 06:15:24 - salt_model_v42_deep_supervision_cv_run1 - INFO - Epoch 24/150
17/10/2018 06:15:24 - salt_model_v42_deep_supervision_cv_run1 - INFO - --------------------
17/10/2018 06:15:24 - salt_model_v42_deep_supervision_cv_run1 - INFO - Pushing logs to git.
17/10/2018 06:21:02 - salt_model_v42_deep_supervision_cv_run1 - INFO - Train IOU: 0.7519, Acc: 0.9346, Loss: [0.2613, 0.1477, 0.409] at epoch 24
17/10/2018 06:21:28 - salt_model_v42_deep_supervision_cv_run1 - INFO - Val   IOU: 0.7696, Acc: 0.9496, Best Val IOU: 0.7770 at epoch 24
17/10/2018 06:21:28 - salt_model_v42_deep_supervision_cv_run1 - INFO - LR: [8.55e-05]
17/10/2018 06:21:28 - salt_model_v42_deep_supervision_cv_run1 - INFO - Epoch 25/150
17/10/2018 06:21:28 - salt_model_v42_deep_supervision_cv_run1 - INFO - --------------------
17/10/2018 06:25:33 - salt_model_v42_deep_supervision_cv_run1 - INFO - Train IOU: 0.7698, Acc: 0.9403, Loss: [0.2553, 0.1404, 0.3957] at epoch 25
17/10/2018 06:25:59 - salt_model_v42_deep_supervision_cv_run1 - INFO - Val   IOU: 0.7629, Acc: 0.9460, Best Val IOU: 0.7770 at epoch 25
17/10/2018 06:25:59 - salt_model_v42_deep_supervision_cv_run1 - INFO - LR: [8.49e-05]
17/10/2018 06:25:59 - salt_model_v42_deep_supervision_cv_run1 - INFO - Epoch 26/150
17/10/2018 06:25:59 - salt_model_v42_deep_supervision_cv_run1 - INFO - --------------------
17/10/2018 06:25:59 - salt_model_v42_deep_supervision_cv_run1 - INFO - Pushing logs to git.
17/10/2018 06:31:37 - salt_model_v42_deep_supervision_cv_run1 - INFO - Train IOU: 0.7658, Acc: 0.9384, Loss: [0.2593, 0.1427, 0.4021] at epoch 26
17/10/2018 06:32:06 - salt_model_v42_deep_supervision_cv_run1 - INFO - ['../salt_net/salt_model_v42_deep_supervision_cv_run1_2018_10_17_15_17_30.ckp-chunk-1-Of-10', '../salt_net/salt_model_v42_deep_supervision_cv_run1_2018_10_17_15_17_30.ckp-chunk-2-Of-10', '../salt_net/salt_model_v42_deep_supervision_cv_run1_2018_10_17_15_17_30.ckp-chunk-3-Of-10', '../salt_net/salt_model_v42_deep_supervision_cv_run1_2018_10_17_15_17_30.ckp-chunk-4-Of-10', '../salt_net/salt_model_v42_deep_supervision_cv_run1_2018_10_17_15_17_30.ckp-chunk-5-Of-10', '../salt_net/salt_model_v42_deep_supervision_cv_run1_2018_10_17_15_17_30.ckp-chunk-6-Of-10', '../salt_net/salt_model_v42_deep_supervision_cv_run1_2018_10_17_15_17_30.ckp-chunk-7-Of-10', '../salt_net/salt_model_v42_deep_supervision_cv_run1_2018_10_17_15_17_30.ckp-chunk-8-Of-10', '../salt_net/salt_model_v42_deep_supervision_cv_run1_2018_10_17_15_17_30.ckp-chunk-9-Of-10', '../salt_net/salt_model_v42_deep_supervision_cv_run1_2018_10_17_15_17_30.ckp-chunk-10-Of-10']
17/10/2018 06:32:06 - salt_model_v42_deep_supervision_cv_run1 - INFO - Best Val Mean IOU so far: 0.7773
17/10/2018 06:32:06 - salt_model_v42_deep_supervision_cv_run1 - INFO - Val   IOU: 0.7773, Acc: 0.9485, Best Val IOU: 0.7773 at epoch 26
17/10/2018 06:32:06 - salt_model_v42_deep_supervision_cv_run1 - INFO - LR: [8.43e-05]
17/10/2018 06:32:06 - salt_model_v42_deep_supervision_cv_run1 - INFO - Epoch 27/150
17/10/2018 06:32:06 - salt_model_v42_deep_supervision_cv_run1 - INFO - --------------------
17/10/2018 06:36:11 - salt_model_v42_deep_supervision_cv_run1 - INFO - Train IOU: 0.7663, Acc: 0.9397, Loss: [0.2589, 0.1429, 0.4018] at epoch 27
17/10/2018 06:36:37 - salt_model_v42_deep_supervision_cv_run1 - INFO - Val   IOU: 0.7737, Acc: 0.9467, Best Val IOU: 0.7773 at epoch 27
17/10/2018 06:36:37 - salt_model_v42_deep_supervision_cv_run1 - INFO - LR: [8.36e-05]
17/10/2018 06:36:37 - salt_model_v42_deep_supervision_cv_run1 - INFO - Epoch 28/150
17/10/2018 06:36:37 - salt_model_v42_deep_supervision_cv_run1 - INFO - --------------------
17/10/2018 06:36:37 - salt_model_v42_deep_supervision_cv_run1 - INFO - Pushing logs to git.
17/10/2018 06:42:15 - salt_model_v42_deep_supervision_cv_run1 - INFO - Train IOU: 0.7657, Acc: 0.9408, Loss: [0.2509, 0.1387, 0.3896] at epoch 28
17/10/2018 06:42:40 - salt_model_v42_deep_supervision_cv_run1 - INFO - Val   IOU: 0.7727, Acc: 0.9525, Best Val IOU: 0.7773 at epoch 28
17/10/2018 06:42:40 - salt_model_v42_deep_supervision_cv_run1 - INFO - LR: [8.3e-05]
17/10/2018 06:42:40 - salt_model_v42_deep_supervision_cv_run1 - INFO - Epoch 29/150
17/10/2018 06:42:40 - salt_model_v42_deep_supervision_cv_run1 - INFO - --------------------
17/10/2018 06:46:46 - salt_model_v42_deep_supervision_cv_run1 - INFO - Train IOU: 0.7753, Acc: 0.9431, Loss: [0.2409, 0.1365, 0.3774] at epoch 29
17/10/2018 06:47:15 - salt_model_v42_deep_supervision_cv_run1 - INFO - ['../salt_net/salt_model_v42_deep_supervision_cv_run1_2018_10_17_15_17_30.ckp-chunk-1-Of-10', '../salt_net/salt_model_v42_deep_supervision_cv_run1_2018_10_17_15_17_30.ckp-chunk-2-Of-10', '../salt_net/salt_model_v42_deep_supervision_cv_run1_2018_10_17_15_17_30.ckp-chunk-3-Of-10', '../salt_net/salt_model_v42_deep_supervision_cv_run1_2018_10_17_15_17_30.ckp-chunk-4-Of-10', '../salt_net/salt_model_v42_deep_supervision_cv_run1_2018_10_17_15_17_30.ckp-chunk-5-Of-10', '../salt_net/salt_model_v42_deep_supervision_cv_run1_2018_10_17_15_17_30.ckp-chunk-6-Of-10', '../salt_net/salt_model_v42_deep_supervision_cv_run1_2018_10_17_15_17_30.ckp-chunk-7-Of-10', '../salt_net/salt_model_v42_deep_supervision_cv_run1_2018_10_17_15_17_30.ckp-chunk-8-Of-10', '../salt_net/salt_model_v42_deep_supervision_cv_run1_2018_10_17_15_17_30.ckp-chunk-9-Of-10', '../salt_net/salt_model_v42_deep_supervision_cv_run1_2018_10_17_15_17_30.ckp-chunk-10-Of-10']
17/10/2018 06:47:15 - salt_model_v42_deep_supervision_cv_run1 - INFO - Best Val Mean IOU so far: 0.786
17/10/2018 06:47:15 - salt_model_v42_deep_supervision_cv_run1 - INFO - Val   IOU: 0.7860, Acc: 0.9515, Best Val IOU: 0.7860 at epoch 29
17/10/2018 06:47:15 - salt_model_v42_deep_supervision_cv_run1 - INFO - LR: [8.24e-05]
17/10/2018 06:47:15 - salt_model_v42_deep_supervision_cv_run1 - INFO - Epoch 30/150
17/10/2018 06:47:15 - salt_model_v42_deep_supervision_cv_run1 - INFO - --------------------
17/10/2018 06:47:15 - salt_model_v42_deep_supervision_cv_run1 - INFO - Pushing logs to git.
17/10/2018 06:52:52 - salt_model_v42_deep_supervision_cv_run1 - INFO - Train IOU: 0.7638, Acc: 0.9358, Loss: [0.2587, 0.1419, 0.4006] at epoch 30
17/10/2018 06:53:18 - salt_model_v42_deep_supervision_cv_run1 - INFO - Val   IOU: 0.7838, Acc: 0.9500, Best Val IOU: 0.7860 at epoch 30
17/10/2018 06:53:18 - salt_model_v42_deep_supervision_cv_run1 - INFO - LR: [8.18e-05]
17/10/2018 06:53:18 - salt_model_v42_deep_supervision_cv_run1 - INFO - Epoch 31/150
17/10/2018 06:53:18 - salt_model_v42_deep_supervision_cv_run1 - INFO - --------------------
17/10/2018 06:57:24 - salt_model_v42_deep_supervision_cv_run1 - INFO - Train IOU: 0.7721, Acc: 0.9404, Loss: [0.2495, 0.1375, 0.387] at epoch 31
17/10/2018 06:57:52 - salt_model_v42_deep_supervision_cv_run1 - INFO - ['../salt_net/salt_model_v42_deep_supervision_cv_run1_2018_10_17_15_17_30.ckp-chunk-1-Of-10', '../salt_net/salt_model_v42_deep_supervision_cv_run1_2018_10_17_15_17_30.ckp-chunk-2-Of-10', '../salt_net/salt_model_v42_deep_supervision_cv_run1_2018_10_17_15_17_30.ckp-chunk-3-Of-10', '../salt_net/salt_model_v42_deep_supervision_cv_run1_2018_10_17_15_17_30.ckp-chunk-4-Of-10', '../salt_net/salt_model_v42_deep_supervision_cv_run1_2018_10_17_15_17_30.ckp-chunk-5-Of-10', '../salt_net/salt_model_v42_deep_supervision_cv_run1_2018_10_17_15_17_30.ckp-chunk-6-Of-10', '../salt_net/salt_model_v42_deep_supervision_cv_run1_2018_10_17_15_17_30.ckp-chunk-7-Of-10', '../salt_net/salt_model_v42_deep_supervision_cv_run1_2018_10_17_15_17_30.ckp-chunk-8-Of-10', '../salt_net/salt_model_v42_deep_supervision_cv_run1_2018_10_17_15_17_30.ckp-chunk-9-Of-10', '../salt_net/salt_model_v42_deep_supervision_cv_run1_2018_10_17_15_17_30.ckp-chunk-10-Of-10']
17/10/2018 06:57:52 - salt_model_v42_deep_supervision_cv_run1 - INFO - Best Val Mean IOU so far: 0.7888
17/10/2018 06:57:52 - salt_model_v42_deep_supervision_cv_run1 - INFO - Val   IOU: 0.7888, Acc: 0.9536, Best Val IOU: 0.7888 at epoch 31
17/10/2018 06:57:52 - salt_model_v42_deep_supervision_cv_run1 - INFO - LR: [8.12e-05]
17/10/2018 06:57:52 - salt_model_v42_deep_supervision_cv_run1 - INFO - Epoch 32/150
17/10/2018 06:57:52 - salt_model_v42_deep_supervision_cv_run1 - INFO - --------------------
17/10/2018 06:57:52 - salt_model_v42_deep_supervision_cv_run1 - INFO - Pushing logs to git.
17/10/2018 07:03:30 - salt_model_v42_deep_supervision_cv_run1 - INFO - Train IOU: 0.7733, Acc: 0.9448, Loss: [0.2449, 0.1346, 0.3795] at epoch 32
17/10/2018 07:03:56 - salt_model_v42_deep_supervision_cv_run1 - INFO - Val   IOU: 0.7794, Acc: 0.9475, Best Val IOU: 0.7888 at epoch 32
17/10/2018 07:03:56 - salt_model_v42_deep_supervision_cv_run1 - INFO - LR: [8.06e-05]
17/10/2018 07:03:56 - salt_model_v42_deep_supervision_cv_run1 - INFO - Epoch 33/150
17/10/2018 07:03:56 - salt_model_v42_deep_supervision_cv_run1 - INFO - --------------------
17/10/2018 07:08:01 - salt_model_v42_deep_supervision_cv_run1 - INFO - Train IOU: 0.7789, Acc: 0.9409, Loss: [0.2462, 0.1344, 0.3806] at epoch 33
17/10/2018 07:08:27 - salt_model_v42_deep_supervision_cv_run1 - INFO - Val   IOU: 0.7755, Acc: 0.9493, Best Val IOU: 0.7888 at epoch 33
17/10/2018 07:08:27 - salt_model_v42_deep_supervision_cv_run1 - INFO - LR: [8e-05]
17/10/2018 07:08:27 - salt_model_v42_deep_supervision_cv_run1 - INFO - Epoch 34/150
17/10/2018 07:08:27 - salt_model_v42_deep_supervision_cv_run1 - INFO - --------------------
17/10/2018 07:08:27 - salt_model_v42_deep_supervision_cv_run1 - INFO - Pushing logs to git.
17/10/2018 07:14:05 - salt_model_v42_deep_supervision_cv_run1 - INFO - Train IOU: 0.7857, Acc: 0.9480, Loss: [0.2305, 0.1294, 0.3598] at epoch 34
17/10/2018 07:14:31 - salt_model_v42_deep_supervision_cv_run1 - INFO - Val   IOU: 0.7755, Acc: 0.9485, Best Val IOU: 0.7888 at epoch 34
17/10/2018 07:14:31 - salt_model_v42_deep_supervision_cv_run1 - INFO - LR: [7.93e-05]
17/10/2018 07:14:31 - salt_model_v42_deep_supervision_cv_run1 - INFO - Epoch 35/150
17/10/2018 07:14:31 - salt_model_v42_deep_supervision_cv_run1 - INFO - --------------------
17/10/2018 07:18:36 - salt_model_v42_deep_supervision_cv_run1 - INFO - Train IOU: 0.7799, Acc: 0.9405, Loss: [0.2444, 0.1299, 0.3743] at epoch 35
17/10/2018 07:19:02 - salt_model_v42_deep_supervision_cv_run1 - INFO - Val   IOU: 0.7845, Acc: 0.9516, Best Val IOU: 0.7888 at epoch 35
17/10/2018 07:19:02 - salt_model_v42_deep_supervision_cv_run1 - INFO - LR: [7.87e-05]
17/10/2018 07:19:02 - salt_model_v42_deep_supervision_cv_run1 - INFO - Epoch 36/150
17/10/2018 07:19:02 - salt_model_v42_deep_supervision_cv_run1 - INFO - --------------------
17/10/2018 07:19:02 - salt_model_v42_deep_supervision_cv_run1 - INFO - Pushing logs to git.
17/10/2018 07:24:39 - salt_model_v42_deep_supervision_cv_run1 - INFO - Train IOU: 0.7735, Acc: 0.9432, Loss: [0.2419, 0.1369, 0.3788] at epoch 36
17/10/2018 07:25:05 - salt_model_v42_deep_supervision_cv_run1 - INFO - Val   IOU: 0.7860, Acc: 0.9521, Best Val IOU: 0.7888 at epoch 36
17/10/2018 07:25:05 - salt_model_v42_deep_supervision_cv_run1 - INFO - LR: [7.81e-05]
17/10/2018 07:25:05 - salt_model_v42_deep_supervision_cv_run1 - INFO - Epoch 37/150
17/10/2018 07:25:05 - salt_model_v42_deep_supervision_cv_run1 - INFO - --------------------
17/10/2018 07:29:10 - salt_model_v42_deep_supervision_cv_run1 - INFO - Train IOU: 0.7798, Acc: 0.9471, Loss: [0.2363, 0.1308, 0.3672] at epoch 37
17/10/2018 07:29:36 - salt_model_v42_deep_supervision_cv_run1 - INFO - Val   IOU: 0.7734, Acc: 0.9457, Best Val IOU: 0.7888 at epoch 37
17/10/2018 07:29:36 - salt_model_v42_deep_supervision_cv_run1 - INFO - LR: [7.75e-05]
17/10/2018 07:29:36 - salt_model_v42_deep_supervision_cv_run1 - INFO - Epoch 38/150
17/10/2018 07:29:36 - salt_model_v42_deep_supervision_cv_run1 - INFO - --------------------
17/10/2018 07:29:36 - salt_model_v42_deep_supervision_cv_run1 - INFO - Pushing logs to git.
17/10/2018 07:35:14 - salt_model_v42_deep_supervision_cv_run1 - INFO - Train IOU: 0.7850, Acc: 0.9471, Loss: [0.2331, 0.1302, 0.3633] at epoch 38
17/10/2018 07:35:40 - salt_model_v42_deep_supervision_cv_run1 - INFO - Val   IOU: 0.7789, Acc: 0.9450, Best Val IOU: 0.7888 at epoch 38
17/10/2018 07:35:40 - salt_model_v42_deep_supervision_cv_run1 - INFO - LR: [7.69e-05]
17/10/2018 07:35:40 - salt_model_v42_deep_supervision_cv_run1 - INFO - Epoch 39/150
17/10/2018 07:35:40 - salt_model_v42_deep_supervision_cv_run1 - INFO - --------------------
17/10/2018 07:39:45 - salt_model_v42_deep_supervision_cv_run1 - INFO - Train IOU: 0.7841, Acc: 0.9455, Loss: [0.2315, 0.1257, 0.3572] at epoch 39
17/10/2018 07:40:11 - salt_model_v42_deep_supervision_cv_run1 - INFO - Val   IOU: 0.7875, Acc: 0.9505, Best Val IOU: 0.7888 at epoch 39
17/10/2018 07:40:11 - salt_model_v42_deep_supervision_cv_run1 - INFO - LR: [7.63e-05]
17/10/2018 07:40:11 - salt_model_v42_deep_supervision_cv_run1 - INFO - Epoch 40/150
17/10/2018 07:40:11 - salt_model_v42_deep_supervision_cv_run1 - INFO - --------------------
17/10/2018 07:40:11 - salt_model_v42_deep_supervision_cv_run1 - INFO - Pushing logs to git.
17/10/2018 07:45:48 - salt_model_v42_deep_supervision_cv_run1 - INFO - Train IOU: 0.7855, Acc: 0.9499, Loss: [0.2235, 0.1266, 0.3501] at epoch 40
17/10/2018 07:46:17 - salt_model_v42_deep_supervision_cv_run1 - INFO - ['../salt_net/salt_model_v42_deep_supervision_cv_run1_2018_10_17_15_17_30.ckp-chunk-1-Of-10', '../salt_net/salt_model_v42_deep_supervision_cv_run1_2018_10_17_15_17_30.ckp-chunk-2-Of-10', '../salt_net/salt_model_v42_deep_supervision_cv_run1_2018_10_17_15_17_30.ckp-chunk-3-Of-10', '../salt_net/salt_model_v42_deep_supervision_cv_run1_2018_10_17_15_17_30.ckp-chunk-4-Of-10', '../salt_net/salt_model_v42_deep_supervision_cv_run1_2018_10_17_15_17_30.ckp-chunk-5-Of-10', '../salt_net/salt_model_v42_deep_supervision_cv_run1_2018_10_17_15_17_30.ckp-chunk-6-Of-10', '../salt_net/salt_model_v42_deep_supervision_cv_run1_2018_10_17_15_17_30.ckp-chunk-7-Of-10', '../salt_net/salt_model_v42_deep_supervision_cv_run1_2018_10_17_15_17_30.ckp-chunk-8-Of-10', '../salt_net/salt_model_v42_deep_supervision_cv_run1_2018_10_17_15_17_30.ckp-chunk-9-Of-10', '../salt_net/salt_model_v42_deep_supervision_cv_run1_2018_10_17_15_17_30.ckp-chunk-10-Of-10']
17/10/2018 07:46:17 - salt_model_v42_deep_supervision_cv_run1 - INFO - Best Val Mean IOU so far: 0.7914
17/10/2018 07:46:17 - salt_model_v42_deep_supervision_cv_run1 - INFO - Val   IOU: 0.7914, Acc: 0.9526, Best Val IOU: 0.7914 at epoch 40
17/10/2018 07:46:17 - salt_model_v42_deep_supervision_cv_run1 - INFO - Skip pushing model to git as there's no improvement
17/10/2018 07:46:17 - salt_model_v42_deep_supervision_cv_run1 - INFO - LR: [7.56e-05]
17/10/2018 07:46:17 - salt_model_v42_deep_supervision_cv_run1 - INFO - Epoch 41/150
17/10/2018 07:46:17 - salt_model_v42_deep_supervision_cv_run1 - INFO - --------------------
17/10/2018 07:50:23 - salt_model_v42_deep_supervision_cv_run1 - INFO - Train IOU: 0.7931, Acc: 0.9518, Loss: [0.2201, 0.1234, 0.3434] at epoch 41
17/10/2018 07:50:49 - salt_model_v42_deep_supervision_cv_run1 - INFO - Val   IOU: 0.7867, Acc: 0.9533, Best Val IOU: 0.7914 at epoch 41
17/10/2018 07:50:49 - salt_model_v42_deep_supervision_cv_run1 - INFO - LR: [7.5e-05]
17/10/2018 07:50:49 - salt_model_v42_deep_supervision_cv_run1 - INFO - Epoch 42/150
17/10/2018 07:50:49 - salt_model_v42_deep_supervision_cv_run1 - INFO - --------------------
17/10/2018 07:50:49 - salt_model_v42_deep_supervision_cv_run1 - INFO - Pushing logs to git.
