17/10/2018 04:20:56 - salt_model_v42_deep_supervision_cv_run2 - INFO - np.sum(X_train_ids): 5859769
17/10/2018 04:20:56 - salt_model_v42_deep_supervision_cv_run2 - INFO - np.sum(X_val_ids): 2138231
17/10/2018 04:21:03 - salt_model_v42_deep_supervision_cv_run2 - INFO - salt_model_v42_deep_supervision_cv_run2, based on salt_model_v41_deep_supervision. 4 folds CV.
17/10/2018 04:21:05 - salt_model_v42_deep_supervision_cv_run2 - INFO - salt_model_v42_deep_supervision_cv_run2, based on salt_model_v41_deep_supervision. 4 folds CV. High decoder seg loss
17/10/2018 04:21:25 - salt_model_v42_deep_supervision_cv_run2 - INFO - 
p = Pipeline_Salt()
p.flip_left_right(probability=0.5)
p.rotate90(0.25)
p.rotate270(0.25)
p.random_brightness(probability=0.5, min_factor=0.8, max_factor=1.2)
p.random_contrast(probability=0.5, min_factor=0.8, max_factor=1.2)
p.rotate_random_align(probability=0.5)
p.crop_random_align(probability=0.5, min_factor=0.6, max_factor=1.0, mask_diff_pct=0.2)

17/10/2018 04:21:25 - salt_model_v42_deep_supervision_cv_run2 - INFO - 
train_data_params = {'batch_size': 32,
                     #'sampler': weighted_sampler,
                     'shuffle': True,
                     'drop_last': True}

val_data_params = {'batch_size': 25,
                   'shuffle': True,
                   'drop_last': False}

train_dataLoader = (
    DataLoader(SaltDataset(X_train, y_train, depth_train,
                           np.zeros_like(X_train_mean_img), out_size=128,  out_ch=1,
                           transform=p.torch_transform()), **train_data_params)
)

val_dataLoader = (
    DataLoader(SaltDataset(X_val, y_val, depth_val, 
                           np.zeros_like(X_train_mean_img), out_size=128, out_ch=1), **val_data_params)
)

dataloaders = {'train': train_dataLoader, 'val':val_dataLoader}

17/10/2018 04:21:25 - salt_model_v42_deep_supervision_cv_run2 - INFO - 
saltnet = UResNet(pretrained=True)
loss_lovasz_hinge = TripleLovaszLoss()
loss_fn_bce = TripleBCELoss(1, 0.05, 0.2)

optimizer = optim.Adam(saltnet.parameters(), lr=1e-4, weight_decay=0.0001)

#scheduler = torch.optim.lr_scheduler.ReduceLROnPlateau(optimizer, mode='min', factor=0.5, patience=5, verbose=True, threshold=0.0001, min_lr=0.00001)
scheduler = PolyLR(optimizer, [1e-4], lr_decay_iter=1, max_iter=150, power=0.9)
model_save_name = model_file_suffix
log.info(model_save_name)

17/10/2018 04:21:25 - salt_model_v42_deep_supervision_cv_run2 - INFO - 
train_params = {
    'model_save_name': model_save_name,
    'save_model_every': 20,
    'save_log_every': 2,
    'num_epochs': 150,
    'log': log,
    'mask_cutoff': 0.,
    'model_save_iou_threshold': 0.82
    }

17/10/2018 04:21:25 - salt_model_v42_deep_supervision_cv_run2 - INFO - 
train_model_ds(saltnet, dataloaders, (loss_fn_bce, loss_lovasz_hinge), (1, 0.3), optimizer, scheduler, train_params, all_data)

17/10/2018 04:21:28 - salt_model_v42_deep_supervision_cv_run2 - INFO - ../salt_net/salt_model_v42_deep_supervision_cv_run2_2018_10_17_15_20_43.ckp
17/10/2018 04:21:28 - salt_model_v42_deep_supervision_cv_run2 - INFO - Start Training...
17/10/2018 04:21:28 - salt_model_v42_deep_supervision_cv_run2 - INFO - ({'train': <torch.utils.data.dataloader.DataLoader object at 0x7f0b67c04908>, 'val': <torch.utils.data.dataloader.DataLoader object at 0x7f0b67c04ef0>}, (TripleBCELoss(), TripleLovaszLoss()), (1, 0.3), Adam (
Parameter Group 0
    amsgrad: False
    betas: (0.9, 0.999)
    eps: 1e-08
    lr: 0.0001
    weight_decay: 0.0001
), <salt_func_lib.PolyLR object at 0x7f0b6698cd30>, {'model_save_name': '../salt_net/salt_model_v42_deep_supervision_cv_run2_2018_10_17_15_20_43.ckp', 'save_model_every': 20, 'save_log_every': 2, 'num_epochs': 150, 'log': <Logger salt_model_v42_deep_supervision_cv_run2 (DEBUG)>, 'mask_cutoff': 0.0, 'model_save_iou_threshold': 0.82})
17/10/2018 04:21:31 - salt_model_v42_deep_supervision_cv_run2 - INFO - Epoch 1/150
17/10/2018 04:21:31 - salt_model_v42_deep_supervision_cv_run2 - INFO - --------------------
17/10/2018 04:25:40 - salt_model_v42_deep_supervision_cv_run2 - INFO - Train IOU: 0.4800, Acc: 0.7848, Loss: [0.6264, 0.2947, 0.9211] at epoch 1
17/10/2018 04:26:08 - salt_model_v42_deep_supervision_cv_run2 - INFO - ['../salt_net/salt_model_v42_deep_supervision_cv_run2_2018_10_17_15_20_43.ckp-chunk-1-Of-10', '../salt_net/salt_model_v42_deep_supervision_cv_run2_2018_10_17_15_20_43.ckp-chunk-2-Of-10', '../salt_net/salt_model_v42_deep_supervision_cv_run2_2018_10_17_15_20_43.ckp-chunk-3-Of-10', '../salt_net/salt_model_v42_deep_supervision_cv_run2_2018_10_17_15_20_43.ckp-chunk-4-Of-10', '../salt_net/salt_model_v42_deep_supervision_cv_run2_2018_10_17_15_20_43.ckp-chunk-5-Of-10', '../salt_net/salt_model_v42_deep_supervision_cv_run2_2018_10_17_15_20_43.ckp-chunk-6-Of-10', '../salt_net/salt_model_v42_deep_supervision_cv_run2_2018_10_17_15_20_43.ckp-chunk-7-Of-10', '../salt_net/salt_model_v42_deep_supervision_cv_run2_2018_10_17_15_20_43.ckp-chunk-8-Of-10', '../salt_net/salt_model_v42_deep_supervision_cv_run2_2018_10_17_15_20_43.ckp-chunk-9-Of-10', '../salt_net/salt_model_v42_deep_supervision_cv_run2_2018_10_17_15_20_43.ckp-chunk-10-Of-10']
17/10/2018 04:26:08 - salt_model_v42_deep_supervision_cv_run2 - INFO - Best Val Mean IOU so far: 0.5016
17/10/2018 04:26:08 - salt_model_v42_deep_supervision_cv_run2 - INFO - Val   IOU: 0.5016, Acc: 0.8465, Best Val IOU: 0.5016 at epoch 1
17/10/2018 04:26:08 - salt_model_v42_deep_supervision_cv_run2 - INFO - LR: [9.94e-05]
17/10/2018 04:26:08 - salt_model_v42_deep_supervision_cv_run2 - INFO - Epoch 2/150
17/10/2018 04:26:08 - salt_model_v42_deep_supervision_cv_run2 - INFO - --------------------
17/10/2018 04:26:08 - salt_model_v42_deep_supervision_cv_run2 - INFO - Pushing logs to git.
17/10/2018 04:30:37 - salt_model_v42_deep_supervision_cv_run2 - INFO - Train IOU: 0.5512, Acc: 0.8598, Loss: [0.502, 0.2638, 0.7657] at epoch 2
17/10/2018 04:31:05 - salt_model_v42_deep_supervision_cv_run2 - INFO - ['../salt_net/salt_model_v42_deep_supervision_cv_run2_2018_10_17_15_20_43.ckp-chunk-1-Of-10', '../salt_net/salt_model_v42_deep_supervision_cv_run2_2018_10_17_15_20_43.ckp-chunk-2-Of-10', '../salt_net/salt_model_v42_deep_supervision_cv_run2_2018_10_17_15_20_43.ckp-chunk-3-Of-10', '../salt_net/salt_model_v42_deep_supervision_cv_run2_2018_10_17_15_20_43.ckp-chunk-4-Of-10', '../salt_net/salt_model_v42_deep_supervision_cv_run2_2018_10_17_15_20_43.ckp-chunk-5-Of-10', '../salt_net/salt_model_v42_deep_supervision_cv_run2_2018_10_17_15_20_43.ckp-chunk-6-Of-10', '../salt_net/salt_model_v42_deep_supervision_cv_run2_2018_10_17_15_20_43.ckp-chunk-7-Of-10', '../salt_net/salt_model_v42_deep_supervision_cv_run2_2018_10_17_15_20_43.ckp-chunk-8-Of-10', '../salt_net/salt_model_v42_deep_supervision_cv_run2_2018_10_17_15_20_43.ckp-chunk-9-Of-10', '../salt_net/salt_model_v42_deep_supervision_cv_run2_2018_10_17_15_20_43.ckp-chunk-10-Of-10']
17/10/2018 04:31:05 - salt_model_v42_deep_supervision_cv_run2 - INFO - Best Val Mean IOU so far: 0.5865
17/10/2018 04:31:05 - salt_model_v42_deep_supervision_cv_run2 - INFO - Val   IOU: 0.5865, Acc: 0.8886, Best Val IOU: 0.5865 at epoch 2
17/10/2018 04:31:05 - salt_model_v42_deep_supervision_cv_run2 - INFO - LR: [9.88e-05]
17/10/2018 04:31:05 - salt_model_v42_deep_supervision_cv_run2 - INFO - Epoch 3/150
17/10/2018 04:31:05 - salt_model_v42_deep_supervision_cv_run2 - INFO - --------------------
17/10/2018 04:35:13 - salt_model_v42_deep_supervision_cv_run2 - INFO - Train IOU: 0.6191, Acc: 0.8837, Loss: [0.4482, 0.233, 0.6811] at epoch 3
17/10/2018 04:35:42 - salt_model_v42_deep_supervision_cv_run2 - INFO - ['../salt_net/salt_model_v42_deep_supervision_cv_run2_2018_10_17_15_20_43.ckp-chunk-1-Of-10', '../salt_net/salt_model_v42_deep_supervision_cv_run2_2018_10_17_15_20_43.ckp-chunk-2-Of-10', '../salt_net/salt_model_v42_deep_supervision_cv_run2_2018_10_17_15_20_43.ckp-chunk-3-Of-10', '../salt_net/salt_model_v42_deep_supervision_cv_run2_2018_10_17_15_20_43.ckp-chunk-4-Of-10', '../salt_net/salt_model_v42_deep_supervision_cv_run2_2018_10_17_15_20_43.ckp-chunk-5-Of-10', '../salt_net/salt_model_v42_deep_supervision_cv_run2_2018_10_17_15_20_43.ckp-chunk-6-Of-10', '../salt_net/salt_model_v42_deep_supervision_cv_run2_2018_10_17_15_20_43.ckp-chunk-7-Of-10', '../salt_net/salt_model_v42_deep_supervision_cv_run2_2018_10_17_15_20_43.ckp-chunk-8-Of-10', '../salt_net/salt_model_v42_deep_supervision_cv_run2_2018_10_17_15_20_43.ckp-chunk-9-Of-10', '../salt_net/salt_model_v42_deep_supervision_cv_run2_2018_10_17_15_20_43.ckp-chunk-10-Of-10']
17/10/2018 04:35:42 - salt_model_v42_deep_supervision_cv_run2 - INFO - Best Val Mean IOU so far: 0.6427
17/10/2018 04:35:42 - salt_model_v42_deep_supervision_cv_run2 - INFO - Val   IOU: 0.6427, Acc: 0.9132, Best Val IOU: 0.6427 at epoch 3
17/10/2018 04:35:42 - salt_model_v42_deep_supervision_cv_run2 - INFO - LR: [9.82e-05]
17/10/2018 04:35:42 - salt_model_v42_deep_supervision_cv_run2 - INFO - Epoch 4/150
17/10/2018 04:35:42 - salt_model_v42_deep_supervision_cv_run2 - INFO - --------------------
17/10/2018 04:35:42 - salt_model_v42_deep_supervision_cv_run2 - INFO - Pushing logs to git.
17/10/2018 04:40:09 - salt_model_v42_deep_supervision_cv_run2 - INFO - Train IOU: 0.6368, Acc: 0.8953, Loss: [0.4161, 0.2181, 0.6342] at epoch 4
17/10/2018 04:40:38 - salt_model_v42_deep_supervision_cv_run2 - INFO - ['../salt_net/salt_model_v42_deep_supervision_cv_run2_2018_10_17_15_20_43.ckp-chunk-1-Of-10', '../salt_net/salt_model_v42_deep_supervision_cv_run2_2018_10_17_15_20_43.ckp-chunk-2-Of-10', '../salt_net/salt_model_v42_deep_supervision_cv_run2_2018_10_17_15_20_43.ckp-chunk-3-Of-10', '../salt_net/salt_model_v42_deep_supervision_cv_run2_2018_10_17_15_20_43.ckp-chunk-4-Of-10', '../salt_net/salt_model_v42_deep_supervision_cv_run2_2018_10_17_15_20_43.ckp-chunk-5-Of-10', '../salt_net/salt_model_v42_deep_supervision_cv_run2_2018_10_17_15_20_43.ckp-chunk-6-Of-10', '../salt_net/salt_model_v42_deep_supervision_cv_run2_2018_10_17_15_20_43.ckp-chunk-7-Of-10', '../salt_net/salt_model_v42_deep_supervision_cv_run2_2018_10_17_15_20_43.ckp-chunk-8-Of-10', '../salt_net/salt_model_v42_deep_supervision_cv_run2_2018_10_17_15_20_43.ckp-chunk-9-Of-10', '../salt_net/salt_model_v42_deep_supervision_cv_run2_2018_10_17_15_20_43.ckp-chunk-10-Of-10']
17/10/2018 04:40:38 - salt_model_v42_deep_supervision_cv_run2 - INFO - Best Val Mean IOU so far: 0.6591
17/10/2018 04:40:38 - salt_model_v42_deep_supervision_cv_run2 - INFO - Val   IOU: 0.6591, Acc: 0.9108, Best Val IOU: 0.6591 at epoch 4
17/10/2018 04:40:38 - salt_model_v42_deep_supervision_cv_run2 - INFO - LR: [9.76e-05]
17/10/2018 04:40:38 - salt_model_v42_deep_supervision_cv_run2 - INFO - Epoch 5/150
17/10/2018 04:40:38 - salt_model_v42_deep_supervision_cv_run2 - INFO - --------------------
17/10/2018 04:44:46 - salt_model_v42_deep_supervision_cv_run2 - INFO - Train IOU: 0.6536, Acc: 0.9003, Loss: [0.4032, 0.213, 0.6162] at epoch 5
17/10/2018 04:45:12 - salt_model_v42_deep_supervision_cv_run2 - INFO - Val   IOU: 0.6473, Acc: 0.9102, Best Val IOU: 0.6591 at epoch 5
17/10/2018 04:45:12 - salt_model_v42_deep_supervision_cv_run2 - INFO - LR: [9.7e-05]
17/10/2018 04:45:12 - salt_model_v42_deep_supervision_cv_run2 - INFO - Epoch 6/150
17/10/2018 04:45:12 - salt_model_v42_deep_supervision_cv_run2 - INFO - --------------------
17/10/2018 04:45:12 - salt_model_v42_deep_supervision_cv_run2 - INFO - Pushing logs to git.
17/10/2018 04:49:42 - salt_model_v42_deep_supervision_cv_run2 - INFO - Train IOU: 0.6692, Acc: 0.9063, Loss: [0.3924, 0.1957, 0.5881] at epoch 6
17/10/2018 04:50:11 - salt_model_v42_deep_supervision_cv_run2 - INFO - ['../salt_net/salt_model_v42_deep_supervision_cv_run2_2018_10_17_15_20_43.ckp-chunk-1-Of-10', '../salt_net/salt_model_v42_deep_supervision_cv_run2_2018_10_17_15_20_43.ckp-chunk-2-Of-10', '../salt_net/salt_model_v42_deep_supervision_cv_run2_2018_10_17_15_20_43.ckp-chunk-3-Of-10', '../salt_net/salt_model_v42_deep_supervision_cv_run2_2018_10_17_15_20_43.ckp-chunk-4-Of-10', '../salt_net/salt_model_v42_deep_supervision_cv_run2_2018_10_17_15_20_43.ckp-chunk-5-Of-10', '../salt_net/salt_model_v42_deep_supervision_cv_run2_2018_10_17_15_20_43.ckp-chunk-6-Of-10', '../salt_net/salt_model_v42_deep_supervision_cv_run2_2018_10_17_15_20_43.ckp-chunk-7-Of-10', '../salt_net/salt_model_v42_deep_supervision_cv_run2_2018_10_17_15_20_43.ckp-chunk-8-Of-10', '../salt_net/salt_model_v42_deep_supervision_cv_run2_2018_10_17_15_20_43.ckp-chunk-9-Of-10', '../salt_net/salt_model_v42_deep_supervision_cv_run2_2018_10_17_15_20_43.ckp-chunk-10-Of-10']
17/10/2018 04:50:11 - salt_model_v42_deep_supervision_cv_run2 - INFO - Best Val Mean IOU so far: 0.7082
17/10/2018 04:50:11 - salt_model_v42_deep_supervision_cv_run2 - INFO - Val   IOU: 0.7082, Acc: 0.9273, Best Val IOU: 0.7082 at epoch 6
17/10/2018 04:50:11 - salt_model_v42_deep_supervision_cv_run2 - INFO - LR: [9.64e-05]
17/10/2018 04:50:11 - salt_model_v42_deep_supervision_cv_run2 - INFO - Epoch 7/150
17/10/2018 04:50:11 - salt_model_v42_deep_supervision_cv_run2 - INFO - --------------------
17/10/2018 04:54:20 - salt_model_v42_deep_supervision_cv_run2 - INFO - Train IOU: 0.6841, Acc: 0.9123, Loss: [0.3753, 0.1916, 0.5669] at epoch 7
17/10/2018 04:54:46 - salt_model_v42_deep_supervision_cv_run2 - INFO - Val   IOU: 0.6956, Acc: 0.9309, Best Val IOU: 0.7082 at epoch 7
17/10/2018 04:54:46 - salt_model_v42_deep_supervision_cv_run2 - INFO - LR: [9.58e-05]
17/10/2018 04:54:46 - salt_model_v42_deep_supervision_cv_run2 - INFO - Epoch 8/150
17/10/2018 04:54:46 - salt_model_v42_deep_supervision_cv_run2 - INFO - --------------------
17/10/2018 04:54:46 - salt_model_v42_deep_supervision_cv_run2 - INFO - Pushing logs to git.
17/10/2018 04:59:18 - salt_model_v42_deep_supervision_cv_run2 - INFO - Train IOU: 0.6885, Acc: 0.9122, Loss: [0.3693, 0.1894, 0.5587] at epoch 8
17/10/2018 04:59:47 - salt_model_v42_deep_supervision_cv_run2 - INFO - ['../salt_net/salt_model_v42_deep_supervision_cv_run2_2018_10_17_15_20_43.ckp-chunk-1-Of-10', '../salt_net/salt_model_v42_deep_supervision_cv_run2_2018_10_17_15_20_43.ckp-chunk-2-Of-10', '../salt_net/salt_model_v42_deep_supervision_cv_run2_2018_10_17_15_20_43.ckp-chunk-3-Of-10', '../salt_net/salt_model_v42_deep_supervision_cv_run2_2018_10_17_15_20_43.ckp-chunk-4-Of-10', '../salt_net/salt_model_v42_deep_supervision_cv_run2_2018_10_17_15_20_43.ckp-chunk-5-Of-10', '../salt_net/salt_model_v42_deep_supervision_cv_run2_2018_10_17_15_20_43.ckp-chunk-6-Of-10', '../salt_net/salt_model_v42_deep_supervision_cv_run2_2018_10_17_15_20_43.ckp-chunk-7-Of-10', '../salt_net/salt_model_v42_deep_supervision_cv_run2_2018_10_17_15_20_43.ckp-chunk-8-Of-10', '../salt_net/salt_model_v42_deep_supervision_cv_run2_2018_10_17_15_20_43.ckp-chunk-9-Of-10', '../salt_net/salt_model_v42_deep_supervision_cv_run2_2018_10_17_15_20_43.ckp-chunk-10-Of-10']
17/10/2018 04:59:47 - salt_model_v42_deep_supervision_cv_run2 - INFO - Best Val Mean IOU so far: 0.7317
17/10/2018 04:59:47 - salt_model_v42_deep_supervision_cv_run2 - INFO - Val   IOU: 0.7317, Acc: 0.9369, Best Val IOU: 0.7317 at epoch 8
17/10/2018 04:59:47 - salt_model_v42_deep_supervision_cv_run2 - INFO - LR: [9.52e-05]
17/10/2018 04:59:47 - salt_model_v42_deep_supervision_cv_run2 - INFO - Epoch 9/150
17/10/2018 04:59:47 - salt_model_v42_deep_supervision_cv_run2 - INFO - --------------------
17/10/2018 05:03:55 - salt_model_v42_deep_supervision_cv_run2 - INFO - Train IOU: 0.7059, Acc: 0.9174, Loss: [0.3553, 0.1793, 0.5346] at epoch 9
17/10/2018 05:04:21 - salt_model_v42_deep_supervision_cv_run2 - INFO - Val   IOU: 0.7277, Acc: 0.9322, Best Val IOU: 0.7317 at epoch 9
17/10/2018 05:04:21 - salt_model_v42_deep_supervision_cv_run2 - INFO - LR: [9.46e-05]
17/10/2018 05:04:21 - salt_model_v42_deep_supervision_cv_run2 - INFO - Epoch 10/150
17/10/2018 05:04:21 - salt_model_v42_deep_supervision_cv_run2 - INFO - --------------------
17/10/2018 05:04:21 - salt_model_v42_deep_supervision_cv_run2 - INFO - Pushing logs to git.
17/10/2018 05:08:51 - salt_model_v42_deep_supervision_cv_run2 - INFO - Train IOU: 0.7159, Acc: 0.9225, Loss: [0.3512, 0.1759, 0.5271] at epoch 10
17/10/2018 05:09:20 - salt_model_v42_deep_supervision_cv_run2 - INFO - ['../salt_net/salt_model_v42_deep_supervision_cv_run2_2018_10_17_15_20_43.ckp-chunk-1-Of-10', '../salt_net/salt_model_v42_deep_supervision_cv_run2_2018_10_17_15_20_43.ckp-chunk-2-Of-10', '../salt_net/salt_model_v42_deep_supervision_cv_run2_2018_10_17_15_20_43.ckp-chunk-3-Of-10', '../salt_net/salt_model_v42_deep_supervision_cv_run2_2018_10_17_15_20_43.ckp-chunk-4-Of-10', '../salt_net/salt_model_v42_deep_supervision_cv_run2_2018_10_17_15_20_43.ckp-chunk-5-Of-10', '../salt_net/salt_model_v42_deep_supervision_cv_run2_2018_10_17_15_20_43.ckp-chunk-6-Of-10', '../salt_net/salt_model_v42_deep_supervision_cv_run2_2018_10_17_15_20_43.ckp-chunk-7-Of-10', '../salt_net/salt_model_v42_deep_supervision_cv_run2_2018_10_17_15_20_43.ckp-chunk-8-Of-10', '../salt_net/salt_model_v42_deep_supervision_cv_run2_2018_10_17_15_20_43.ckp-chunk-9-Of-10', '../salt_net/salt_model_v42_deep_supervision_cv_run2_2018_10_17_15_20_43.ckp-chunk-10-Of-10']
17/10/2018 05:09:20 - salt_model_v42_deep_supervision_cv_run2 - INFO - Best Val Mean IOU so far: 0.7325
17/10/2018 05:09:20 - salt_model_v42_deep_supervision_cv_run2 - INFO - Val   IOU: 0.7325, Acc: 0.9364, Best Val IOU: 0.7325 at epoch 10
17/10/2018 05:09:20 - salt_model_v42_deep_supervision_cv_run2 - INFO - LR: [9.4e-05]
17/10/2018 05:09:20 - salt_model_v42_deep_supervision_cv_run2 - INFO - Epoch 11/150
17/10/2018 05:09:20 - salt_model_v42_deep_supervision_cv_run2 - INFO - --------------------
17/10/2018 05:13:29 - salt_model_v42_deep_supervision_cv_run2 - INFO - Train IOU: 0.7155, Acc: 0.9206, Loss: [0.3465, 0.1738, 0.5204] at epoch 11
17/10/2018 05:13:55 - salt_model_v42_deep_supervision_cv_run2 - INFO - Val   IOU: 0.7302, Acc: 0.9341, Best Val IOU: 0.7325 at epoch 11
17/10/2018 05:13:55 - salt_model_v42_deep_supervision_cv_run2 - INFO - LR: [9.34e-05]
17/10/2018 05:13:55 - salt_model_v42_deep_supervision_cv_run2 - INFO - Epoch 12/150
17/10/2018 05:13:55 - salt_model_v42_deep_supervision_cv_run2 - INFO - --------------------
17/10/2018 05:13:55 - salt_model_v42_deep_supervision_cv_run2 - INFO - Pushing logs to git.
17/10/2018 05:18:24 - salt_model_v42_deep_supervision_cv_run2 - INFO - Train IOU: 0.7190, Acc: 0.9202, Loss: [0.3514, 0.1738, 0.5253] at epoch 12
17/10/2018 05:18:53 - salt_model_v42_deep_supervision_cv_run2 - INFO - ['../salt_net/salt_model_v42_deep_supervision_cv_run2_2018_10_17_15_20_43.ckp-chunk-1-Of-10', '../salt_net/salt_model_v42_deep_supervision_cv_run2_2018_10_17_15_20_43.ckp-chunk-2-Of-10', '../salt_net/salt_model_v42_deep_supervision_cv_run2_2018_10_17_15_20_43.ckp-chunk-3-Of-10', '../salt_net/salt_model_v42_deep_supervision_cv_run2_2018_10_17_15_20_43.ckp-chunk-4-Of-10', '../salt_net/salt_model_v42_deep_supervision_cv_run2_2018_10_17_15_20_43.ckp-chunk-5-Of-10', '../salt_net/salt_model_v42_deep_supervision_cv_run2_2018_10_17_15_20_43.ckp-chunk-6-Of-10', '../salt_net/salt_model_v42_deep_supervision_cv_run2_2018_10_17_15_20_43.ckp-chunk-7-Of-10', '../salt_net/salt_model_v42_deep_supervision_cv_run2_2018_10_17_15_20_43.ckp-chunk-8-Of-10', '../salt_net/salt_model_v42_deep_supervision_cv_run2_2018_10_17_15_20_43.ckp-chunk-9-Of-10', '../salt_net/salt_model_v42_deep_supervision_cv_run2_2018_10_17_15_20_43.ckp-chunk-10-Of-10']
17/10/2018 05:18:53 - salt_model_v42_deep_supervision_cv_run2 - INFO - Best Val Mean IOU so far: 0.7465
17/10/2018 05:18:53 - salt_model_v42_deep_supervision_cv_run2 - INFO - Val   IOU: 0.7465, Acc: 0.9419, Best Val IOU: 0.7465 at epoch 12
17/10/2018 05:18:53 - salt_model_v42_deep_supervision_cv_run2 - INFO - LR: [9.28e-05]
17/10/2018 05:18:53 - salt_model_v42_deep_supervision_cv_run2 - INFO - Epoch 13/150
17/10/2018 05:18:53 - salt_model_v42_deep_supervision_cv_run2 - INFO - --------------------
17/10/2018 05:23:00 - salt_model_v42_deep_supervision_cv_run2 - INFO - Train IOU: 0.7263, Acc: 0.9285, Loss: [0.3314, 0.1693, 0.5007] at epoch 13
17/10/2018 05:23:25 - salt_model_v42_deep_supervision_cv_run2 - INFO - Val   IOU: 0.7430, Acc: 0.9397, Best Val IOU: 0.7465 at epoch 13
17/10/2018 05:23:25 - salt_model_v42_deep_supervision_cv_run2 - INFO - LR: [9.22e-05]
17/10/2018 05:23:25 - salt_model_v42_deep_supervision_cv_run2 - INFO - Epoch 14/150
17/10/2018 05:23:25 - salt_model_v42_deep_supervision_cv_run2 - INFO - --------------------
17/10/2018 05:23:25 - salt_model_v42_deep_supervision_cv_run2 - INFO - Pushing logs to git.
17/10/2018 05:27:53 - salt_model_v42_deep_supervision_cv_run2 - INFO - Train IOU: 0.7275, Acc: 0.9303, Loss: [0.3267, 0.1653, 0.492] at epoch 14
17/10/2018 05:28:19 - salt_model_v42_deep_supervision_cv_run2 - INFO - Val   IOU: 0.7402, Acc: 0.9356, Best Val IOU: 0.7465 at epoch 14
17/10/2018 05:28:19 - salt_model_v42_deep_supervision_cv_run2 - INFO - LR: [9.16e-05]
17/10/2018 05:28:19 - salt_model_v42_deep_supervision_cv_run2 - INFO - Epoch 15/150
17/10/2018 05:28:19 - salt_model_v42_deep_supervision_cv_run2 - INFO - --------------------
17/10/2018 05:32:26 - salt_model_v42_deep_supervision_cv_run2 - INFO - Train IOU: 0.7393, Acc: 0.9258, Loss: [0.3292, 0.1604, 0.4897] at epoch 15
17/10/2018 05:32:52 - salt_model_v42_deep_supervision_cv_run2 - INFO - Val   IOU: 0.7455, Acc: 0.9422, Best Val IOU: 0.7465 at epoch 15
17/10/2018 05:32:52 - salt_model_v42_deep_supervision_cv_run2 - INFO - LR: [9.1e-05]
17/10/2018 05:32:52 - salt_model_v42_deep_supervision_cv_run2 - INFO - Epoch 16/150
17/10/2018 05:32:52 - salt_model_v42_deep_supervision_cv_run2 - INFO - --------------------
17/10/2018 05:32:52 - salt_model_v42_deep_supervision_cv_run2 - INFO - Pushing logs to git.
17/10/2018 05:37:20 - salt_model_v42_deep_supervision_cv_run2 - INFO - Train IOU: 0.7427, Acc: 0.9318, Loss: [0.3248, 0.1592, 0.484] at epoch 16
17/10/2018 05:37:49 - salt_model_v42_deep_supervision_cv_run2 - INFO - ['../salt_net/salt_model_v42_deep_supervision_cv_run2_2018_10_17_15_20_43.ckp-chunk-1-Of-10', '../salt_net/salt_model_v42_deep_supervision_cv_run2_2018_10_17_15_20_43.ckp-chunk-2-Of-10', '../salt_net/salt_model_v42_deep_supervision_cv_run2_2018_10_17_15_20_43.ckp-chunk-3-Of-10', '../salt_net/salt_model_v42_deep_supervision_cv_run2_2018_10_17_15_20_43.ckp-chunk-4-Of-10', '../salt_net/salt_model_v42_deep_supervision_cv_run2_2018_10_17_15_20_43.ckp-chunk-5-Of-10', '../salt_net/salt_model_v42_deep_supervision_cv_run2_2018_10_17_15_20_43.ckp-chunk-6-Of-10', '../salt_net/salt_model_v42_deep_supervision_cv_run2_2018_10_17_15_20_43.ckp-chunk-7-Of-10', '../salt_net/salt_model_v42_deep_supervision_cv_run2_2018_10_17_15_20_43.ckp-chunk-8-Of-10', '../salt_net/salt_model_v42_deep_supervision_cv_run2_2018_10_17_15_20_43.ckp-chunk-9-Of-10', '../salt_net/salt_model_v42_deep_supervision_cv_run2_2018_10_17_15_20_43.ckp-chunk-10-Of-10']
17/10/2018 05:37:49 - salt_model_v42_deep_supervision_cv_run2 - INFO - Best Val Mean IOU so far: 0.7567
17/10/2018 05:37:49 - salt_model_v42_deep_supervision_cv_run2 - INFO - Val   IOU: 0.7567, Acc: 0.9410, Best Val IOU: 0.7567 at epoch 16
17/10/2018 05:37:49 - salt_model_v42_deep_supervision_cv_run2 - INFO - LR: [9.03e-05]
17/10/2018 05:37:49 - salt_model_v42_deep_supervision_cv_run2 - INFO - Epoch 17/150
17/10/2018 05:37:49 - salt_model_v42_deep_supervision_cv_run2 - INFO - --------------------
17/10/2018 05:41:56 - salt_model_v42_deep_supervision_cv_run2 - INFO - Train IOU: 0.7362, Acc: 0.9262, Loss: [0.3294, 0.1586, 0.488] at epoch 17
17/10/2018 05:42:22 - salt_model_v42_deep_supervision_cv_run2 - INFO - Val   IOU: 0.7495, Acc: 0.9410, Best Val IOU: 0.7567 at epoch 17
17/10/2018 05:42:22 - salt_model_v42_deep_supervision_cv_run2 - INFO - LR: [8.97e-05]
17/10/2018 05:42:22 - salt_model_v42_deep_supervision_cv_run2 - INFO - Epoch 18/150
17/10/2018 05:42:22 - salt_model_v42_deep_supervision_cv_run2 - INFO - --------------------
17/10/2018 05:42:22 - salt_model_v42_deep_supervision_cv_run2 - INFO - Pushing logs to git.
17/10/2018 05:46:54 - salt_model_v42_deep_supervision_cv_run2 - INFO - Train IOU: 0.7467, Acc: 0.9307, Loss: [0.3109, 0.1507, 0.4616] at epoch 18
17/10/2018 05:47:20 - salt_model_v42_deep_supervision_cv_run2 - INFO - Val   IOU: 0.7533, Acc: 0.9432, Best Val IOU: 0.7567 at epoch 18
17/10/2018 05:47:20 - salt_model_v42_deep_supervision_cv_run2 - INFO - LR: [8.91e-05]
17/10/2018 05:47:20 - salt_model_v42_deep_supervision_cv_run2 - INFO - Epoch 19/150
17/10/2018 05:47:20 - salt_model_v42_deep_supervision_cv_run2 - INFO - --------------------
17/10/2018 05:51:27 - salt_model_v42_deep_supervision_cv_run2 - INFO - Train IOU: 0.7495, Acc: 0.9337, Loss: [0.3143, 0.152, 0.4663] at epoch 19
17/10/2018 05:51:53 - salt_model_v42_deep_supervision_cv_run2 - INFO - Val   IOU: 0.7505, Acc: 0.9415, Best Val IOU: 0.7567 at epoch 19
17/10/2018 05:51:53 - salt_model_v42_deep_supervision_cv_run2 - INFO - LR: [8.85e-05]
17/10/2018 05:51:53 - salt_model_v42_deep_supervision_cv_run2 - INFO - Epoch 20/150
17/10/2018 05:51:53 - salt_model_v42_deep_supervision_cv_run2 - INFO - --------------------
17/10/2018 05:51:53 - salt_model_v42_deep_supervision_cv_run2 - INFO - Pushing logs to git.
17/10/2018 05:56:21 - salt_model_v42_deep_supervision_cv_run2 - INFO - Train IOU: 0.7487, Acc: 0.9356, Loss: [0.3108, 0.1526, 0.4634] at epoch 20
17/10/2018 05:56:46 - salt_model_v42_deep_supervision_cv_run2 - INFO - Val   IOU: 0.7484, Acc: 0.9413, Best Val IOU: 0.7567 at epoch 20
17/10/2018 05:56:46 - salt_model_v42_deep_supervision_cv_run2 - INFO - Skip pushing model to git as there's no improvement
17/10/2018 05:56:46 - salt_model_v42_deep_supervision_cv_run2 - INFO - LR: [8.79e-05]
17/10/2018 05:56:46 - salt_model_v42_deep_supervision_cv_run2 - INFO - Epoch 21/150
17/10/2018 05:56:46 - salt_model_v42_deep_supervision_cv_run2 - INFO - --------------------
17/10/2018 06:00:53 - salt_model_v42_deep_supervision_cv_run2 - INFO - Train IOU: 0.7536, Acc: 0.9330, Loss: [0.3065, 0.1483, 0.4548] at epoch 21
17/10/2018 06:01:19 - salt_model_v42_deep_supervision_cv_run2 - INFO - Val   IOU: 0.7539, Acc: 0.9423, Best Val IOU: 0.7567 at epoch 21
17/10/2018 06:01:19 - salt_model_v42_deep_supervision_cv_run2 - INFO - LR: [8.73e-05]
17/10/2018 06:01:19 - salt_model_v42_deep_supervision_cv_run2 - INFO - Epoch 22/150
17/10/2018 06:01:19 - salt_model_v42_deep_supervision_cv_run2 - INFO - --------------------
17/10/2018 06:01:19 - salt_model_v42_deep_supervision_cv_run2 - INFO - Pushing logs to git.
17/10/2018 06:05:48 - salt_model_v42_deep_supervision_cv_run2 - INFO - Train IOU: 0.7537, Acc: 0.9340, Loss: [0.3085, 0.1496, 0.4581] at epoch 22
17/10/2018 06:06:14 - salt_model_v42_deep_supervision_cv_run2 - INFO - Val   IOU: 0.7548, Acc: 0.9417, Best Val IOU: 0.7567 at epoch 22
17/10/2018 06:06:14 - salt_model_v42_deep_supervision_cv_run2 - INFO - LR: [8.67e-05]
17/10/2018 06:06:14 - salt_model_v42_deep_supervision_cv_run2 - INFO - Epoch 23/150
17/10/2018 06:06:14 - salt_model_v42_deep_supervision_cv_run2 - INFO - --------------------
17/10/2018 06:10:21 - salt_model_v42_deep_supervision_cv_run2 - INFO - Train IOU: 0.7603, Acc: 0.9383, Loss: [0.2995, 0.1454, 0.4449] at epoch 23
17/10/2018 06:10:50 - salt_model_v42_deep_supervision_cv_run2 - INFO - ['../salt_net/salt_model_v42_deep_supervision_cv_run2_2018_10_17_15_20_43.ckp-chunk-1-Of-10', '../salt_net/salt_model_v42_deep_supervision_cv_run2_2018_10_17_15_20_43.ckp-chunk-2-Of-10', '../salt_net/salt_model_v42_deep_supervision_cv_run2_2018_10_17_15_20_43.ckp-chunk-3-Of-10', '../salt_net/salt_model_v42_deep_supervision_cv_run2_2018_10_17_15_20_43.ckp-chunk-4-Of-10', '../salt_net/salt_model_v42_deep_supervision_cv_run2_2018_10_17_15_20_43.ckp-chunk-5-Of-10', '../salt_net/salt_model_v42_deep_supervision_cv_run2_2018_10_17_15_20_43.ckp-chunk-6-Of-10', '../salt_net/salt_model_v42_deep_supervision_cv_run2_2018_10_17_15_20_43.ckp-chunk-7-Of-10', '../salt_net/salt_model_v42_deep_supervision_cv_run2_2018_10_17_15_20_43.ckp-chunk-8-Of-10', '../salt_net/salt_model_v42_deep_supervision_cv_run2_2018_10_17_15_20_43.ckp-chunk-9-Of-10', '../salt_net/salt_model_v42_deep_supervision_cv_run2_2018_10_17_15_20_43.ckp-chunk-10-Of-10']
17/10/2018 06:10:50 - salt_model_v42_deep_supervision_cv_run2 - INFO - Best Val Mean IOU so far: 0.765
17/10/2018 06:10:50 - salt_model_v42_deep_supervision_cv_run2 - INFO - Val   IOU: 0.7650, Acc: 0.9459, Best Val IOU: 0.7650 at epoch 23
17/10/2018 06:10:50 - salt_model_v42_deep_supervision_cv_run2 - INFO - LR: [8.61e-05]
17/10/2018 06:10:50 - salt_model_v42_deep_supervision_cv_run2 - INFO - Epoch 24/150
17/10/2018 06:10:50 - salt_model_v42_deep_supervision_cv_run2 - INFO - --------------------
17/10/2018 06:10:50 - salt_model_v42_deep_supervision_cv_run2 - INFO - Pushing logs to git.
17/10/2018 06:15:18 - salt_model_v42_deep_supervision_cv_run2 - INFO - Train IOU: 0.7577, Acc: 0.9353, Loss: [0.305, 0.1468, 0.4518] at epoch 24
17/10/2018 06:15:47 - salt_model_v42_deep_supervision_cv_run2 - INFO - ['../salt_net/salt_model_v42_deep_supervision_cv_run2_2018_10_17_15_20_43.ckp-chunk-1-Of-10', '../salt_net/salt_model_v42_deep_supervision_cv_run2_2018_10_17_15_20_43.ckp-chunk-2-Of-10', '../salt_net/salt_model_v42_deep_supervision_cv_run2_2018_10_17_15_20_43.ckp-chunk-3-Of-10', '../salt_net/salt_model_v42_deep_supervision_cv_run2_2018_10_17_15_20_43.ckp-chunk-4-Of-10', '../salt_net/salt_model_v42_deep_supervision_cv_run2_2018_10_17_15_20_43.ckp-chunk-5-Of-10', '../salt_net/salt_model_v42_deep_supervision_cv_run2_2018_10_17_15_20_43.ckp-chunk-6-Of-10', '../salt_net/salt_model_v42_deep_supervision_cv_run2_2018_10_17_15_20_43.ckp-chunk-7-Of-10', '../salt_net/salt_model_v42_deep_supervision_cv_run2_2018_10_17_15_20_43.ckp-chunk-8-Of-10', '../salt_net/salt_model_v42_deep_supervision_cv_run2_2018_10_17_15_20_43.ckp-chunk-9-Of-10', '../salt_net/salt_model_v42_deep_supervision_cv_run2_2018_10_17_15_20_43.ckp-chunk-10-Of-10']
17/10/2018 06:15:47 - salt_model_v42_deep_supervision_cv_run2 - INFO - Best Val Mean IOU so far: 0.7681000000000001
17/10/2018 06:15:47 - salt_model_v42_deep_supervision_cv_run2 - INFO - Val   IOU: 0.7681, Acc: 0.9417, Best Val IOU: 0.7681 at epoch 24
17/10/2018 06:15:47 - salt_model_v42_deep_supervision_cv_run2 - INFO - LR: [8.55e-05]
17/10/2018 06:15:47 - salt_model_v42_deep_supervision_cv_run2 - INFO - Epoch 25/150
17/10/2018 06:15:47 - salt_model_v42_deep_supervision_cv_run2 - INFO - --------------------
17/10/2018 06:19:54 - salt_model_v42_deep_supervision_cv_run2 - INFO - Train IOU: 0.7578, Acc: 0.9359, Loss: [0.299, 0.1434, 0.4424] at epoch 25
17/10/2018 06:20:20 - salt_model_v42_deep_supervision_cv_run2 - INFO - Val   IOU: 0.7524, Acc: 0.9427, Best Val IOU: 0.7681 at epoch 25
17/10/2018 06:20:20 - salt_model_v42_deep_supervision_cv_run2 - INFO - LR: [8.49e-05]
17/10/2018 06:20:20 - salt_model_v42_deep_supervision_cv_run2 - INFO - Epoch 26/150
17/10/2018 06:20:20 - salt_model_v42_deep_supervision_cv_run2 - INFO - --------------------
17/10/2018 06:20:20 - salt_model_v42_deep_supervision_cv_run2 - INFO - Pushing logs to git.
17/10/2018 06:24:44 - salt_model_v42_deep_supervision_cv_run2 - INFO - Train IOU: 0.7701, Acc: 0.9376, Loss: [0.2964, 0.1377, 0.4341] at epoch 26
17/10/2018 06:25:09 - salt_model_v42_deep_supervision_cv_run2 - INFO - Val   IOU: 0.7594, Acc: 0.9481, Best Val IOU: 0.7681 at epoch 26
17/10/2018 06:25:09 - salt_model_v42_deep_supervision_cv_run2 - INFO - LR: [8.43e-05]
17/10/2018 06:25:09 - salt_model_v42_deep_supervision_cv_run2 - INFO - Epoch 27/150
17/10/2018 06:25:09 - salt_model_v42_deep_supervision_cv_run2 - INFO - --------------------
17/10/2018 06:29:17 - salt_model_v42_deep_supervision_cv_run2 - INFO - Train IOU: 0.7685, Acc: 0.9405, Loss: [0.2939, 0.1401, 0.4339] at epoch 27
17/10/2018 06:29:46 - salt_model_v42_deep_supervision_cv_run2 - INFO - ['../salt_net/salt_model_v42_deep_supervision_cv_run2_2018_10_17_15_20_43.ckp-chunk-1-Of-10', '../salt_net/salt_model_v42_deep_supervision_cv_run2_2018_10_17_15_20_43.ckp-chunk-2-Of-10', '../salt_net/salt_model_v42_deep_supervision_cv_run2_2018_10_17_15_20_43.ckp-chunk-3-Of-10', '../salt_net/salt_model_v42_deep_supervision_cv_run2_2018_10_17_15_20_43.ckp-chunk-4-Of-10', '../salt_net/salt_model_v42_deep_supervision_cv_run2_2018_10_17_15_20_43.ckp-chunk-5-Of-10', '../salt_net/salt_model_v42_deep_supervision_cv_run2_2018_10_17_15_20_43.ckp-chunk-6-Of-10', '../salt_net/salt_model_v42_deep_supervision_cv_run2_2018_10_17_15_20_43.ckp-chunk-7-Of-10', '../salt_net/salt_model_v42_deep_supervision_cv_run2_2018_10_17_15_20_43.ckp-chunk-8-Of-10', '../salt_net/salt_model_v42_deep_supervision_cv_run2_2018_10_17_15_20_43.ckp-chunk-9-Of-10', '../salt_net/salt_model_v42_deep_supervision_cv_run2_2018_10_17_15_20_43.ckp-chunk-10-Of-10']
17/10/2018 06:29:46 - salt_model_v42_deep_supervision_cv_run2 - INFO - Best Val Mean IOU so far: 0.7687
17/10/2018 06:29:46 - salt_model_v42_deep_supervision_cv_run2 - INFO - Val   IOU: 0.7687, Acc: 0.9446, Best Val IOU: 0.7687 at epoch 27
17/10/2018 06:29:46 - salt_model_v42_deep_supervision_cv_run2 - INFO - LR: [8.36e-05]
17/10/2018 06:29:46 - salt_model_v42_deep_supervision_cv_run2 - INFO - Epoch 28/150
17/10/2018 06:29:46 - salt_model_v42_deep_supervision_cv_run2 - INFO - --------------------
17/10/2018 06:29:46 - salt_model_v42_deep_supervision_cv_run2 - INFO - Pushing logs to git.
17/10/2018 06:35:24 - salt_model_v42_deep_supervision_cv_run2 - INFO - Train IOU: 0.7662, Acc: 0.9408, Loss: [0.2848, 0.1355, 0.4204] at epoch 28
17/10/2018 06:35:53 - salt_model_v42_deep_supervision_cv_run2 - INFO - ['../salt_net/salt_model_v42_deep_supervision_cv_run2_2018_10_17_15_20_43.ckp-chunk-1-Of-10', '../salt_net/salt_model_v42_deep_supervision_cv_run2_2018_10_17_15_20_43.ckp-chunk-2-Of-10', '../salt_net/salt_model_v42_deep_supervision_cv_run2_2018_10_17_15_20_43.ckp-chunk-3-Of-10', '../salt_net/salt_model_v42_deep_supervision_cv_run2_2018_10_17_15_20_43.ckp-chunk-4-Of-10', '../salt_net/salt_model_v42_deep_supervision_cv_run2_2018_10_17_15_20_43.ckp-chunk-5-Of-10', '../salt_net/salt_model_v42_deep_supervision_cv_run2_2018_10_17_15_20_43.ckp-chunk-6-Of-10', '../salt_net/salt_model_v42_deep_supervision_cv_run2_2018_10_17_15_20_43.ckp-chunk-7-Of-10', '../salt_net/salt_model_v42_deep_supervision_cv_run2_2018_10_17_15_20_43.ckp-chunk-8-Of-10', '../salt_net/salt_model_v42_deep_supervision_cv_run2_2018_10_17_15_20_43.ckp-chunk-9-Of-10', '../salt_net/salt_model_v42_deep_supervision_cv_run2_2018_10_17_15_20_43.ckp-chunk-10-Of-10']
17/10/2018 06:35:53 - salt_model_v42_deep_supervision_cv_run2 - INFO - Best Val Mean IOU so far: 0.7792
17/10/2018 06:35:53 - salt_model_v42_deep_supervision_cv_run2 - INFO - Val   IOU: 0.7792, Acc: 0.9475, Best Val IOU: 0.7792 at epoch 28
17/10/2018 06:35:53 - salt_model_v42_deep_supervision_cv_run2 - INFO - LR: [8.3e-05]
17/10/2018 06:35:53 - salt_model_v42_deep_supervision_cv_run2 - INFO - Epoch 29/150
17/10/2018 06:35:53 - salt_model_v42_deep_supervision_cv_run2 - INFO - --------------------
17/10/2018 06:40:00 - salt_model_v42_deep_supervision_cv_run2 - INFO - Train IOU: 0.7773, Acc: 0.9462, Loss: [0.281, 0.1355, 0.4165] at epoch 29
17/10/2018 06:40:26 - salt_model_v42_deep_supervision_cv_run2 - INFO - Val   IOU: 0.7702, Acc: 0.9528, Best Val IOU: 0.7792 at epoch 29
17/10/2018 06:40:26 - salt_model_v42_deep_supervision_cv_run2 - INFO - LR: [8.24e-05]
17/10/2018 06:40:26 - salt_model_v42_deep_supervision_cv_run2 - INFO - Epoch 30/150
17/10/2018 06:40:26 - salt_model_v42_deep_supervision_cv_run2 - INFO - --------------------
17/10/2018 06:40:26 - salt_model_v42_deep_supervision_cv_run2 - INFO - Pushing logs to git.
17/10/2018 06:46:04 - salt_model_v42_deep_supervision_cv_run2 - INFO - Train IOU: 0.7740, Acc: 0.9439, Loss: [0.2826, 0.1355, 0.4181] at epoch 30
17/10/2018 06:46:30 - salt_model_v42_deep_supervision_cv_run2 - INFO - Val   IOU: 0.7747, Acc: 0.9482, Best Val IOU: 0.7792 at epoch 30
17/10/2018 06:46:30 - salt_model_v42_deep_supervision_cv_run2 - INFO - LR: [8.18e-05]
17/10/2018 06:46:30 - salt_model_v42_deep_supervision_cv_run2 - INFO - Epoch 31/150
17/10/2018 06:46:30 - salt_model_v42_deep_supervision_cv_run2 - INFO - --------------------
17/10/2018 06:50:37 - salt_model_v42_deep_supervision_cv_run2 - INFO - Train IOU: 0.7702, Acc: 0.9382, Loss: [0.295, 0.1409, 0.4359] at epoch 31
17/10/2018 06:51:03 - salt_model_v42_deep_supervision_cv_run2 - INFO - Val   IOU: 0.7754, Acc: 0.9494, Best Val IOU: 0.7792 at epoch 31
17/10/2018 06:51:03 - salt_model_v42_deep_supervision_cv_run2 - INFO - LR: [8.12e-05]
17/10/2018 06:51:03 - salt_model_v42_deep_supervision_cv_run2 - INFO - Epoch 32/150
17/10/2018 06:51:03 - salt_model_v42_deep_supervision_cv_run2 - INFO - --------------------
17/10/2018 06:51:03 - salt_model_v42_deep_supervision_cv_run2 - INFO - Pushing logs to git.
17/10/2018 06:56:42 - salt_model_v42_deep_supervision_cv_run2 - INFO - Train IOU: 0.7691, Acc: 0.9381, Loss: [0.288, 0.1382, 0.4262] at epoch 32
17/10/2018 06:57:08 - salt_model_v42_deep_supervision_cv_run2 - INFO - Val   IOU: 0.7640, Acc: 0.9419, Best Val IOU: 0.7792 at epoch 32
17/10/2018 06:57:08 - salt_model_v42_deep_supervision_cv_run2 - INFO - LR: [8.06e-05]
17/10/2018 06:57:08 - salt_model_v42_deep_supervision_cv_run2 - INFO - Epoch 33/150
17/10/2018 06:57:08 - salt_model_v42_deep_supervision_cv_run2 - INFO - --------------------
17/10/2018 07:01:14 - salt_model_v42_deep_supervision_cv_run2 - INFO - Train IOU: 0.7690, Acc: 0.9394, Loss: [0.2833, 0.135, 0.4183] at epoch 33
17/10/2018 07:01:40 - salt_model_v42_deep_supervision_cv_run2 - INFO - Val   IOU: 0.7711, Acc: 0.9434, Best Val IOU: 0.7792 at epoch 33
17/10/2018 07:01:40 - salt_model_v42_deep_supervision_cv_run2 - INFO - LR: [8e-05]
17/10/2018 07:01:40 - salt_model_v42_deep_supervision_cv_run2 - INFO - Epoch 34/150
17/10/2018 07:01:40 - salt_model_v42_deep_supervision_cv_run2 - INFO - --------------------
17/10/2018 07:01:40 - salt_model_v42_deep_supervision_cv_run2 - INFO - Pushing logs to git.
17/10/2018 07:07:19 - salt_model_v42_deep_supervision_cv_run2 - INFO - Train IOU: 0.7766, Acc: 0.9453, Loss: [0.2831, 0.1369, 0.42] at epoch 34
17/10/2018 07:07:47 - salt_model_v42_deep_supervision_cv_run2 - INFO - ['../salt_net/salt_model_v42_deep_supervision_cv_run2_2018_10_17_15_20_43.ckp-chunk-1-Of-10', '../salt_net/salt_model_v42_deep_supervision_cv_run2_2018_10_17_15_20_43.ckp-chunk-2-Of-10', '../salt_net/salt_model_v42_deep_supervision_cv_run2_2018_10_17_15_20_43.ckp-chunk-3-Of-10', '../salt_net/salt_model_v42_deep_supervision_cv_run2_2018_10_17_15_20_43.ckp-chunk-4-Of-10', '../salt_net/salt_model_v42_deep_supervision_cv_run2_2018_10_17_15_20_43.ckp-chunk-5-Of-10', '../salt_net/salt_model_v42_deep_supervision_cv_run2_2018_10_17_15_20_43.ckp-chunk-6-Of-10', '../salt_net/salt_model_v42_deep_supervision_cv_run2_2018_10_17_15_20_43.ckp-chunk-7-Of-10', '../salt_net/salt_model_v42_deep_supervision_cv_run2_2018_10_17_15_20_43.ckp-chunk-8-Of-10', '../salt_net/salt_model_v42_deep_supervision_cv_run2_2018_10_17_15_20_43.ckp-chunk-9-Of-10', '../salt_net/salt_model_v42_deep_supervision_cv_run2_2018_10_17_15_20_43.ckp-chunk-10-Of-10']
17/10/2018 07:07:47 - salt_model_v42_deep_supervision_cv_run2 - INFO - Best Val Mean IOU so far: 0.7846
17/10/2018 07:07:47 - salt_model_v42_deep_supervision_cv_run2 - INFO - Val   IOU: 0.7846, Acc: 0.9519, Best Val IOU: 0.7846 at epoch 34
17/10/2018 07:07:47 - salt_model_v42_deep_supervision_cv_run2 - INFO - LR: [7.93e-05]
17/10/2018 07:07:47 - salt_model_v42_deep_supervision_cv_run2 - INFO - Epoch 35/150
17/10/2018 07:07:47 - salt_model_v42_deep_supervision_cv_run2 - INFO - --------------------
17/10/2018 07:11:54 - salt_model_v42_deep_supervision_cv_run2 - INFO - Train IOU: 0.7801, Acc: 0.9451, Loss: [0.2772, 0.13, 0.4072] at epoch 35
17/10/2018 07:12:22 - salt_model_v42_deep_supervision_cv_run2 - INFO - ['../salt_net/salt_model_v42_deep_supervision_cv_run2_2018_10_17_15_20_43.ckp-chunk-1-Of-10', '../salt_net/salt_model_v42_deep_supervision_cv_run2_2018_10_17_15_20_43.ckp-chunk-2-Of-10', '../salt_net/salt_model_v42_deep_supervision_cv_run2_2018_10_17_15_20_43.ckp-chunk-3-Of-10', '../salt_net/salt_model_v42_deep_supervision_cv_run2_2018_10_17_15_20_43.ckp-chunk-4-Of-10', '../salt_net/salt_model_v42_deep_supervision_cv_run2_2018_10_17_15_20_43.ckp-chunk-5-Of-10', '../salt_net/salt_model_v42_deep_supervision_cv_run2_2018_10_17_15_20_43.ckp-chunk-6-Of-10', '../salt_net/salt_model_v42_deep_supervision_cv_run2_2018_10_17_15_20_43.ckp-chunk-7-Of-10', '../salt_net/salt_model_v42_deep_supervision_cv_run2_2018_10_17_15_20_43.ckp-chunk-8-Of-10', '../salt_net/salt_model_v42_deep_supervision_cv_run2_2018_10_17_15_20_43.ckp-chunk-9-Of-10', '../salt_net/salt_model_v42_deep_supervision_cv_run2_2018_10_17_15_20_43.ckp-chunk-10-Of-10']
17/10/2018 07:12:22 - salt_model_v42_deep_supervision_cv_run2 - INFO - Best Val Mean IOU so far: 0.788
17/10/2018 07:12:22 - salt_model_v42_deep_supervision_cv_run2 - INFO - Val   IOU: 0.7880, Acc: 0.9500, Best Val IOU: 0.7880 at epoch 35
17/10/2018 07:12:22 - salt_model_v42_deep_supervision_cv_run2 - INFO - LR: [7.87e-05]
17/10/2018 07:12:22 - salt_model_v42_deep_supervision_cv_run2 - INFO - Epoch 36/150
17/10/2018 07:12:22 - salt_model_v42_deep_supervision_cv_run2 - INFO - --------------------
17/10/2018 07:12:22 - salt_model_v42_deep_supervision_cv_run2 - INFO - Pushing logs to git.
17/10/2018 07:18:01 - salt_model_v42_deep_supervision_cv_run2 - INFO - Train IOU: 0.7787, Acc: 0.9437, Loss: [0.2754, 0.1298, 0.4052] at epoch 36
17/10/2018 07:18:27 - salt_model_v42_deep_supervision_cv_run2 - INFO - Val   IOU: 0.7820, Acc: 0.9491, Best Val IOU: 0.7880 at epoch 36
17/10/2018 07:18:27 - salt_model_v42_deep_supervision_cv_run2 - INFO - LR: [7.81e-05]
17/10/2018 07:18:27 - salt_model_v42_deep_supervision_cv_run2 - INFO - Epoch 37/150
17/10/2018 07:18:27 - salt_model_v42_deep_supervision_cv_run2 - INFO - --------------------
17/10/2018 07:22:33 - salt_model_v42_deep_supervision_cv_run2 - INFO - Train IOU: 0.7825, Acc: 0.9432, Loss: [0.2805, 0.1299, 0.4104] at epoch 37
17/10/2018 07:22:59 - salt_model_v42_deep_supervision_cv_run2 - INFO - Val   IOU: 0.7748, Acc: 0.9489, Best Val IOU: 0.7880 at epoch 37
17/10/2018 07:22:59 - salt_model_v42_deep_supervision_cv_run2 - INFO - LR: [7.75e-05]
17/10/2018 07:22:59 - salt_model_v42_deep_supervision_cv_run2 - INFO - Epoch 38/150
17/10/2018 07:22:59 - salt_model_v42_deep_supervision_cv_run2 - INFO - --------------------
17/10/2018 07:22:59 - salt_model_v42_deep_supervision_cv_run2 - INFO - Pushing logs to git.
17/10/2018 07:28:37 - salt_model_v42_deep_supervision_cv_run2 - INFO - Train IOU: 0.7752, Acc: 0.9442, Loss: [0.2761, 0.1324, 0.4086] at epoch 38
17/10/2018 07:29:03 - salt_model_v42_deep_supervision_cv_run2 - INFO - Val   IOU: 0.7782, Acc: 0.9489, Best Val IOU: 0.7880 at epoch 38
17/10/2018 07:29:03 - salt_model_v42_deep_supervision_cv_run2 - INFO - LR: [7.69e-05]
17/10/2018 07:29:03 - salt_model_v42_deep_supervision_cv_run2 - INFO - Epoch 39/150
17/10/2018 07:29:03 - salt_model_v42_deep_supervision_cv_run2 - INFO - --------------------
17/10/2018 07:33:09 - salt_model_v42_deep_supervision_cv_run2 - INFO - Train IOU: 0.7825, Acc: 0.9460, Loss: [0.2727, 0.1273, 0.3999] at epoch 39
17/10/2018 07:33:35 - salt_model_v42_deep_supervision_cv_run2 - INFO - Val   IOU: 0.7734, Acc: 0.9475, Best Val IOU: 0.7880 at epoch 39
17/10/2018 07:33:35 - salt_model_v42_deep_supervision_cv_run2 - INFO - LR: [7.63e-05]
17/10/2018 07:33:35 - salt_model_v42_deep_supervision_cv_run2 - INFO - Epoch 40/150
17/10/2018 07:33:35 - salt_model_v42_deep_supervision_cv_run2 - INFO - --------------------
17/10/2018 07:33:35 - salt_model_v42_deep_supervision_cv_run2 - INFO - Pushing logs to git.
17/10/2018 07:39:13 - salt_model_v42_deep_supervision_cv_run2 - INFO - Train IOU: 0.7826, Acc: 0.9451, Loss: [0.2708, 0.1285, 0.3993] at epoch 40
17/10/2018 07:39:39 - salt_model_v42_deep_supervision_cv_run2 - INFO - Val   IOU: 0.7787, Acc: 0.9508, Best Val IOU: 0.7880 at epoch 40
17/10/2018 07:39:39 - salt_model_v42_deep_supervision_cv_run2 - INFO - Skip pushing model to git as there's no improvement
17/10/2018 07:39:39 - salt_model_v42_deep_supervision_cv_run2 - INFO - LR: [7.56e-05]
17/10/2018 07:39:39 - salt_model_v42_deep_supervision_cv_run2 - INFO - Epoch 41/150
17/10/2018 07:39:39 - salt_model_v42_deep_supervision_cv_run2 - INFO - --------------------
17/10/2018 07:43:46 - salt_model_v42_deep_supervision_cv_run2 - INFO - Train IOU: 0.7857, Acc: 0.9466, Loss: [0.2785, 0.1272, 0.4058] at epoch 41
17/10/2018 07:44:11 - salt_model_v42_deep_supervision_cv_run2 - INFO - Val   IOU: 0.7839, Acc: 0.9493, Best Val IOU: 0.7880 at epoch 41
17/10/2018 07:44:11 - salt_model_v42_deep_supervision_cv_run2 - INFO - LR: [7.5e-05]
17/10/2018 07:44:11 - salt_model_v42_deep_supervision_cv_run2 - INFO - Epoch 42/150
17/10/2018 07:44:11 - salt_model_v42_deep_supervision_cv_run2 - INFO - --------------------
17/10/2018 07:44:11 - salt_model_v42_deep_supervision_cv_run2 - INFO - Pushing logs to git.
17/10/2018 07:49:51 - salt_model_v42_deep_supervision_cv_run2 - INFO - Train IOU: 0.7846, Acc: 0.9474, Loss: [0.2719, 0.1301, 0.4021] at epoch 42
17/10/2018 07:50:17 - salt_model_v42_deep_supervision_cv_run2 - INFO - Val   IOU: 0.7817, Acc: 0.9470, Best Val IOU: 0.7880 at epoch 42
17/10/2018 07:50:17 - salt_model_v42_deep_supervision_cv_run2 - INFO - LR: [7.44e-05]
17/10/2018 07:50:17 - salt_model_v42_deep_supervision_cv_run2 - INFO - Epoch 43/150
17/10/2018 07:50:17 - salt_model_v42_deep_supervision_cv_run2 - INFO - --------------------
17/10/2018 07:54:23 - salt_model_v42_deep_supervision_cv_run2 - INFO - Train IOU: 0.7865, Acc: 0.9446, Loss: [0.2743, 0.1267, 0.401] at epoch 43
17/10/2018 07:54:52 - salt_model_v42_deep_supervision_cv_run2 - INFO - ['../salt_net/salt_model_v42_deep_supervision_cv_run2_2018_10_17_15_20_43.ckp-chunk-1-Of-10', '../salt_net/salt_model_v42_deep_supervision_cv_run2_2018_10_17_15_20_43.ckp-chunk-2-Of-10', '../salt_net/salt_model_v42_deep_supervision_cv_run2_2018_10_17_15_20_43.ckp-chunk-3-Of-10', '../salt_net/salt_model_v42_deep_supervision_cv_run2_2018_10_17_15_20_43.ckp-chunk-4-Of-10', '../salt_net/salt_model_v42_deep_supervision_cv_run2_2018_10_17_15_20_43.ckp-chunk-5-Of-10', '../salt_net/salt_model_v42_deep_supervision_cv_run2_2018_10_17_15_20_43.ckp-chunk-6-Of-10', '../salt_net/salt_model_v42_deep_supervision_cv_run2_2018_10_17_15_20_43.ckp-chunk-7-Of-10', '../salt_net/salt_model_v42_deep_supervision_cv_run2_2018_10_17_15_20_43.ckp-chunk-8-Of-10', '../salt_net/salt_model_v42_deep_supervision_cv_run2_2018_10_17_15_20_43.ckp-chunk-9-Of-10', '../salt_net/salt_model_v42_deep_supervision_cv_run2_2018_10_17_15_20_43.ckp-chunk-10-Of-10']
17/10/2018 07:54:52 - salt_model_v42_deep_supervision_cv_run2 - INFO - Best Val Mean IOU so far: 0.7895999999999999
17/10/2018 07:54:52 - salt_model_v42_deep_supervision_cv_run2 - INFO - Val   IOU: 0.7896, Acc: 0.9529, Best Val IOU: 0.7896 at epoch 43
17/10/2018 07:54:52 - salt_model_v42_deep_supervision_cv_run2 - INFO - LR: [7.38e-05]
17/10/2018 07:54:52 - salt_model_v42_deep_supervision_cv_run2 - INFO - Epoch 44/150
17/10/2018 07:54:52 - salt_model_v42_deep_supervision_cv_run2 - INFO - --------------------
17/10/2018 07:54:52 - salt_model_v42_deep_supervision_cv_run2 - INFO - Pushing logs to git.
17/10/2018 08:00:31 - salt_model_v42_deep_supervision_cv_run2 - INFO - Train IOU: 0.7905, Acc: 0.9489, Loss: [0.264, 0.1218, 0.3858] at epoch 44
17/10/2018 08:00:59 - salt_model_v42_deep_supervision_cv_run2 - INFO - ['../salt_net/salt_model_v42_deep_supervision_cv_run2_2018_10_17_15_20_43.ckp-chunk-1-Of-10', '../salt_net/salt_model_v42_deep_supervision_cv_run2_2018_10_17_15_20_43.ckp-chunk-2-Of-10', '../salt_net/salt_model_v42_deep_supervision_cv_run2_2018_10_17_15_20_43.ckp-chunk-3-Of-10', '../salt_net/salt_model_v42_deep_supervision_cv_run2_2018_10_17_15_20_43.ckp-chunk-4-Of-10', '../salt_net/salt_model_v42_deep_supervision_cv_run2_2018_10_17_15_20_43.ckp-chunk-5-Of-10', '../salt_net/salt_model_v42_deep_supervision_cv_run2_2018_10_17_15_20_43.ckp-chunk-6-Of-10', '../salt_net/salt_model_v42_deep_supervision_cv_run2_2018_10_17_15_20_43.ckp-chunk-7-Of-10', '../salt_net/salt_model_v42_deep_supervision_cv_run2_2018_10_17_15_20_43.ckp-chunk-8-Of-10', '../salt_net/salt_model_v42_deep_supervision_cv_run2_2018_10_17_15_20_43.ckp-chunk-9-Of-10', '../salt_net/salt_model_v42_deep_supervision_cv_run2_2018_10_17_15_20_43.ckp-chunk-10-Of-10']
17/10/2018 08:00:59 - salt_model_v42_deep_supervision_cv_run2 - INFO - Best Val Mean IOU so far: 0.7896
17/10/2018 08:00:59 - salt_model_v42_deep_supervision_cv_run2 - INFO - Val   IOU: 0.7896, Acc: 0.9504, Best Val IOU: 0.7896 at epoch 44
17/10/2018 08:00:59 - salt_model_v42_deep_supervision_cv_run2 - INFO - LR: [7.32e-05]
17/10/2018 08:00:59 - salt_model_v42_deep_supervision_cv_run2 - INFO - Epoch 45/150
17/10/2018 08:00:59 - salt_model_v42_deep_supervision_cv_run2 - INFO - --------------------
17/10/2018 08:05:06 - salt_model_v42_deep_supervision_cv_run2 - INFO - Train IOU: 0.7930, Acc: 0.9477, Loss: [0.2672, 0.1227, 0.3899] at epoch 45
17/10/2018 08:05:32 - salt_model_v42_deep_supervision_cv_run2 - INFO - Val   IOU: 0.7867, Acc: 0.9503, Best Val IOU: 0.7896 at epoch 45
17/10/2018 08:05:32 - salt_model_v42_deep_supervision_cv_run2 - INFO - LR: [7.25e-05]
17/10/2018 08:05:32 - salt_model_v42_deep_supervision_cv_run2 - INFO - Epoch 46/150
17/10/2018 08:05:32 - salt_model_v42_deep_supervision_cv_run2 - INFO - --------------------
17/10/2018 08:05:32 - salt_model_v42_deep_supervision_cv_run2 - INFO - Pushing logs to git.
